
CommandNotFoundError: Your shell has not been properly configured to use 'conda activate'.
To initialize your shell, run

    $ conda init <SHELL_NAME>

Currently supported shells are:
  - bash
  - fish
  - tcsh
  - xonsh
  - zsh
  - powershell

See 'conda init --help' for more information and options.

IMPORTANT: You may need to close and restart your shell after running 'conda init'.


////////////////////////////////////////////
Iteration 1/120 for phenotype ep_res finished
Lambda tested : 28050.0
Elapsed time from start: 0d 0h 1m 39s
Results:
    - MAE : 1.2510031138026998
    - Correlation : 0.47031373578278285
////////////////////////////////////////////
Iteration 2/120 for phenotype ep_res finished
Lambda tested : 28100.0
Elapsed time from start: 0d 0h 3m 18s
Results:
    - MAE : 1.2509515480840459
    - Correlation : 0.4703385119382926
////////////////////////////////////////////
Iteration 3/120 for phenotype ep_res finished
Lambda tested : 28150.0
Elapsed time from start: 0d 0h 4m 57s
Results:
    - MAE : 1.2509000645556294
    - Correlation : 0.47036318633545526
////////////////////////////////////////////
Iteration 4/120 for phenotype ep_res finished
Lambda tested : 28200.0
Elapsed time from start: 0d 0h 6m 36s
Results:
    - MAE : 1.2508486629814435
    - Correlation : 0.4703877593917261
////////////////////////////////////////////
Iteration 5/120 for phenotype ep_res finished
Lambda tested : 28250.0
Elapsed time from start: 0d 0h 8m 16s
Results:
    - MAE : 1.2507973431264745
    - Correlation : 0.4704122315222859
////////////////////////////////////////////
Iteration 6/120 for phenotype ep_res finished
Lambda tested : 28300.0
Elapsed time from start: 0d 0h 9m 55s
Results:
    - MAE : 1.2507461047566952
    - Correlation : 0.47043660314005775
////////////////////////////////////////////
Iteration 7/120 for phenotype ep_res finished
Lambda tested : 28350.0
Elapsed time from start: 0d 0h 11m 35s
Results:
    - MAE : 1.250694947639061
    - Correlation : 0.4704608746557223
////////////////////////////////////////////
Iteration 8/120 for phenotype ep_res finished
Lambda tested : 28400.0
Elapsed time from start: 0d 0h 13m 14s
Results:
    - MAE : 1.2506444977443167
    - Correlation : 0.4704850464777341
////////////////////////////////////////////
Iteration 9/120 for phenotype ep_res finished
Lambda tested : 28450.0
Elapsed time from start: 0d 0h 14m 54s
Results:
    - MAE : 1.2505955015846681
    - Correlation : 0.4705091190123369
////////////////////////////////////////////
Iteration 10/120 for phenotype ep_res finished
Lambda tested : 28500.0
Elapsed time from start: 0d 0h 16m 34s
Results:
    - MAE : 1.2505465835457266
    - Correlation : 0.4705330926635791
////////////////////////////////////////////
Iteration 11/120 for phenotype ep_res finished
Lambda tested : 28550.0
Elapsed time from start: 0d 0h 18m 13s
Results:
    - MAE : 1.2504977434019036
    - Correlation : 0.4705569678333296
////////////////////////////////////////////
Iteration 12/120 for phenotype ep_res finished
Lambda tested : 28600.0
Elapsed time from start: 0d 0h 19m 53s
Results:
    - MAE : 1.250448980928568
    - Correlation : 0.4705807449212922
////////////////////////////////////////////
Iteration 13/120 for phenotype ep_res finished
Lambda tested : 28650.0
Elapsed time from start: 0d 0h 21m 33s
Results:
    - MAE : 1.2504010165764134
    - Correlation : 0.4706044243250215
////////////////////////////////////////////
Iteration 14/120 for phenotype ep_res finished
Lambda tested : 28700.0
Elapsed time from start: 0d 0h 23m 11s
Results:
    - MAE : 1.2503537686187776
    - Correlation : 0.4706280064399377
////////////////////////////////////////////
Iteration 15/120 for phenotype ep_res finished
Lambda tested : 28750.0
Elapsed time from start: 0d 0h 24m 50s
Results:
    - MAE : 1.2503065970233174
    - Correlation : 0.4706514916593407
////////////////////////////////////////////
Iteration 16/120 for phenotype ep_res finished
Lambda tested : 28800.0
Elapsed time from start: 0d 0h 26m 29s
Results:
    - MAE : 1.250259501566697
    - Correlation : 0.4706748803744257
////////////////////////////////////////////
Iteration 17/120 for phenotype ep_res finished
Lambda tested : 28850.0
Elapsed time from start: 0d 0h 28m 8s
Results:
    - MAE : 1.2502124820265406
    - Correlation : 0.4706981729742979
////////////////////////////////////////////
Iteration 18/120 for phenotype ep_res finished
Lambda tested : 28900.0
Elapsed time from start: 0d 0h 29m 46s
Results:
    - MAE : 1.2501655381814245
    - Correlation : 0.4707213698459859
////////////////////////////////////////////
Iteration 19/120 for phenotype ep_res finished
Lambda tested : 28950.0
Elapsed time from start: 0d 0h 31m 25s
Results:
    - MAE : 1.2501186698108742
    - Correlation : 0.4707444713744569
////////////////////////////////////////////
Iteration 20/120 for phenotype ep_res finished
Lambda tested : 29000.0
Elapsed time from start: 0d 0h 33m 4s
Results:
    - MAE : 1.2500718766953574
    - Correlation : 0.47076747794263074
////////////////////////////////////////////
Iteration 21/120 for phenotype ep_res finished
Lambda tested : 29050.0
Elapsed time from start: 0d 0h 34m 43s
Results:
    - MAE : 1.2500251586162798
    - Correlation : 0.47079038993139394
////////////////////////////////////////////
Iteration 22/120 for phenotype ep_res finished
Lambda tested : 29100.0
Elapsed time from start: 0d 0h 36m 22s
Results:
    - MAE : 1.2499788974758057
    - Correlation : 0.47081320771961344
////////////////////////////////////////////
Iteration 23/120 for phenotype ep_res finished
Lambda tested : 29150.0
Elapsed time from start: 0d 0h 38m 0s
Results:
    - MAE : 1.249932889019112
    - Correlation : 0.47083593168415105
////////////////////////////////////////////
Iteration 24/120 for phenotype ep_res finished
Lambda tested : 29200.0
Elapsed time from start: 0d 0h 39m 39s
Results:
    - MAE : 1.2498869534486405
    - Correlation : 0.4708585621998764
////////////////////////////////////////////
Iteration 25/120 for phenotype ep_res finished
Lambda tested : 29250.0
Elapsed time from start: 0d 0h 41m 19s
Results:
    - MAE : 1.2498410905563395
    - Correlation : 0.47088109963968106
////////////////////////////////////////////
Iteration 26/120 for phenotype ep_res finished
Lambda tested : 29300.0
Elapsed time from start: 0d 0h 42m 58s
Results:
    - MAE : 1.249795300135023
    - Correlation : 0.47090354437449183
////////////////////////////////////////////
Iteration 27/120 for phenotype ep_res finished
Lambda tested : 29350.0
Elapsed time from start: 0d 0h 44m 37s
Results:
    - MAE : 1.24974958197837
    - Correlation : 0.4709258967732844
////////////////////////////////////////////
Iteration 28/120 for phenotype ep_res finished
Lambda tested : 29400.0
Elapsed time from start: 0d 0h 46m 16s
Results:
    - MAE : 1.2497053476942384
    - Correlation : 0.4709481572030968
////////////////////////////////////////////
Iteration 29/120 for phenotype ep_res finished
Lambda tested : 29450.0
Elapsed time from start: 0d 0h 47m 55s
Results:
    - MAE : 1.2496614733301794
    - Correlation : 0.47097032602904115
////////////////////////////////////////////
Iteration 30/120 for phenotype ep_res finished
Lambda tested : 29500.0
Elapsed time from start: 0d 0h 49m 34s
Results:
    - MAE : 1.2496176669788615
    - Correlation : 0.4709924036143186
////////////////////////////////////////////
Iteration 31/120 for phenotype ep_res finished
Lambda tested : 29550.0
Elapsed time from start: 0d 0h 51m 12s
Results:
    - MAE : 1.2495739284499388
    - Correlation : 0.4710143903202313
////////////////////////////////////////////
Iteration 32/120 for phenotype ep_res finished
Lambda tested : 29600.0
Elapsed time from start: 0d 0h 52m 51s
Results:
    - MAE : 1.2495302575538403
    - Correlation : 0.4710362865061951
////////////////////////////////////////////
Iteration 33/120 for phenotype ep_res finished
Lambda tested : 29650.0
Elapsed time from start: 0d 0h 54m 29s
Results:
    - MAE : 1.249486654101769
    - Correlation : 0.47105809252975267
////////////////////////////////////////////
Iteration 34/120 for phenotype ep_res finished
Lambda tested : 29700.0
Elapsed time from start: 0d 0h 56m 8s
Results:
    - MAE : 1.2494439030649533
    - Correlation : 0.4710798087465857
////////////////////////////////////////////
Iteration 35/120 for phenotype ep_res finished
Lambda tested : 29750.0
Elapsed time from start: 0d 0h 57m 46s
Results:
    - MAE : 1.2494013892176081
    - Correlation : 0.4711014355105283
////////////////////////////////////////////
Iteration 36/120 for phenotype ep_res finished
Lambda tested : 29800.0
Elapsed time from start: 0d 0h 59m 30s
Results:
    - MAE : 1.24935893992708
    - Correlation : 0.47112297317357804
////////////////////////////////////////////
Iteration 37/120 for phenotype ep_res finished
Lambda tested : 29850.0
Elapsed time from start: 0d 1h 1m 21s
Results:
    - MAE : 1.2493165550171734
    - Correlation : 0.47114442208590956
////////////////////////////////////////////
Iteration 38/120 for phenotype ep_res finished
Lambda tested : 29900.0
Elapsed time from start: 0d 1h 3m 11s
Results:
    - MAE : 1.249274234312391
    - Correlation : 0.47116578259588565
////////////////////////////////////////////
Iteration 39/120 for phenotype ep_res finished
Lambda tested : 29950.0
Elapsed time from start: 0d 1h 5m 2s
Results:
    - MAE : 1.249231977637929
    - Correlation : 0.4711870550500704
////////////////////////////////////////////
Iteration 40/120 for phenotype ep_res finished
Lambda tested : 30000.0
Elapsed time from start: 0d 1h 6m 52s
Results:
    - MAE : 1.2491897848196745
    - Correlation : 0.47120823979324034
////////////////////////////////////////////
Iteration 41/120 for phenotype ep_res finished
Lambda tested : 30050.0
Elapsed time from start: 0d 1h 8m 39s
Results:
    - MAE : 1.2491476556842007
    - Correlation : 0.4712293371683968
////////////////////////////////////////////
Iteration 42/120 for phenotype ep_res finished
Lambda tested : 30100.0
Elapsed time from start: 0d 1h 10m 18s
Results:
    - MAE : 1.2491061191709196
    - Correlation : 0.47125034751677763
////////////////////////////////////////////
Iteration 43/120 for phenotype ep_res finished
Lambda tested : 30150.0
Elapsed time from start: 0d 1h 11m 57s
Results:
    - MAE : 1.2490646830389944
    - Correlation : 0.4712712711778687
////////////////////////////////////////////
Iteration 44/120 for phenotype ep_res finished
Lambda tested : 30200.0
Elapsed time from start: 0d 1h 13m 36s
Results:
    - MAE : 1.249024158105798
    - Correlation : 0.4712921084894159
////////////////////////////////////////////
Iteration 45/120 for phenotype ep_res finished
Lambda tested : 30250.0
Elapsed time from start: 0d 1h 15m 15s
Results:
    - MAE : 1.2489848674041901
    - Correlation : 0.4713128597874363
////////////////////////////////////////////
Iteration 46/120 for phenotype ep_res finished
Lambda tested : 30300.0
Elapsed time from start: 0d 1h 16m 54s
Results:
    - MAE : 1.248946334439599
    - Correlation : 0.47133352540622964
////////////////////////////////////////////
Iteration 47/120 for phenotype ep_res finished
Lambda tested : 30350.0
Elapsed time from start: 0d 1h 18m 32s
Results:
    - MAE : 1.2489078584743165
    - Correlation : 0.47135410567838965
////////////////////////////////////////////
Iteration 48/120 for phenotype ep_res finished
Lambda tested : 30400.0
Elapsed time from start: 0d 1h 20m 11s
Results:
    - MAE : 1.248869439358149
    - Correlation : 0.47137460093481537
////////////////////////////////////////////
Iteration 49/120 for phenotype ep_res finished
Lambda tested : 30450.0
Elapsed time from start: 0d 1h 21m 50s
Results:
    - MAE : 1.2488310769414726
    - Correlation : 0.47139501150472246
////////////////////////////////////////////
Iteration 50/120 for phenotype ep_res finished
Lambda tested : 30500.0
Elapsed time from start: 0d 1h 23m 29s
Results:
    - MAE : 1.2487927710752282
    - Correlation : 0.4714153377156536
////////////////////////////////////////////
Iteration 51/120 for phenotype ep_res finished
Lambda tested : 30550.0
Elapsed time from start: 0d 1h 25m 8s
Results:
    - MAE : 1.248754689116314
    - Correlation : 0.4714355798934902
////////////////////////////////////////////
Iteration 52/120 for phenotype ep_res finished
Lambda tested : 30600.0
Elapsed time from start: 0d 1h 26m 47s
Results:
    - MAE : 1.2487166931317957
    - Correlation : 0.4714557383624629
////////////////////////////////////////////
Iteration 53/120 for phenotype ep_res finished
Lambda tested : 30650.0
Elapsed time from start: 0d 1h 28m 26s
Results:
    - MAE : 1.2486787523288487
    - Correlation : 0.4714758134451622
////////////////////////////////////////////
Iteration 54/120 for phenotype ep_res finished
Lambda tested : 30700.0
Elapsed time from start: 0d 1h 30m 5s
Results:
    - MAE : 1.2486408665660174
    - Correlation : 0.47149580546254927
////////////////////////////////////////////
Iteration 55/120 for phenotype ep_res finished
Lambda tested : 30750.0
Elapsed time from start: 0d 1h 31m 44s
Results:
    - MAE : 1.24860303570236
    - Correlation : 0.47151571473396714
////////////////////////////////////////////
Iteration 56/120 for phenotype ep_res finished
Lambda tested : 30800.0
Elapsed time from start: 0d 1h 33m 23s
Results:
    - MAE : 1.2485652595974508
    - Correlation : 0.47153554157715016
////////////////////////////////////////////
Iteration 57/120 for phenotype ep_res finished
Lambda tested : 30850.0
Elapsed time from start: 0d 1h 35m 2s
Results:
    - MAE : 1.2485275381113743
    - Correlation : 0.4715552863082353
////////////////////////////////////////////
Iteration 58/120 for phenotype ep_res finished
Lambda tested : 30900.0
Elapsed time from start: 0d 1h 36m 47s
Results:
    - MAE : 1.2484898711047248
    - Correlation : 0.47157494924177207
////////////////////////////////////////////
Iteration 59/120 for phenotype ep_res finished
Lambda tested : 30950.0
Elapsed time from start: 0d 1h 38m 38s
Results:
    - MAE : 1.248452258438602
    - Correlation : 0.47159453069073237
////////////////////////////////////////////
Iteration 60/120 for phenotype ep_res finished
Lambda tested : 31000.0
Elapsed time from start: 0d 1h 40m 29s
Results:
    - MAE : 1.2484146999746124
    - Correlation : 0.47161403096652244
////////////////////////////////////////////
Iteration 61/120 for phenotype ep_res finished
Lambda tested : 31050.0
Elapsed time from start: 0d 1h 42m 20s
Results:
    - MAE : 1.248377195574863
    - Correlation : 0.4716334503789905
////////////////////////////////////////////
Iteration 62/120 for phenotype ep_res finished
Lambda tested : 31100.0
Elapsed time from start: 0d 1h 44m 11s
Results:
    - MAE : 1.2483397451019609
    - Correlation : 0.4716527892364388
////////////////////////////////////////////
Iteration 63/120 for phenotype ep_res finished
Lambda tested : 31150.0
Elapsed time from start: 0d 1h 45m 57s
Results:
    - MAE : 1.2483023484190117
    - Correlation : 0.4716720478456319
////////////////////////////////////////////
Iteration 64/120 for phenotype ep_res finished
Lambda tested : 31200.0
Elapsed time from start: 0d 1h 47m 38s
Results:
    - MAE : 1.2482654525986336
    - Correlation : 0.47169122651180845
////////////////////////////////////////////
Iteration 65/120 for phenotype ep_res finished
Lambda tested : 31250.0
Elapsed time from start: 0d 1h 49m 18s
Results:
    - MAE : 1.2482287389681077
    - Correlation : 0.471710325538689
////////////////////////////////////////////
Iteration 66/120 for phenotype ep_res finished
Lambda tested : 31300.0
Elapsed time from start: 0d 1h 50m 59s
Results:
    - MAE : 1.2481920773812256
    - Correlation : 0.4717293452284876
////////////////////////////////////////////
Iteration 67/120 for phenotype ep_res finished
Lambda tested : 31350.0
Elapsed time from start: 0d 1h 52m 40s
Results:
    - MAE : 1.2481554677081588
    - Correlation : 0.4717482858819189
////////////////////////////////////////////
Iteration 68/120 for phenotype ep_res finished
Lambda tested : 31400.0
Elapsed time from start: 0d 1h 54m 21s
Results:
    - MAE : 1.2481189098195375
    - Correlation : 0.47176714779821116
////////////////////////////////////////////
Iteration 69/120 for phenotype ep_res finished
Lambda tested : 31450.0
Elapsed time from start: 0d 1h 56m 1s
Results:
    - MAE : 1.2480824035864486
    - Correlation : 0.4717859312751124
////////////////////////////////////////////
Iteration 70/120 for phenotype ep_res finished
Lambda tested : 31500.0
Elapsed time from start: 0d 1h 57m 42s
Results:
    - MAE : 1.2480459488804345
    - Correlation : 0.4718046366089014
////////////////////////////////////////////
Iteration 71/120 for phenotype ep_res finished
Lambda tested : 31550.0
Elapsed time from start: 0d 1h 59m 29s
Results:
    - MAE : 1.2480095455734894
    - Correlation : 0.47182326409439773
////////////////////////////////////////////
Iteration 72/120 for phenotype ep_res finished
Lambda tested : 31600.0
Elapsed time from start: 0d 2h 1m 20s
Results:
    - MAE : 1.2479731935380596
    - Correlation : 0.47184181402496933
////////////////////////////////////////////
Iteration 73/120 for phenotype ep_res finished
Lambda tested : 31650.0
Elapsed time from start: 0d 2h 3m 11s
Results:
    - MAE : 1.2479368926470398
    - Correlation : 0.4718602866925426
////////////////////////////////////////////
Iteration 74/120 for phenotype ep_res finished
Lambda tested : 31700.0
Elapsed time from start: 0d 2h 5m 2s
Results:
    - MAE : 1.2479006427737718
    - Correlation : 0.4718786823876113
////////////////////////////////////////////
Iteration 75/120 for phenotype ep_res finished
Lambda tested : 31750.0
Elapsed time from start: 0d 2h 6m 52s
Results:
    - MAE : 1.2478644437920423
    - Correlation : 0.47189700139924634
////////////////////////////////////////////
Iteration 76/120 for phenotype ep_res finished
Lambda tested : 31800.0
Elapsed time from start: 0d 2h 8m 37s
Results:
    - MAE : 1.2478282955760807
    - Correlation : 0.47191524401510354
////////////////////////////////////////////
Iteration 77/120 for phenotype ep_res finished
Lambda tested : 31850.0
Elapsed time from start: 0d 2h 10m 23s
Results:
    - MAE : 1.2477921980005582
    - Correlation : 0.47193341052143295
////////////////////////////////////////////
Iteration 78/120 for phenotype ep_res finished
Lambda tested : 31900.0
Elapsed time from start: 0d 2h 12m 13s
Results:
    - MAE : 1.2477561509405843
    - Correlation : 0.4719515012030884
////////////////////////////////////////////
Iteration 79/120 for phenotype ep_res finished
Lambda tested : 31950.0
Elapsed time from start: 0d 2h 14m 3s
Results:
    - MAE : 1.2477201542717067
    - Correlation : 0.47196951634353534
////////////////////////////////////////////
Iteration 80/120 for phenotype ep_res finished
Lambda tested : 32000.0
Elapsed time from start: 0d 2h 15m 54s
Results:
    - MAE : 1.2476842078699077
    - Correlation : 0.47198745622485955
////////////////////////////////////////////
Iteration 81/120 for phenotype ep_res finished
Lambda tested : 32050.0
Elapsed time from start: 0d 2h 17m 45s
Results:
    - MAE : 1.2476483116116037
    - Correlation : 0.47200532112777666
////////////////////////////////////////////
Iteration 82/120 for phenotype ep_res finished
Lambda tested : 32100.0
Elapsed time from start: 0d 2h 19m 30s
Results:
    - MAE : 1.247612465373642
    - Correlation : 0.4720231113316398
////////////////////////////////////////////
Iteration 83/120 for phenotype ep_res finished
Lambda tested : 32150.0
Elapsed time from start: 0d 2h 21m 10s
Results:
    - MAE : 1.2475766690332994
    - Correlation : 0.47204082711444856
////////////////////////////////////////////
Iteration 84/120 for phenotype ep_res finished
Lambda tested : 32200.0
Elapsed time from start: 0d 2h 22m 49s
Results:
    - MAE : 1.2475409224682812
    - Correlation : 0.47205846875285706
////////////////////////////////////////////
Iteration 85/120 for phenotype ep_res finished
Lambda tested : 32250.0
Elapsed time from start: 0d 2h 24m 29s
Results:
    - MAE : 1.247505225556718
    - Correlation : 0.47207603652218305
////////////////////////////////////////////
Iteration 86/120 for phenotype ep_res finished
Lambda tested : 32300.0
Elapsed time from start: 0d 2h 26m 8s
Results:
    - MAE : 1.247469578177164
    - Correlation : 0.47209353069641513
////////////////////////////////////////////
Iteration 87/120 for phenotype ep_res finished
Lambda tested : 32350.0
Elapsed time from start: 0d 2h 27m 48s
Results:
    - MAE : 1.2474339802085974
    - Correlation : 0.47211095154822175
////////////////////////////////////////////
Iteration 88/120 for phenotype ep_res finished
Lambda tested : 32400.0
Elapsed time from start: 0d 2h 29m 28s
Results:
    - MAE : 1.2473984315304143
    - Correlation : 0.4721282993489593
////////////////////////////////////////////
Iteration 89/120 for phenotype ep_res finished
Lambda tested : 32450.0
Elapsed time from start: 0d 2h 31m 8s
Results:
    - MAE : 1.247362932022431
    - Correlation : 0.47214557436868
////////////////////////////////////////////
Iteration 90/120 for phenotype ep_res finished
Lambda tested : 32500.0
Elapsed time from start: 0d 2h 32m 47s
Results:
    - MAE : 1.24732748156488
    - Correlation : 0.4721627768761396
////////////////////////////////////////////
Iteration 91/120 for phenotype ep_res finished
Lambda tested : 32550.0
Elapsed time from start: 0d 2h 34m 27s
Results:
    - MAE : 1.247292080038409
    - Correlation : 0.47217990713880686
////////////////////////////////////////////
Iteration 92/120 for phenotype ep_res finished
Lambda tested : 32600.0
Elapsed time from start: 0d 2h 36m 6s
Results:
    - MAE : 1.2472567273240776
    - Correlation : 0.47219696542286915
////////////////////////////////////////////
Iteration 93/120 for phenotype ep_res finished
Lambda tested : 32650.0
Elapsed time from start: 0d 2h 37m 45s
Results:
    - MAE : 1.247221423303358
    - Correlation : 0.47221395199324245
////////////////////////////////////////////
Iteration 94/120 for phenotype ep_res finished
Lambda tested : 32700.0
Elapsed time from start: 0d 2h 39m 24s
Results:
    - MAE : 1.2471861678581313
    - Correlation : 0.47223086711357787
////////////////////////////////////////////
Iteration 95/120 for phenotype ep_res finished
Lambda tested : 32750.0
Elapsed time from start: 0d 2h 41m 3s
Results:
    - MAE : 1.247150960870686
    - Correlation : 0.47224771104627017
////////////////////////////////////////////
Iteration 96/120 for phenotype ep_res finished
Lambda tested : 32800.0
Elapsed time from start: 0d 2h 42m 43s
Results:
    - MAE : 1.247115802223717
    - Correlation : 0.4722644840524645
////////////////////////////////////////////
Iteration 97/120 for phenotype ep_res finished
Lambda tested : 32850.0
Elapsed time from start: 0d 2h 44m 22s
Results:
    - MAE : 1.2470806918003237
    - Correlation : 0.47228118639206534
////////////////////////////////////////////
Iteration 98/120 for phenotype ep_res finished
Lambda tested : 32900.0
Elapsed time from start: 0d 2h 46m 1s
Results:
    - MAE : 1.2470456294840069
    - Correlation : 0.47229781832374257
////////////////////////////////////////////
Iteration 99/120 for phenotype ep_res finished
Lambda tested : 32950.0
Elapsed time from start: 0d 2h 47m 41s
Results:
    - MAE : 1.2470106151586688
    - Correlation : 0.47231438010494026
////////////////////////////////////////////
Iteration 100/120 for phenotype ep_res finished
Lambda tested : 33000.0
Elapsed time from start: 0d 2h 49m 32s
Results:
    - MAE : 1.2469756487086106
    - Correlation : 0.4723308719918834
////////////////////////////////////////////
Iteration 101/120 for phenotype ep_res finished
Lambda tested : 33050.0
Elapsed time from start: 0d 2h 51m 22s
Results:
    - MAE : 1.24694073001853
    - Correlation : 0.47234729423958544
////////////////////////////////////////////
Iteration 102/120 for phenotype ep_res finished
Lambda tested : 33100.0
Elapsed time from start: 0d 2h 53m 13s
Results:
    - MAE : 1.246905858973521
    - Correlation : 0.47236364710185597
////////////////////////////////////////////
Iteration 103/120 for phenotype ep_res finished
Lambda tested : 33150.0
Elapsed time from start: 0d 2h 55m 3s
Results:
    - MAE : 1.2468710354590713
    - Correlation : 0.47237993083130725
////////////////////////////////////////////
Iteration 104/120 for phenotype ep_res finished
Lambda tested : 33200.0
Elapsed time from start: 0d 2h 56m 53s
Results:
    - MAE : 1.2468362593610596
    - Correlation : 0.47239614567936267
////////////////////////////////////////////
Iteration 105/120 for phenotype ep_res finished
Lambda tested : 33250.0
Elapsed time from start: 0d 2h 58m 32s
Results:
    - MAE : 1.2468015305657563
    - Correlation : 0.4724122918962623
////////////////////////////////////////////
Iteration 106/120 for phenotype ep_res finished
Lambda tested : 33300.0
Elapsed time from start: 0d 3h 0m 12s
Results:
    - MAE : 1.2467668489598207
    - Correlation : 0.4724283697310718
////////////////////////////////////////////
Iteration 107/120 for phenotype ep_res finished
Lambda tested : 33350.0
Elapsed time from start: 0d 3h 1m 51s
Results:
    - MAE : 1.2467322144302975
    - Correlation : 0.47244437943168766
////////////////////////////////////////////
Iteration 108/120 for phenotype ep_res finished
Lambda tested : 33400.0
Elapsed time from start: 0d 3h 3m 30s
Results:
    - MAE : 1.2466976268646182
    - Correlation : 0.47246032124484627
////////////////////////////////////////////
Iteration 109/120 for phenotype ep_res finished
Lambda tested : 33450.0
Elapsed time from start: 0d 3h 5m 9s
Results:
    - MAE : 1.2466630861505972
    - Correlation : 0.4724761954161287
////////////////////////////////////////////
Iteration 110/120 for phenotype ep_res finished
Lambda tested : 33500.0
Elapsed time from start: 0d 3h 6m 48s
Results:
    - MAE : 1.2466285921764315
    - Correlation : 0.4724920021899691
////////////////////////////////////////////
Iteration 111/120 for phenotype ep_res finished
Lambda tested : 33550.0
Elapsed time from start: 0d 3h 8m 27s
Results:
    - MAE : 1.2465941448306985
    - Correlation : 0.47250774180966154
////////////////////////////////////////////
Iteration 112/120 for phenotype ep_res finished
Lambda tested : 33600.0
Elapsed time from start: 0d 3h 10m 7s
Results:
    - MAE : 1.2465597440023541
    - Correlation : 0.4725234145173659
////////////////////////////////////////////
Iteration 113/120 for phenotype ep_res finished
Lambda tested : 33650.0
Elapsed time from start: 0d 3h 11m 46s
Results:
    - MAE : 1.2465253895807313
    - Correlation : 0.4725390205541154
////////////////////////////////////////////
Iteration 114/120 for phenotype ep_res finished
Lambda tested : 33700.0
Elapsed time from start: 0d 3h 13m 25s
Results:
    - MAE : 1.2464910814555392
    - Correlation : 0.4725545601598229
////////////////////////////////////////////
Iteration 115/120 for phenotype ep_res finished
Lambda tested : 33750.0
Elapsed time from start: 0d 3h 15m 4s
Results:
    - MAE : 1.2464568195168595
    - Correlation : 0.4725700335732881
////////////////////////////////////////////
Iteration 116/120 for phenotype ep_res finished
Lambda tested : 33800.0
Elapsed time from start: 0d 3h 16m 43s
Results:
    - MAE : 1.2464226036551482
    - Correlation : 0.47258544103220346
////////////////////////////////////////////
Iteration 117/120 for phenotype ep_res finished
Lambda tested : 33850.0
Elapsed time from start: 0d 3h 18m 23s
Results:
    - MAE : 1.2463884337612299
    - Correlation : 0.4726007827731615
////////////////////////////////////////////
Iteration 118/120 for phenotype ep_res finished
Lambda tested : 33900.0
Elapsed time from start: 0d 3h 20m 2s
Results:
    - MAE : 1.2463543097263003
    - Correlation : 0.4726160590316605
////////////////////////////////////////////
Iteration 119/120 for phenotype ep_res finished
Lambda tested : 33950.0
Elapsed time from start: 0d 3h 21m 41s
Results:
    - MAE : 1.246320231441921
    - Correlation : 0.47263127004211153
////////////////////////////////////////////
Iteration 120/120 for phenotype ep_res finished
Lambda tested : 34000.0
Elapsed time from start: 0d 3h 23m 20s
Results:
    - MAE : 1.2462861988000213
    - Correlation : 0.4726464160378449
////////////////////////////////////////////
Computation finished for ep_res in 0d 3h 23m 20s
////////////////////////////////////////////
Iteration 1/120 for phenotype de_res finished
Lambda tested : 28050.0
Elapsed time from start: 0d 0h 1m 40s
Results:
    - MAE : 2.5686682926007633
    - Correlation : 0.46586245362264733
////////////////////////////////////////////
Iteration 2/120 for phenotype de_res finished
Lambda tested : 28100.0
Elapsed time from start: 0d 0h 3m 19s
Results:
    - MAE : 2.5686138543679444
    - Correlation : 0.4658781607866678
////////////////////////////////////////////
Iteration 3/120 for phenotype de_res finished
Lambda tested : 28150.0
Elapsed time from start: 0d 0h 4m 58s
Results:
    - MAE : 2.5685605081518865
    - Correlation : 0.4658937822019968
////////////////////////////////////////////
Iteration 4/120 for phenotype de_res finished
Lambda tested : 28200.0
Elapsed time from start: 0d 0h 6m 37s
Results:
    - MAE : 2.5685072583061785
    - Correlation : 0.4659093182508981
////////////////////////////////////////////
Iteration 5/120 for phenotype de_res finished
Lambda tested : 28250.0
Elapsed time from start: 0d 0h 8m 16s
Results:
    - MAE : 2.5684541045061633
    - Correlation : 0.4659247693134005
////////////////////////////////////////////
Iteration 6/120 for phenotype de_res finished
Lambda tested : 28300.0
Elapsed time from start: 0d 0h 9m 55s
Results:
    - MAE : 2.5684010464288085
    - Correlation : 0.46594013576731447
////////////////////////////////////////////
Iteration 7/120 for phenotype de_res finished
Lambda tested : 28350.0
Elapsed time from start: 0d 0h 11m 34s
Results:
    - MAE : 2.5683480837527024
    - Correlation : 0.46595541798824847
////////////////////////////////////////////
Iteration 8/120 for phenotype de_res finished
Lambda tested : 28400.0
Elapsed time from start: 0d 0h 13m 13s
Results:
    - MAE : 2.5682952161580386
    - Correlation : 0.46597061634962544
////////////////////////////////////////////
Iteration 9/120 for phenotype de_res finished
Lambda tested : 28450.0
Elapsed time from start: 0d 0h 14m 52s
Results:
    - MAE : 2.56824244332661
    - Correlation : 0.4659857312226992
////////////////////////////////////////////
Iteration 10/120 for phenotype de_res finished
Lambda tested : 28500.0
Elapsed time from start: 0d 0h 16m 31s
Results:
    - MAE : 2.5681897649417893
    - Correlation : 0.4660007629765703
////////////////////////////////////////////
Iteration 11/120 for phenotype de_res finished
Lambda tested : 28550.0
Elapsed time from start: 0d 0h 18m 10s
Results:
    - MAE : 2.5681390487062767
    - Correlation : 0.4660157119782019
////////////////////////////////////////////
Iteration 12/120 for phenotype de_res finished
Lambda tested : 28600.0
Elapsed time from start: 0d 0h 19m 50s
Results:
    - MAE : 2.568092555111047
    - Correlation : 0.4660305785924361
////////////////////////////////////////////
Iteration 13/120 for phenotype de_res finished
Lambda tested : 28650.0
Elapsed time from start: 0d 0h 21m 29s
Results:
    - MAE : 2.568048382242143
    - Correlation : 0.4660453631820089
////////////////////////////////////////////
Iteration 14/120 for phenotype de_res finished
Lambda tested : 28700.0
Elapsed time from start: 0d 0h 23m 8s
Results:
    - MAE : 2.5680042872087068
    - Correlation : 0.46606006610756595
////////////////////////////////////////////
Iteration 15/120 for phenotype de_res finished
Lambda tested : 28750.0
Elapsed time from start: 0d 0h 24m 47s
Results:
    - MAE : 2.5679602697480504
    - Correlation : 0.4660746877276782
////////////////////////////////////////////
Iteration 16/120 for phenotype de_res finished
Lambda tested : 28800.0
Elapsed time from start: 0d 0h 26m 26s
Results:
    - MAE : 2.5679163295988108
    - Correlation : 0.4660892283988569
////////////////////////////////////////////
Iteration 17/120 for phenotype de_res finished
Lambda tested : 28850.0
Elapsed time from start: 0d 0h 28m 5s
Results:
    - MAE : 2.5678724665009374
    - Correlation : 0.46610368847556877
////////////////////////////////////////////
Iteration 18/120 for phenotype de_res finished
Lambda tested : 28900.0
Elapsed time from start: 0d 0h 29m 44s
Results:
    - MAE : 2.5678286801956833
    - Correlation : 0.46611806831025093
////////////////////////////////////////////
Iteration 19/120 for phenotype de_res finished
Lambda tested : 28950.0
Elapsed time from start: 0d 0h 31m 26s
Results:
    - MAE : 2.5677849704256
    - Correlation : 0.46613236825332527
////////////////////////////////////////////
Iteration 20/120 for phenotype de_res finished
Lambda tested : 29000.0
Elapsed time from start: 0d 0h 33m 16s
Results:
    - MAE : 2.567741336934524
    - Correlation : 0.46614658865321446
////////////////////////////////////////////
Iteration 21/120 for phenotype de_res finished
Lambda tested : 29050.0
Elapsed time from start: 0d 0h 35m 7s
Results:
    - MAE : 2.567697779467573
    - Correlation : 0.4661607298563546
////////////////////////////////////////////
Iteration 22/120 for phenotype de_res finished
Lambda tested : 29100.0
Elapsed time from start: 0d 0h 36m 57s
Results:
    - MAE : 2.5676542977711345
    - Correlation : 0.46617479220721164
////////////////////////////////////////////
Iteration 23/120 for phenotype de_res finished
Lambda tested : 29150.0
Elapsed time from start: 0d 0h 38m 48s
Results:
    - MAE : 2.567610891592858
    - Correlation : 0.46618877604829423
////////////////////////////////////////////
Iteration 24/120 for phenotype de_res finished
Lambda tested : 29200.0
Elapsed time from start: 0d 0h 40m 33s
Results:
    - MAE : 2.567567560681648
    - Correlation : 0.46620268172016865
////////////////////////////////////////////
Iteration 25/120 for phenotype de_res finished
Lambda tested : 29250.0
Elapsed time from start: 0d 0h 42m 12s
Results:
    - MAE : 2.567524304787654
    - Correlation : 0.4662165095614725
////////////////////////////////////////////
Iteration 26/120 for phenotype de_res finished
Lambda tested : 29300.0
Elapsed time from start: 0d 0h 43m 52s
Results:
    - MAE : 2.5674811236622643
    - Correlation : 0.46623025990892847
////////////////////////////////////////////
Iteration 27/120 for phenotype de_res finished
Lambda tested : 29350.0
Elapsed time from start: 0d 0h 45m 31s
Results:
    - MAE : 2.5674380170580955
    - Correlation : 0.4662439330973589
////////////////////////////////////////////
Iteration 28/120 for phenotype de_res finished
Lambda tested : 29400.0
Elapsed time from start: 0d 0h 47m 10s
Results:
    - MAE : 2.567394984728986
    - Correlation : 0.4662575294596991
////////////////////////////////////////////
Iteration 29/120 for phenotype de_res finished
Lambda tested : 29450.0
Elapsed time from start: 0d 0h 48m 49s
Results:
    - MAE : 2.5673520264299903
    - Correlation : 0.4662710493270102
////////////////////////////////////////////
Iteration 30/120 for phenotype de_res finished
Lambda tested : 29500.0
Elapsed time from start: 0d 0h 50m 28s
Results:
    - MAE : 2.5673091419173653
    - Correlation : 0.46628449302849384
////////////////////////////////////////////
Iteration 31/120 for phenotype de_res finished
Lambda tested : 29550.0
Elapsed time from start: 0d 0h 52m 8s
Results:
    - MAE : 2.567266330948568
    - Correlation : 0.4662978608915044
////////////////////////////////////////////
Iteration 32/120 for phenotype de_res finished
Lambda tested : 29600.0
Elapsed time from start: 0d 0h 53m 47s
Results:
    - MAE : 2.5672235932822463
    - Correlation : 0.4663111532415628
////////////////////////////////////////////
Iteration 33/120 for phenotype de_res finished
Lambda tested : 29650.0
Elapsed time from start: 0d 0h 55m 26s
Results:
    - MAE : 2.567180928678228
    - Correlation : 0.46632437040236974
////////////////////////////////////////////
Iteration 34/120 for phenotype de_res finished
Lambda tested : 29700.0
Elapsed time from start: 0d 0h 57m 6s
Results:
    - MAE : 2.5671383368975187
    - Correlation : 0.46633751269581786
////////////////////////////////////////////
Iteration 35/120 for phenotype de_res finished
Lambda tested : 29750.0
Elapsed time from start: 0d 0h 58m 45s
Results:
    - MAE : 2.5670958177022905
    - Correlation : 0.46635058044200567
////////////////////////////////////////////
Iteration 36/120 for phenotype de_res finished
Lambda tested : 29800.0
Elapsed time from start: 0d 1h 0m 24s
Results:
    - MAE : 2.567053370855873
    - Correlation : 0.4663635739592496
////////////////////////////////////////////
Iteration 37/120 for phenotype de_res finished
Lambda tested : 29850.0
Elapsed time from start: 0d 1h 2m 3s
Results:
    - MAE : 2.567010996122752
    - Correlation : 0.4663764935640966
////////////////////////////////////////////
Iteration 38/120 for phenotype de_res finished
Lambda tested : 29900.0
Elapsed time from start: 0d 1h 3m 43s
Results:
    - MAE : 2.5669686932685574
    - Correlation : 0.46638933957133716
////////////////////////////////////////////
Iteration 39/120 for phenotype de_res finished
Lambda tested : 29950.0
Elapsed time from start: 0d 1h 5m 22s
Results:
    - MAE : 2.5669264620600534
    - Correlation : 0.4664021122940177
////////////////////////////////////////////
Iteration 40/120 for phenotype de_res finished
Lambda tested : 30000.0
Elapsed time from start: 0d 1h 7m 1s
Results:
    - MAE : 2.56688430226514
    - Correlation : 0.4664148120434519
////////////////////////////////////////////
Iteration 41/120 for phenotype de_res finished
Lambda tested : 30050.0
Elapsed time from start: 0d 1h 8m 41s
Results:
    - MAE : 2.566842213652836
    - Correlation : 0.46642743912923434
////////////////////////////////////////////
Iteration 42/120 for phenotype de_res finished
Lambda tested : 30100.0
Elapsed time from start: 0d 1h 10m 20s
Results:
    - MAE : 2.5668001959932782
    - Correlation : 0.46643999385925206
////////////////////////////////////////////
Iteration 43/120 for phenotype de_res finished
Lambda tested : 30150.0
Elapsed time from start: 0d 1h 11m 59s
Results:
    - MAE : 2.5667582490577123
    - Correlation : 0.46645247653969557
////////////////////////////////////////////
Iteration 44/120 for phenotype de_res finished
Lambda tested : 30200.0
Elapsed time from start: 0d 1h 13m 38s
Results:
    - MAE : 2.5667163726184863
    - Correlation : 0.4664648874750725
////////////////////////////////////////////
Iteration 45/120 for phenotype de_res finished
Lambda tested : 30250.0
Elapsed time from start: 0d 1h 15m 18s
Results:
    - MAE : 2.5666745664490414
    - Correlation : 0.46647722696821814
////////////////////////////////////////////
Iteration 46/120 for phenotype de_res finished
Lambda tested : 30300.0
Elapsed time from start: 0d 1h 16m 57s
Results:
    - MAE : 2.5666328303239085
    - Correlation : 0.46648949532030726
////////////////////////////////////////////
Iteration 47/120 for phenotype de_res finished
Lambda tested : 30350.0
Elapsed time from start: 0d 1h 18m 37s
Results:
    - MAE : 2.566591164018698
    - Correlation : 0.46650169283086673
////////////////////////////////////////////
Iteration 48/120 for phenotype de_res finished
Lambda tested : 30400.0
Elapsed time from start: 0d 1h 20m 16s
Results:
    - MAE : 2.566549567310097
    - Correlation : 0.46651381979778545
////////////////////////////////////////////
Iteration 49/120 for phenotype de_res finished
Lambda tested : 30450.0
Elapsed time from start: 0d 1h 21m 56s
Results:
    - MAE : 2.566508039975857
    - Correlation : 0.4665258765173267
////////////////////////////////////////////
Iteration 50/120 for phenotype de_res finished
Lambda tested : 30500.0
Elapsed time from start: 0d 1h 23m 35s
Results:
    - MAE : 2.5664665817947934
    - Correlation : 0.4665378632841397
////////////////////////////////////////////
Iteration 51/120 for phenotype de_res finished
Lambda tested : 30550.0
Elapsed time from start: 0d 1h 25m 26s
Results:
    - MAE : 2.5664251925467725
    - Correlation : 0.46654978039127
////////////////////////////////////////////
Iteration 52/120 for phenotype de_res finished
Lambda tested : 30600.0
Elapsed time from start: 0d 1h 27m 16s
Results:
    - MAE : 2.5663838720127106
    - Correlation : 0.46656162813017094
////////////////////////////////////////////
Iteration 53/120 for phenotype de_res finished
Lambda tested : 30650.0
Elapsed time from start: 0d 1h 29m 7s
Results:
    - MAE : 2.566342619974564
    - Correlation : 0.4665734067907149
////////////////////////////////////////////
Iteration 54/120 for phenotype de_res finished
Lambda tested : 30700.0
Elapsed time from start: 0d 1h 30m 57s
Results:
    - MAE : 2.5663014362153223
    - Correlation : 0.46658511666120417
////////////////////////////////////////////
Iteration 55/120 for phenotype de_res finished
Lambda tested : 30750.0
Elapsed time from start: 0d 1h 32m 48s
Results:
    - MAE : 2.566260320519005
    - Correlation : 0.4665967580283813
////////////////////////////////////////////
Iteration 56/120 for phenotype de_res finished
Lambda tested : 30800.0
Elapsed time from start: 0d 1h 34m 28s
Results:
    - MAE : 2.5662192726706516
    - Correlation : 0.4666083311774402
////////////////////////////////////////////
Iteration 57/120 for phenotype de_res finished
Lambda tested : 30850.0
Elapsed time from start: 0d 1h 36m 8s
Results:
    - MAE : 2.5661782924563163
    - Correlation : 0.4666198363920368
////////////////////////////////////////////
Iteration 58/120 for phenotype de_res finished
Lambda tested : 30900.0
Elapsed time from start: 0d 1h 37m 48s
Results:
    - MAE : 2.566137379663065
    - Correlation : 0.4666312739543
////////////////////////////////////////////
Iteration 59/120 for phenotype de_res finished
Lambda tested : 30950.0
Elapsed time from start: 0d 1h 39m 27s
Results:
    - MAE : 2.5660965340789628
    - Correlation : 0.46664264414484125
////////////////////////////////////////////
Iteration 60/120 for phenotype de_res finished
Lambda tested : 31000.0
Elapsed time from start: 0d 1h 41m 7s
Results:
    - MAE : 2.566055755493072
    - Correlation : 0.4666539472427653
////////////////////////////////////////////
Iteration 61/120 for phenotype de_res finished
Lambda tested : 31050.0
Elapsed time from start: 0d 1h 42m 47s
Results:
    - MAE : 2.5660150436954465
    - Correlation : 0.46666518352568087
////////////////////////////////////////////
Iteration 62/120 for phenotype de_res finished
Lambda tested : 31100.0
Elapsed time from start: 0d 1h 44m 27s
Results:
    - MAE : 2.5659743984771213
    - Correlation : 0.46667635326971085
////////////////////////////////////////////
Iteration 63/120 for phenotype de_res finished
Lambda tested : 31150.0
Elapsed time from start: 0d 1h 46m 7s
Results:
    - MAE : 2.5659338196301134
    - Correlation : 0.46668745674950135
////////////////////////////////////////////
Iteration 64/120 for phenotype de_res finished
Lambda tested : 31200.0
Elapsed time from start: 0d 1h 47m 46s
Results:
    - MAE : 2.5658933069474075
    - Correlation : 0.4666984942382331
////////////////////////////////////////////
Iteration 65/120 for phenotype de_res finished
Lambda tested : 31250.0
Elapsed time from start: 0d 1h 49m 25s
Results:
    - MAE : 2.5658528602229573
    - Correlation : 0.46670946600763097
////////////////////////////////////////////
Iteration 66/120 for phenotype de_res finished
Lambda tested : 31300.0
Elapsed time from start: 0d 1h 51m 4s
Results:
    - MAE : 2.565812479251673
    - Correlation : 0.46672037232797337
////////////////////////////////////////////
Iteration 67/120 for phenotype de_res finished
Lambda tested : 31350.0
Elapsed time from start: 0d 1h 52m 43s
Results:
    - MAE : 2.565772163829424
    - Correlation : 0.46673121346810253
////////////////////////////////////////////
Iteration 68/120 for phenotype de_res finished
Lambda tested : 31400.0
Elapsed time from start: 0d 1h 54m 23s
Results:
    - MAE : 2.565731913753023
    - Correlation : 0.46674198969543385
////////////////////////////////////////////
Iteration 69/120 for phenotype de_res finished
Lambda tested : 31450.0
Elapsed time from start: 0d 1h 56m 2s
Results:
    - MAE : 2.565691728820227
    - Correlation : 0.46675270127596646
////////////////////////////////////////////
Iteration 70/120 for phenotype de_res finished
Lambda tested : 31500.0
Elapsed time from start: 0d 1h 57m 41s
Results:
    - MAE : 2.565651608829729
    - Correlation : 0.46676334847429124
////////////////////////////////////////////
Iteration 71/120 for phenotype de_res finished
Lambda tested : 31550.0
Elapsed time from start: 0d 1h 59m 21s
Results:
    - MAE : 2.565611553581156
    - Correlation : 0.4667739315536015
////////////////////////////////////////////
Iteration 72/120 for phenotype de_res finished
Lambda tested : 31600.0
Elapsed time from start: 0d 2h 1m 0s
Results:
    - MAE : 2.565573913402689
    - Correlation : 0.466784450775702
////////////////////////////////////////////
Iteration 73/120 for phenotype de_res finished
Lambda tested : 31650.0
Elapsed time from start: 0d 2h 2m 50s
Results:
    - MAE : 2.5655370768075647
    - Correlation : 0.4667949064010181
////////////////////////////////////////////
Iteration 74/120 for phenotype de_res finished
Lambda tested : 31700.0
Elapsed time from start: 0d 2h 4m 41s
Results:
    - MAE : 2.5655002970615053
    - Correlation : 0.4668052986886057
////////////////////////////////////////////
Iteration 75/120 for phenotype de_res finished
Lambda tested : 31750.0
Elapsed time from start: 0d 2h 6m 31s
Results:
    - MAE : 2.565463573993758
    - Correlation : 0.4668156278961588
////////////////////////////////////////////
Iteration 76/120 for phenotype de_res finished
Lambda tested : 31800.0
Elapsed time from start: 0d 2h 8m 21s
Results:
    - MAE : 2.5654269074343476
    - Correlation : 0.4668258942800208
////////////////////////////////////////////
Iteration 77/120 for phenotype de_res finished
Lambda tested : 31850.0
Elapsed time from start: 0d 2h 10m 11s
Results:
    - MAE : 2.5653902972140714
    - Correlation : 0.4668360980951916
////////////////////////////////////////////
Iteration 78/120 for phenotype de_res finished
Lambda tested : 31900.0
Elapsed time from start: 0d 2h 11m 52s
Results:
    - MAE : 2.5653537431644944
    - Correlation : 0.46684623959533766
////////////////////////////////////////////
Iteration 79/120 for phenotype de_res finished
Lambda tested : 31950.0
Elapsed time from start: 0d 2h 13m 34s
Results:
    - MAE : 2.5653172451179445
    - Correlation : 0.4668563190328005
////////////////////////////////////////////
Iteration 80/120 for phenotype de_res finished
Lambda tested : 32000.0
Elapsed time from start: 0d 2h 15m 15s
Results:
    - MAE : 2.5652808029075067
    - Correlation : 0.4668663366586052
////////////////////////////////////////////
Iteration 81/120 for phenotype de_res finished
Lambda tested : 32050.0
Elapsed time from start: 0d 2h 16m 57s
Results:
    - MAE : 2.565244416367021
    - Correlation : 0.46687629272247005
////////////////////////////////////////////
Iteration 82/120 for phenotype de_res finished
Lambda tested : 32100.0
Elapsed time from start: 0d 2h 18m 41s
Results:
    - MAE : 2.565208085331078
    - Correlation : 0.4668861874728139
////////////////////////////////////////////
Iteration 83/120 for phenotype de_res finished
Lambda tested : 32150.0
Elapsed time from start: 0d 2h 20m 31s
Results:
    - MAE : 2.5651718096350113
    - Correlation : 0.4668960211567662
////////////////////////////////////////////
Iteration 84/120 for phenotype de_res finished
Lambda tested : 32200.0
Elapsed time from start: 0d 2h 22m 22s
Results:
    - MAE : 2.5651356600042092
    - Correlation : 0.4669057940201742
////////////////////////////////////////////
Iteration 85/120 for phenotype de_res finished
Lambda tested : 32250.0
Elapsed time from start: 0d 2h 24m 12s
Results:
    - MAE : 2.5651005445131263
    - Correlation : 0.4669155063076118
////////////////////////////////////////////
Iteration 86/120 for phenotype de_res finished
Lambda tested : 32300.0
Elapsed time from start: 0d 2h 26m 2s
Results:
    - MAE : 2.565065483895449
    - Correlation : 0.46692515826238873
////////////////////////////////////////////
Iteration 87/120 for phenotype de_res finished
Lambda tested : 32350.0
Elapsed time from start: 0d 2h 27m 49s
Results:
    - MAE : 2.565030477985804
    - Correlation : 0.46693475012655805
////////////////////////////////////////////
Iteration 88/120 for phenotype de_res finished
Lambda tested : 32400.0
Elapsed time from start: 0d 2h 29m 32s
Results:
    - MAE : 2.5649955266195645
    - Correlation : 0.46694428214092404
////////////////////////////////////////////
Iteration 89/120 for phenotype de_res finished
Lambda tested : 32450.0
Elapsed time from start: 0d 2h 31m 21s
Results:
    - MAE : 2.564960629632848
    - Correlation : 0.46695375454505134
////////////////////////////////////////////
Iteration 90/120 for phenotype de_res finished
Lambda tested : 32500.0
Elapsed time from start: 0d 2h 33m 11s
Results:
    - MAE : 2.5649257868625126
    - Correlation : 0.46696316757727274
////////////////////////////////////////////
Iteration 91/120 for phenotype de_res finished
Lambda tested : 32550.0
Elapsed time from start: 0d 2h 35m 1s
Results:
    - MAE : 2.5648909981461485
    - Correlation : 0.4669725214746967
////////////////////////////////////////////
Iteration 92/120 for phenotype de_res finished
Lambda tested : 32600.0
Elapsed time from start: 0d 2h 36m 52s
Results:
    - MAE : 2.5648562633220786
    - Correlation : 0.4669818164732164
////////////////////////////////////////////
Iteration 93/120 for phenotype de_res finished
Lambda tested : 32650.0
Elapsed time from start: 0d 2h 38m 43s
Results:
    - MAE : 2.5648222210856635
    - Correlation : 0.46699105280751607
////////////////////////////////////////////
Iteration 94/120 for phenotype de_res finished
Lambda tested : 32700.0
Elapsed time from start: 0d 2h 40m 24s
Results:
    - MAE : 2.564789049441809
    - Correlation : 0.46700023071108054
////////////////////////////////////////////
Iteration 95/120 for phenotype de_res finished
Lambda tested : 32750.0
Elapsed time from start: 0d 2h 42m 3s
Results:
    - MAE : 2.5647559278600607
    - Correlation : 0.4670093504162021
////////////////////////////////////////////
Iteration 96/120 for phenotype de_res finished
Lambda tested : 32800.0
Elapsed time from start: 0d 2h 43m 42s
Results:
    - MAE : 2.5647228561920583
    - Correlation : 0.46701841215398826
////////////////////////////////////////////
Iteration 97/120 for phenotype de_res finished
Lambda tested : 32850.0
Elapsed time from start: 0d 2h 45m 22s
Results:
    - MAE : 2.5646912819891905
    - Correlation : 0.46702741615436966
////////////////////////////////////////////
Iteration 98/120 for phenotype de_res finished
Lambda tested : 32900.0
Elapsed time from start: 0d 2h 47m 1s
Results:
    - MAE : 2.5646606656561772
    - Correlation : 0.46703636264610765
////////////////////////////////////////////
Iteration 99/120 for phenotype de_res finished
Lambda tested : 32950.0
Elapsed time from start: 0d 2h 48m 40s
Results:
    - MAE : 2.564630095244099
    - Correlation : 0.46704525185680185
////////////////////////////////////////////
Iteration 100/120 for phenotype de_res finished
Lambda tested : 33000.0
Elapsed time from start: 0d 2h 50m 20s
Results:
    - MAE : 2.564599570615928
    - Correlation : 0.46705408401289744
////////////////////////////////////////////
Iteration 101/120 for phenotype de_res finished
Lambda tested : 33050.0
Elapsed time from start: 0d 2h 51m 59s
Results:
    - MAE : 2.564569091635258
    - Correlation : 0.4670628593396928
////////////////////////////////////////////
Iteration 102/120 for phenotype de_res finished
Lambda tested : 33100.0
Elapsed time from start: 0d 2h 53m 38s
Results:
    - MAE : 2.5645386581662977
    - Correlation : 0.4670715780613465
////////////////////////////////////////////
Iteration 103/120 for phenotype de_res finished
Lambda tested : 33150.0
Elapsed time from start: 0d 2h 55m 17s
Results:
    - MAE : 2.564508270073867
    - Correlation : 0.46708024040088575
////////////////////////////////////////////
Iteration 104/120 for phenotype de_res finished
Lambda tested : 33200.0
Elapsed time from start: 0d 2h 56m 56s
Results:
    - MAE : 2.564477927223393
    - Correlation : 0.46708884658021166
////////////////////////////////////////////
Iteration 105/120 for phenotype de_res finished
Lambda tested : 33250.0
Elapsed time from start: 0d 2h 58m 36s
Results:
    - MAE : 2.5644476294809087
    - Correlation : 0.467097396820109
////////////////////////////////////////////
Iteration 106/120 for phenotype de_res finished
Lambda tested : 33300.0
Elapsed time from start: 0d 3h 0m 15s
Results:
    - MAE : 2.564417376713048
    - Correlation : 0.46710589134025055
////////////////////////////////////////////
Iteration 107/120 for phenotype de_res finished
Lambda tested : 33350.0
Elapsed time from start: 0d 3h 1m 54s
Results:
    - MAE : 2.5643871687870416
    - Correlation : 0.4671143303592068
////////////////////////////////////////////
Iteration 108/120 for phenotype de_res finished
Lambda tested : 33400.0
Elapsed time from start: 0d 3h 3m 33s
Results:
    - MAE : 2.5643570055707148
    - Correlation : 0.46712271409445105
////////////////////////////////////////////
Iteration 109/120 for phenotype de_res finished
Lambda tested : 33450.0
Elapsed time from start: 0d 3h 5m 13s
Results:
    - MAE : 2.5643268869324807
    - Correlation : 0.4671310427623675
////////////////////////////////////////////
Iteration 110/120 for phenotype de_res finished
Lambda tested : 33500.0
Elapsed time from start: 0d 3h 6m 52s
Results:
    - MAE : 2.564296812741344
    - Correlation : 0.4671393165782576
////////////////////////////////////////////
Iteration 111/120 for phenotype de_res finished
Lambda tested : 33550.0
Elapsed time from start: 0d 3h 8m 31s
Results:
    - MAE : 2.564266782866889
    - Correlation : 0.46714753575634727
////////////////////////////////////////////
Iteration 112/120 for phenotype de_res finished
Lambda tested : 33600.0
Elapsed time from start: 0d 3h 10m 11s
Results:
    - MAE : 2.5642367971792805
    - Correlation : 0.4671557005097933
////////////////////////////////////////////
Iteration 113/120 for phenotype de_res finished
Lambda tested : 33650.0
Elapsed time from start: 0d 3h 11m 50s
Results:
    - MAE : 2.5642068555492616
    - Correlation : 0.46716381105069094
////////////////////////////////////////////
Iteration 114/120 for phenotype de_res finished
Lambda tested : 33700.0
Elapsed time from start: 0d 3h 13m 29s
Results:
    - MAE : 2.564176957848146
    - Correlation : 0.46717186759007945
////////////////////////////////////////////
Iteration 115/120 for phenotype de_res finished
Lambda tested : 33750.0
Elapsed time from start: 0d 3h 15m 8s
Results:
    - MAE : 2.5641471039478194
    - Correlation : 0.4671798703379497
////////////////////////////////////////////
Iteration 116/120 for phenotype de_res finished
Lambda tested : 33800.0
Elapsed time from start: 0d 3h 16m 48s
Results:
    - MAE : 2.564117293720734
    - Correlation : 0.4671878195032506
////////////////////////////////////////////
Iteration 117/120 for phenotype de_res finished
Lambda tested : 33850.0
Elapsed time from start: 0d 3h 18m 27s
Results:
    - MAE : 2.564087527039904
    - Correlation : 0.4671957152938952
////////////////////////////////////////////
Iteration 118/120 for phenotype de_res finished
Lambda tested : 33900.0
Elapsed time from start: 0d 3h 20m 6s
Results:
    - MAE : 2.564057803778904
    - Correlation : 0.4672035579167675
////////////////////////////////////////////
Iteration 119/120 for phenotype de_res finished
Lambda tested : 33950.0
Elapsed time from start: 0d 3h 21m 46s
Results:
    - MAE : 2.5640281238118647
    - Correlation : 0.4672113475777292
////////////////////////////////////////////
Iteration 120/120 for phenotype de_res finished
Lambda tested : 34000.0
Elapsed time from start: 0d 3h 23m 25s
Results:
    - MAE : 2.5639984870134716
    - Correlation : 0.4672190844816258
////////////////////////////////////////////
Computation finished for de_res in 0d 3h 23m 25s
////////////////////////////////////////////
Iteration 1/120 for phenotype FESSEa_res finished
Lambda tested : 28050.0
Elapsed time from start: 0d 0h 1m 40s
Results:
    - MAE : 1.0267095532269408
    - Correlation : 0.5260073897037221
////////////////////////////////////////////
Iteration 2/120 for phenotype FESSEa_res finished
Lambda tested : 28100.0
Elapsed time from start: 0d 0h 3m 19s
Results:
    - MAE : 1.0266880828588112
    - Correlation : 0.5260144678844154
////////////////////////////////////////////
Iteration 3/120 for phenotype FESSEa_res finished
Lambda tested : 28150.0
Elapsed time from start: 0d 0h 4m 58s
Results:
    - MAE : 1.026666650003182
    - Correlation : 0.5260214696507349
////////////////////////////////////////////
Iteration 4/120 for phenotype FESSEa_res finished
Lambda tested : 28200.0
Elapsed time from start: 0d 0h 6m 37s
Results:
    - MAE : 1.0266452545476648
    - Correlation : 0.5260283953473711
////////////////////////////////////////////
Iteration 5/120 for phenotype FESSEa_res finished
Lambda tested : 28250.0
Elapsed time from start: 0d 0h 8m 17s
Results:
    - MAE : 1.026623896380318
    - Correlation : 0.5260352453170712
////////////////////////////////////////////
Iteration 6/120 for phenotype FESSEa_res finished
Lambda tested : 28300.0
Elapsed time from start: 0d 0h 10m 4s
Results:
    - MAE : 1.0266031170686416
    - Correlation : 0.526042019900656
////////////////////////////////////////////
Iteration 7/120 for phenotype FESSEa_res finished
Lambda tested : 28350.0
Elapsed time from start: 0d 0h 11m 54s
Results:
    - MAE : 1.0265826414176165
    - Correlation : 0.5260487194370301
////////////////////////////////////////////
Iteration 8/120 for phenotype FESSEa_res finished
Lambda tested : 28400.0
Elapsed time from start: 0d 0h 13m 44s
Results:
    - MAE : 1.0265622016207354
    - Correlation : 0.526055344263199
////////////////////////////////////////////
Iteration 9/120 for phenotype FESSEa_res finished
Lambda tested : 28450.0
Elapsed time from start: 0d 0h 15m 34s
Results:
    - MAE : 1.0265417975702456
    - Correlation : 0.5260618947142803
////////////////////////////////////////////
Iteration 10/120 for phenotype FESSEa_res finished
Lambda tested : 28500.0
Elapsed time from start: 0d 0h 17m 24s
Results:
    - MAE : 1.0265214291588254
    - Correlation : 0.5260683711235183
////////////////////////////////////////////
Iteration 11/120 for phenotype FESSEa_res finished
Lambda tested : 28550.0
Elapsed time from start: 0d 0h 19m 8s
Results:
    - MAE : 1.026501180507772
    - Correlation : 0.5260747738222972
////////////////////////////////////////////
Iteration 12/120 for phenotype FESSEa_res finished
Lambda tested : 28600.0
Elapsed time from start: 0d 0h 20m 47s
Results:
    - MAE : 1.0264811919452574
    - Correlation : 0.5260811031401535
////////////////////////////////////////////
Iteration 13/120 for phenotype FESSEa_res finished
Lambda tested : 28650.0
Elapsed time from start: 0d 0h 22m 25s
Results:
    - MAE : 1.0264612385959984
    - Correlation : 0.5260873594047913
////////////////////////////////////////////
Iteration 14/120 for phenotype FESSEa_res finished
Lambda tested : 28700.0
Elapsed time from start: 0d 0h 24m 4s
Results:
    - MAE : 1.0264413203538352
    - Correlation : 0.5260935429420919
////////////////////////////////////////////
Iteration 15/120 for phenotype FESSEa_res finished
Lambda tested : 28750.0
Elapsed time from start: 0d 0h 25m 43s
Results:
    - MAE : 1.026421437113034
    - Correlation : 0.5260996540761302
////////////////////////////////////////////
Iteration 16/120 for phenotype FESSEa_res finished
Lambda tested : 28800.0
Elapsed time from start: 0d 0h 27m 22s
Results:
    - MAE : 1.0264015887682858
    - Correlation : 0.5261056931291848
////////////////////////////////////////////
Iteration 17/120 for phenotype FESSEa_res finished
Lambda tested : 28850.0
Elapsed time from start: 0d 0h 29m 1s
Results:
    - MAE : 1.0263825525893218
    - Correlation : 0.5261116604217527
////////////////////////////////////////////
Iteration 18/120 for phenotype FESSEa_res finished
Lambda tested : 28900.0
Elapsed time from start: 0d 0h 30m 40s
Results:
    - MAE : 1.0263635985629893
    - Correlation : 0.5261175562725595
////////////////////////////////////////////
Iteration 19/120 for phenotype FESSEa_res finished
Lambda tested : 28950.0
Elapsed time from start: 0d 0h 32m 19s
Results:
    - MAE : 1.0263446778200696
    - Correlation : 0.5261233809985743
////////////////////////////////////////////
Iteration 20/120 for phenotype FESSEa_res finished
Lambda tested : 29000.0
Elapsed time from start: 0d 0h 33m 58s
Results:
    - MAE : 1.0263257902606884
    - Correlation : 0.5261291349150204
////////////////////////////////////////////
Iteration 21/120 for phenotype FESSEa_res finished
Lambda tested : 29050.0
Elapsed time from start: 0d 0h 35m 37s
Results:
    - MAE : 1.0263069357853696
    - Correlation : 0.5261348183353882
////////////////////////////////////////////
Iteration 22/120 for phenotype FESSEa_res finished
Lambda tested : 29100.0
Elapsed time from start: 0d 0h 37m 16s
Results:
    - MAE : 1.0262881142950337
    - Correlation : 0.526140431571447
////////////////////////////////////////////
Iteration 23/120 for phenotype FESSEa_res finished
Lambda tested : 29150.0
Elapsed time from start: 0d 0h 38m 55s
Results:
    - MAE : 1.0262693256909947
    - Correlation : 0.5261459749332573
////////////////////////////////////////////
Iteration 24/120 for phenotype FESSEa_res finished
Lambda tested : 29200.0
Elapsed time from start: 0d 0h 40m 34s
Results:
    - MAE : 1.026250569874961
    - Correlation : 0.5261514487291827
////////////////////////////////////////////
Iteration 25/120 for phenotype FESSEa_res finished
Lambda tested : 29250.0
Elapsed time from start: 0d 0h 42m 12s
Results:
    - MAE : 1.026231846749031
    - Correlation : 0.5261568532659011
////////////////////////////////////////////
Iteration 26/120 for phenotype FESSEa_res finished
Lambda tested : 29300.0
Elapsed time from start: 0d 0h 43m 51s
Results:
    - MAE : 1.0262136186739894
    - Correlation : 0.5261621888484178
////////////////////////////////////////////
Iteration 27/120 for phenotype FESSEa_res finished
Lambda tested : 29350.0
Elapsed time from start: 0d 0h 45m 30s
Results:
    - MAE : 1.0261967474557359
    - Correlation : 0.5261674557800744
////////////////////////////////////////////
Iteration 28/120 for phenotype FESSEa_res finished
Lambda tested : 29400.0
Elapsed time from start: 0d 0h 47m 9s
Results:
    - MAE : 1.026179905590172
    - Correlation : 0.5261726543625641
////////////////////////////////////////////
Iteration 29/120 for phenotype FESSEa_res finished
Lambda tested : 29450.0
Elapsed time from start: 0d 0h 48m 48s
Results:
    - MAE : 1.026163092990388
    - Correlation : 0.52617778489594
////////////////////////////////////////////
Iteration 30/120 for phenotype FESSEa_res finished
Lambda tested : 29500.0
Elapsed time from start: 0d 0h 50m 27s
Results:
    - MAE : 1.0261463095698125
    - Correlation : 0.5261828476786273
////////////////////////////////////////////
Iteration 31/120 for phenotype FESSEa_res finished
Lambda tested : 29550.0
Elapsed time from start: 0d 0h 52m 6s
Results:
    - MAE : 1.0261295552422112
    - Correlation : 0.5261878430074353
////////////////////////////////////////////
Iteration 32/120 for phenotype FESSEa_res finished
Lambda tested : 29600.0
Elapsed time from start: 0d 0h 53m 45s
Results:
    - MAE : 1.0261128299216853
    - Correlation : 0.5261927711775674
////////////////////////////////////////////
Iteration 33/120 for phenotype FESSEa_res finished
Lambda tested : 29650.0
Elapsed time from start: 0d 0h 55m 24s
Results:
    - MAE : 1.0260961335226697
    - Correlation : 0.5261976324826331
////////////////////////////////////////////
Iteration 34/120 for phenotype FESSEa_res finished
Lambda tested : 29700.0
Elapsed time from start: 0d 0h 57m 3s
Results:
    - MAE : 1.0260794659599328
    - Correlation : 0.5262024272146582
////////////////////////////////////////////
Iteration 35/120 for phenotype FESSEa_res finished
Lambda tested : 29750.0
Elapsed time from start: 0d 0h 58m 42s
Results:
    - MAE : 1.026062827148573
    - Correlation : 0.5262071556640957
////////////////////////////////////////////
Iteration 36/120 for phenotype FESSEa_res finished
Lambda tested : 29800.0
Elapsed time from start: 0d 1h 0m 21s
Results:
    - MAE : 1.0260462170040188
    - Correlation : 0.5262118181198372
////////////////////////////////////////////
Iteration 37/120 for phenotype FESSEa_res finished
Lambda tested : 29850.0
Elapsed time from start: 0d 1h 1m 59s
Results:
    - MAE : 1.0260296354420262
    - Correlation : 0.5262164148692227
////////////////////////////////////////////
Iteration 38/120 for phenotype FESSEa_res finished
Lambda tested : 29900.0
Elapsed time from start: 0d 1h 3m 38s
Results:
    - MAE : 1.0260130823786788
    - Correlation : 0.526220946198051
////////////////////////////////////////////
Iteration 39/120 for phenotype FESSEa_res finished
Lambda tested : 29950.0
Elapsed time from start: 0d 1h 5m 17s
Results:
    - MAE : 1.0259965577303847
    - Correlation : 0.5262254123905922
////////////////////////////////////////////
Iteration 40/120 for phenotype FESSEa_res finished
Lambda tested : 30000.0
Elapsed time from start: 0d 1h 7m 3s
Results:
    - MAE : 1.0259800614138759
    - Correlation : 0.5262298137295955
////////////////////////////////////////////
Iteration 41/120 for phenotype FESSEa_res finished
Lambda tested : 30050.0
Elapsed time from start: 0d 1h 8m 53s
Results:
    - MAE : 1.0259635933462068
    - Correlation : 0.5262341504963007
////////////////////////////////////////////
Iteration 42/120 for phenotype FESSEa_res finished
Lambda tested : 30100.0
Elapsed time from start: 0d 1h 10m 43s
Results:
    - MAE : 1.0259471534447524
    - Correlation : 0.5262384229704488
////////////////////////////////////////////
Iteration 43/120 for phenotype FESSEa_res finished
Lambda tested : 30150.0
Elapsed time from start: 0d 1h 12m 34s
Results:
    - MAE : 1.0259307416272072
    - Correlation : 0.5262426314302906
////////////////////////////////////////////
Iteration 44/120 for phenotype FESSEa_res finished
Lambda tested : 30200.0
Elapsed time from start: 0d 1h 14m 24s
Results:
    - MAE : 1.0259143578115837
    - Correlation : 0.5262467761525988
////////////////////////////////////////////
Iteration 45/120 for phenotype FESSEa_res finished
Lambda tested : 30250.0
Elapsed time from start: 0d 1h 16m 4s
Results:
    - MAE : 1.025898001916211
    - Correlation : 0.5262508574126769
////////////////////////////////////////////
Iteration 46/120 for phenotype FESSEa_res finished
Lambda tested : 30300.0
Elapsed time from start: 0d 1h 17m 43s
Results:
    - MAE : 1.0258816738597332
    - Correlation : 0.5262548754843682
////////////////////////////////////////////
Iteration 47/120 for phenotype FESSEa_res finished
Lambda tested : 30350.0
Elapsed time from start: 0d 1h 19m 22s
Results:
    - MAE : 1.0258653735611083
    - Correlation : 0.5262588306400674
////////////////////////////////////////////
Iteration 48/120 for phenotype FESSEa_res finished
Lambda tested : 30400.0
Elapsed time from start: 0d 1h 21m 1s
Results:
    - MAE : 1.0258491009396067
    - Correlation : 0.5262627231507292
////////////////////////////////////////////
Iteration 49/120 for phenotype FESSEa_res finished
Lambda tested : 30450.0
Elapsed time from start: 0d 1h 22m 40s
Results:
    - MAE : 1.025832855914809
    - Correlation : 0.5262665532858776
////////////////////////////////////////////
Iteration 50/120 for phenotype FESSEa_res finished
Lambda tested : 30500.0
Elapsed time from start: 0d 1h 24m 19s
Results:
    - MAE : 1.025816638406607
    - Correlation : 0.5262703213136168
////////////////////////////////////////////
Iteration 51/120 for phenotype FESSEa_res finished
Lambda tested : 30550.0
Elapsed time from start: 0d 1h 25m 57s
Results:
    - MAE : 1.0258004483351986
    - Correlation : 0.5262740275006395
////////////////////////////////////////////
Iteration 52/120 for phenotype FESSEa_res finished
Lambda tested : 30600.0
Elapsed time from start: 0d 1h 27m 36s
Results:
    - MAE : 1.0257842856210897
    - Correlation : 0.5262776721122363
////////////////////////////////////////////
Iteration 53/120 for phenotype FESSEa_res finished
Lambda tested : 30650.0
Elapsed time from start: 0d 1h 29m 15s
Results:
    - MAE : 1.025768150185092
    - Correlation : 0.5262812554123062
////////////////////////////////////////////
Iteration 54/120 for phenotype FESSEa_res finished
Lambda tested : 30700.0
Elapsed time from start: 0d 1h 30m 54s
Results:
    - MAE : 1.02575204194832
    - Correlation : 0.5262847776633642
////////////////////////////////////////////
Iteration 55/120 for phenotype FESSEa_res finished
Lambda tested : 30750.0
Elapsed time from start: 0d 1h 32m 34s
Results:
    - MAE : 1.0257359608321914
    - Correlation : 0.5262882391265522
////////////////////////////////////////////
Iteration 56/120 for phenotype FESSEa_res finished
Lambda tested : 30800.0
Elapsed time from start: 0d 1h 34m 13s
Results:
    - MAE : 1.0257205047459506
    - Correlation : 0.5262916400616463
////////////////////////////////////////////
Iteration 57/120 for phenotype FESSEa_res finished
Lambda tested : 30850.0
Elapsed time from start: 0d 1h 35m 52s
Results:
    - MAE : 1.0257055317106594
    - Correlation : 0.5262949807270669
////////////////////////////////////////////
Iteration 58/120 for phenotype FESSEa_res finished
Lambda tested : 30900.0
Elapsed time from start: 0d 1h 37m 31s
Results:
    - MAE : 1.025690583463091
    - Correlation : 0.5262982613798878
////////////////////////////////////////////
Iteration 59/120 for phenotype FESSEa_res finished
Lambda tested : 30950.0
Elapsed time from start: 0d 1h 39m 10s
Results:
    - MAE : 1.025675659932743
    - Correlation : 0.5263014822758444
////////////////////////////////////////////
Iteration 60/120 for phenotype FESSEa_res finished
Lambda tested : 31000.0
Elapsed time from start: 0d 1h 40m 49s
Results:
    - MAE : 1.0256607610493753
    - Correlation : 0.526304643669343
////////////////////////////////////////////
Iteration 61/120 for phenotype FESSEa_res finished
Lambda tested : 31050.0
Elapsed time from start: 0d 1h 42m 28s
Results:
    - MAE : 1.0256458867430103
    - Correlation : 0.5263077458134695
////////////////////////////////////////////
Iteration 62/120 for phenotype FESSEa_res finished
Lambda tested : 31100.0
Elapsed time from start: 0d 1h 44m 7s
Results:
    - MAE : 1.0256310369439308
    - Correlation : 0.5263107889599972
////////////////////////////////////////////
Iteration 63/120 for phenotype FESSEa_res finished
Lambda tested : 31150.0
Elapsed time from start: 0d 1h 45m 46s
Results:
    - MAE : 1.0256162115826777
    - Correlation : 0.5263137733593969
////////////////////////////////////////////
Iteration 64/120 for phenotype FESSEa_res finished
Lambda tested : 31200.0
Elapsed time from start: 0d 1h 47m 25s
Results:
    - MAE : 1.025601410590052
    - Correlation : 0.5263166992608437
////////////////////////////////////////////
Iteration 65/120 for phenotype FESSEa_res finished
Lambda tested : 31250.0
Elapsed time from start: 0d 1h 49m 4s
Results:
    - MAE : 1.0255866338971111
    - Correlation : 0.5263195669122278
////////////////////////////////////////////
Iteration 66/120 for phenotype FESSEa_res finished
Lambda tested : 31300.0
Elapsed time from start: 0d 1h 50m 42s
Results:
    - MAE : 1.0255718814351684
    - Correlation : 0.5263223765601597
////////////////////////////////////////////
Iteration 67/120 for phenotype FESSEa_res finished
Lambda tested : 31350.0
Elapsed time from start: 0d 1h 52m 21s
Results:
    - MAE : 1.0255581248794066
    - Correlation : 0.5263251284499814
////////////////////////////////////////////
Iteration 68/120 for phenotype FESSEa_res finished
Lambda tested : 31400.0
Elapsed time from start: 0d 1h 54m 1s
Results:
    - MAE : 1.0255446920421534
    - Correlation : 0.5263278228257731
////////////////////////////////////////////
Iteration 69/120 for phenotype FESSEa_res finished
Lambda tested : 31450.0
Elapsed time from start: 0d 1h 55m 39s
Results:
    - MAE : 1.02553128055715
    - Correlation : 0.5263304599303616
////////////////////////////////////////////
Iteration 70/120 for phenotype FESSEa_res finished
Lambda tested : 31500.0
Elapsed time from start: 0d 1h 57m 18s
Results:
    - MAE : 1.0255178903657178
    - Correlation : 0.5263330400053297
////////////////////////////////////////////
Iteration 71/120 for phenotype FESSEa_res finished
Lambda tested : 31550.0
Elapsed time from start: 0d 1h 58m 57s
Results:
    - MAE : 1.0255045214093874
    - Correlation : 0.5263355632910214
////////////////////////////////////////////
Iteration 72/120 for phenotype FESSEa_res finished
Lambda tested : 31600.0
Elapsed time from start: 0d 2h 0m 35s
Results:
    - MAE : 1.0254911736298955
    - Correlation : 0.5263380300265526
////////////////////////////////////////////
Iteration 73/120 for phenotype FESSEa_res finished
Lambda tested : 31650.0
Elapsed time from start: 0d 2h 2m 14s
Results:
    - MAE : 1.0254778469691854
    - Correlation : 0.5263404404498178
////////////////////////////////////////////
Iteration 74/120 for phenotype FESSEa_res finished
Lambda tested : 31700.0
Elapsed time from start: 0d 2h 3m 52s
Results:
    - MAE : 1.025464541369406
    - Correlation : 0.5263427947974989
////////////////////////////////////////////
Iteration 75/120 for phenotype FESSEa_res finished
Lambda tested : 31750.0
Elapsed time from start: 0d 2h 5m 30s
Results:
    - MAE : 1.0254512567729097
    - Correlation : 0.5263450933050708
////////////////////////////////////////////
Iteration 76/120 for phenotype FESSEa_res finished
Lambda tested : 31800.0
Elapsed time from start: 0d 2h 7m 8s
Results:
    - MAE : 1.025437993122254
    - Correlation : 0.5263473362068128
////////////////////////////////////////////
Iteration 77/120 for phenotype FESSEa_res finished
Lambda tested : 31850.0
Elapsed time from start: 0d 2h 8m 46s
Results:
    - MAE : 1.0254247503601983
    - Correlation : 0.5263495237358119
////////////////////////////////////////////
Iteration 78/120 for phenotype FESSEa_res finished
Lambda tested : 31900.0
Elapsed time from start: 0d 2h 10m 24s
Results:
    - MAE : 1.025411528429705
    - Correlation : 0.526351656123974
////////////////////////////////////////////
Iteration 79/120 for phenotype FESSEa_res finished
Lambda tested : 31950.0
Elapsed time from start: 0d 2h 12m 3s
Results:
    - MAE : 1.0253984543580934
    - Correlation : 0.5263537336020295
////////////////////////////////////////////
Iteration 80/120 for phenotype FESSEa_res finished
Lambda tested : 32000.0
Elapsed time from start: 0d 2h 13m 41s
Results:
    - MAE : 1.0253856044412177
    - Correlation : 0.5263557563995417
////////////////////////////////////////////
Iteration 81/120 for phenotype FESSEa_res finished
Lambda tested : 32050.0
Elapsed time from start: 0d 2h 15m 19s
Results:
    - MAE : 1.0253727756143647
    - Correlation : 0.5263577247449137
////////////////////////////////////////////
Iteration 82/120 for phenotype FESSEa_res finished
Lambda tested : 32100.0
Elapsed time from start: 0d 2h 16m 57s
Results:
    - MAE : 1.025359967817677
    - Correlation : 0.5263596388653964
////////////////////////////////////////////
Iteration 83/120 for phenotype FESSEa_res finished
Lambda tested : 32150.0
Elapsed time from start: 0d 2h 18m 35s
Results:
    - MAE : 1.025347180991518
    - Correlation : 0.5263614989870945
////////////////////////////////////////////
Iteration 84/120 for phenotype FESSEa_res finished
Lambda tested : 32200.0
Elapsed time from start: 0d 2h 20m 13s
Results:
    - MAE : 1.025334415076472
    - Correlation : 0.5263633053349757
////////////////////////////////////////////
Iteration 85/120 for phenotype FESSEa_res finished
Lambda tested : 32250.0
Elapsed time from start: 0d 2h 21m 52s
Results:
    - MAE : 1.0253216700133432
    - Correlation : 0.5263650581328763
////////////////////////////////////////////
Iteration 86/120 for phenotype FESSEa_res finished
Lambda tested : 32300.0
Elapsed time from start: 0d 2h 23m 30s
Results:
    - MAE : 1.0253089457431543
    - Correlation : 0.5263667576035091
////////////////////////////////////////////
Iteration 87/120 for phenotype FESSEa_res finished
Lambda tested : 32350.0
Elapsed time from start: 0d 2h 25m 8s
Results:
    - MAE : 1.0252962422071463
    - Correlation : 0.5263684039684702
////////////////////////////////////////////
Iteration 88/120 for phenotype FESSEa_res finished
Lambda tested : 32400.0
Elapsed time from start: 0d 2h 26m 46s
Results:
    - MAE : 1.0252835593467762
    - Correlation : 0.5263699974482464
////////////////////////////////////////////
Iteration 89/120 for phenotype FESSEa_res finished
Lambda tested : 32450.0
Elapsed time from start: 0d 2h 28m 24s
Results:
    - MAE : 1.0252708971037183
    - Correlation : 0.5263715382622218
////////////////////////////////////////////
Iteration 90/120 for phenotype FESSEa_res finished
Lambda tested : 32500.0
Elapsed time from start: 0d 2h 30m 2s
Results:
    - MAE : 1.025258255419861
    - Correlation : 0.5263730266286847
////////////////////////////////////////////
Iteration 91/120 for phenotype FESSEa_res finished
Lambda tested : 32550.0
Elapsed time from start: 0d 2h 31m 41s
Results:
    - MAE : 1.025245634237308
    - Correlation : 0.526374462764835
////////////////////////////////////////////
Iteration 92/120 for phenotype FESSEa_res finished
Lambda tested : 32600.0
Elapsed time from start: 0d 2h 33m 19s
Results:
    - MAE : 1.0252330334983746
    - Correlation : 0.5263758468867903
////////////////////////////////////////////
Iteration 93/120 for phenotype FESSEa_res finished
Lambda tested : 32650.0
Elapsed time from start: 0d 2h 34m 57s
Results:
    - MAE : 1.0252204531455904
    - Correlation : 0.5263771792095936
////////////////////////////////////////////
Iteration 94/120 for phenotype FESSEa_res finished
Lambda tested : 32700.0
Elapsed time from start: 0d 2h 36m 35s
Results:
    - MAE : 1.0252078931216961
    - Correlation : 0.5263784599472185
////////////////////////////////////////////
Iteration 95/120 for phenotype FESSEa_res finished
Lambda tested : 32750.0
Elapsed time from start: 0d 2h 38m 13s
Results:
    - MAE : 1.0251953533696418
    - Correlation : 0.5263796893125781
////////////////////////////////////////////
Iteration 96/120 for phenotype FESSEa_res finished
Lambda tested : 32800.0
Elapsed time from start: 0d 2h 39m 52s
Results:
    - MAE : 1.0251828338325892
    - Correlation : 0.5263808675175292
////////////////////////////////////////////
Iteration 97/120 for phenotype FESSEa_res finished
Lambda tested : 32850.0
Elapsed time from start: 0d 2h 41m 30s
Results:
    - MAE : 1.0251703344539078
    - Correlation : 0.5263819947728811
////////////////////////////////////////////
Iteration 98/120 for phenotype FESSEa_res finished
Lambda tested : 32900.0
Elapsed time from start: 0d 2h 43m 8s
Results:
    - MAE : 1.0251578551771752
    - Correlation : 0.5263830712883999
////////////////////////////////////////////
Iteration 99/120 for phenotype FESSEa_res finished
Lambda tested : 32950.0
Elapsed time from start: 0d 2h 44m 46s
Results:
    - MAE : 1.0251453959461765
    - Correlation : 0.5263840972728169
////////////////////////////////////////////
Iteration 100/120 for phenotype FESSEa_res finished
Lambda tested : 33000.0
Elapsed time from start: 0d 2h 46m 24s
Results:
    - MAE : 1.0251329567049028
    - Correlation : 0.5263850729338336
////////////////////////////////////////////
Iteration 101/120 for phenotype FESSEa_res finished
Lambda tested : 33050.0
Elapsed time from start: 0d 2h 48m 2s
Results:
    - MAE : 1.025120537397551
    - Correlation : 0.5263859984781296
////////////////////////////////////////////
Iteration 102/120 for phenotype FESSEa_res finished
Lambda tested : 33100.0
Elapsed time from start: 0d 2h 49m 41s
Results:
    - MAE : 1.025108137968522
    - Correlation : 0.5263868741113671
////////////////////////////////////////////
Iteration 103/120 for phenotype FESSEa_res finished
Lambda tested : 33150.0
Elapsed time from start: 0d 2h 51m 19s
Results:
    - MAE : 1.0250957583624207
    - Correlation : 0.5263877000381982
////////////////////////////////////////////
Iteration 104/120 for phenotype FESSEa_res finished
Lambda tested : 33200.0
Elapsed time from start: 0d 2h 52m 57s
Results:
    - MAE : 1.025083398524055
    - Correlation : 0.5263884764622714
////////////////////////////////////////////
Iteration 105/120 for phenotype FESSEa_res finished
Lambda tested : 33250.0
Elapsed time from start: 0d 2h 54m 35s
Results:
    - MAE : 1.0250710583984346
    - Correlation : 0.5263892035862374
////////////////////////////////////////////
Iteration 106/120 for phenotype FESSEa_res finished
Lambda tested : 33300.0
Elapsed time from start: 0d 2h 56m 13s
Results:
    - MAE : 1.0250587379307703
    - Correlation : 0.5263898816117547
////////////////////////////////////////////
Iteration 107/120 for phenotype FESSEa_res finished
Lambda tested : 33350.0
Elapsed time from start: 0d 2h 57m 51s
Results:
    - MAE : 1.0250464370664731
    - Correlation : 0.5263905107394963
////////////////////////////////////////////
Iteration 108/120 for phenotype FESSEa_res finished
Lambda tested : 33400.0
Elapsed time from start: 0d 2h 59m 30s
Results:
    - MAE : 1.0250341557511538
    - Correlation : 0.5263910911691555
////////////////////////////////////////////
Iteration 109/120 for phenotype FESSEa_res finished
Lambda tested : 33450.0
Elapsed time from start: 0d 3h 1m 8s
Results:
    - MAE : 1.0250218939306215
    - Correlation : 0.5263916230994532
////////////////////////////////////////////
Iteration 110/120 for phenotype FESSEa_res finished
Lambda tested : 33500.0
Elapsed time from start: 0d 3h 2m 46s
Results:
    - MAE : 1.025009651550883
    - Correlation : 0.5263921067281407
////////////////////////////////////////////
Iteration 111/120 for phenotype FESSEa_res finished
Lambda tested : 33550.0
Elapsed time from start: 0d 3h 4m 24s
Results:
    - MAE : 1.024997428558143
    - Correlation : 0.5263925422520092
////////////////////////////////////////////
Iteration 112/120 for phenotype FESSEa_res finished
Lambda tested : 33600.0
Elapsed time from start: 0d 3h 6m 2s
Results:
    - MAE : 1.0249852248988003
    - Correlation : 0.5263929298668931
////////////////////////////////////////////
Iteration 113/120 for phenotype FESSEa_res finished
Lambda tested : 33650.0
Elapsed time from start: 0d 3h 7m 40s
Results:
    - MAE : 1.0249730405194513
    - Correlation : 0.526393269767677
////////////////////////////////////////////
Iteration 114/120 for phenotype FESSEa_res finished
Lambda tested : 33700.0
Elapsed time from start: 0d 3h 9m 19s
Results:
    - MAE : 1.0249608753668848
    - Correlation : 0.5263935621483012
////////////////////////////////////////////
Iteration 115/120 for phenotype FESSEa_res finished
Lambda tested : 33750.0
Elapsed time from start: 0d 3h 10m 57s
Results:
    - MAE : 1.0249487293880855
    - Correlation : 0.5263938072017678
////////////////////////////////////////////
Iteration 116/120 for phenotype FESSEa_res finished
Lambda tested : 33800.0
Elapsed time from start: 0d 3h 12m 35s
Results:
    - MAE : 1.0249366025302287
    - Correlation : 0.5263940051201449
////////////////////////////////////////////
Iteration 117/120 for phenotype FESSEa_res finished
Lambda tested : 33850.0
Elapsed time from start: 0d 3h 14m 13s
Results:
    - MAE : 1.0249244947406833
    - Correlation : 0.5263941560945748
////////////////////////////////////////////
Iteration 118/120 for phenotype FESSEa_res finished
Lambda tested : 33900.0
Elapsed time from start: 0d 3h 15m 51s
Results:
    - MAE : 1.0249124059670087
    - Correlation : 0.5263942603152774
////////////////////////////////////////////
Iteration 119/120 for phenotype FESSEa_res finished
Lambda tested : 33950.0
Elapsed time from start: 0d 3h 17m 30s
Results:
    - MAE : 1.0249003361569546
    - Correlation : 0.5263943179715562
////////////////////////////////////////////
Iteration 120/120 for phenotype FESSEa_res finished
Lambda tested : 34000.0
Elapsed time from start: 0d 3h 19m 8s
Results:
    - MAE : 1.024888285258461
    - Correlation : 0.5263943292518048
////////////////////////////////////////////
Computation finished for FESSEa_res in 0d 3h 19m 8s
