
CommandNotFoundError: Your shell has not been properly configured to use 'conda activate'.
To initialize your shell, run

    $ conda init <SHELL_NAME>

Currently supported shells are:
  - bash
  - fish
  - tcsh
  - xonsh
  - zsh
  - powershell

See 'conda init --help' for more information and options.

IMPORTANT: You may need to close and restart your shell after running 'conda init'.


////////////////////////////////////////////
Iteration 1/60 for phenotype ep_res finished
Lambda tested : 4050.0
Elapsed time from start: 0d 0h 2m 36s
Results:
    - MAE : 1.3771614295884251
    - Correlation : 0.4194649675194196
////////////////////////////////////////////
Iteration 2/60 for phenotype ep_res finished
Lambda tested : 4100.0
Elapsed time from start: 0d 0h 5m 5s
Results:
    - MAE : 1.3758619007499124
    - Correlation : 0.41988711075364094
////////////////////////////////////////////
Iteration 3/60 for phenotype ep_res finished
Lambda tested : 4150.0
Elapsed time from start: 0d 0h 7m 33s
Results:
    - MAE : 1.3745768396215554
    - Correlation : 0.420303255877641
////////////////////////////////////////////
Iteration 4/60 for phenotype ep_res finished
Lambda tested : 4200.0
Elapsed time from start: 0d 0h 10m 1s
Results:
    - MAE : 1.3733059368773248
    - Correlation : 0.4207135550489284
////////////////////////////////////////////
Iteration 5/60 for phenotype ep_res finished
Lambda tested : 4250.0
Elapsed time from start: 0d 0h 12m 30s
Results:
    - MAE : 1.3720525777281478
    - Correlation : 0.421118154773067
////////////////////////////////////////////
Iteration 6/60 for phenotype ep_res finished
Lambda tested : 4300.0
Elapsed time from start: 0d 0h 14m 58s
Results:
    - MAE : 1.3708317903924403
    - Correlation : 0.42151719617625744
////////////////////////////////////////////
Iteration 7/60 for phenotype ep_res finished
Lambda tested : 4350.0
Elapsed time from start: 0d 0h 17m 26s
Results:
    - MAE : 1.3696299999573036
    - Correlation : 0.4219108152619039
////////////////////////////////////////////
Iteration 8/60 for phenotype ep_res finished
Lambda tested : 4400.0
Elapsed time from start: 0d 0h 19m 54s
Results:
    - MAE : 1.368448870586636
    - Correlation : 0.4222991431522697
////////////////////////////////////////////
Iteration 9/60 for phenotype ep_res finished
Lambda tested : 4450.0
Elapsed time from start: 0d 0h 22m 22s
Results:
    - MAE : 1.3672908446957739
    - Correlation : 0.4226823063162351
////////////////////////////////////////////
Iteration 10/60 for phenotype ep_res finished
Lambda tested : 4500.0
Elapsed time from start: 0d 0h 24m 50s
Results:
    - MAE : 1.3661595489736869
    - Correlation : 0.42306042678410083
////////////////////////////////////////////
Iteration 11/60 for phenotype ep_res finished
Lambda tested : 4550.0
Elapsed time from start: 0d 0h 27m 19s
Results:
    - MAE : 1.365042884070832
    - Correlation : 0.42343362235029613
////////////////////////////////////////////
Iteration 12/60 for phenotype ep_res finished
Lambda tested : 4600.0
Elapsed time from start: 0d 0h 29m 47s
Results:
    - MAE : 1.3639511099131896
    - Correlation : 0.4238020067647952
////////////////////////////////////////////
Iteration 13/60 for phenotype ep_res finished
Lambda tested : 4650.0
Elapsed time from start: 0d 0h 32m 14s
Results:
    - MAE : 1.3628700575407142
    - Correlation : 0.4241656899139776
////////////////////////////////////////////
Iteration 14/60 for phenotype ep_res finished
Lambda tested : 4700.0
Elapsed time from start: 0d 0h 34m 41s
Results:
    - MAE : 1.3618068958181004
    - Correlation : 0.42452477799161786
////////////////////////////////////////////
Iteration 15/60 for phenotype ep_res finished
Lambda tested : 4750.0
Elapsed time from start: 0d 0h 37m 10s
Results:
    - MAE : 1.3607551717525053
    - Correlation : 0.42487937366063616
////////////////////////////////////////////
Iteration 16/60 for phenotype ep_res finished
Lambda tested : 4800.0
Elapsed time from start: 0d 0h 39m 48s
Results:
    - MAE : 1.3597193318388772
    - Correlation : 0.4252295762061947
////////////////////////////////////////////
Iteration 17/60 for phenotype ep_res finished
Lambda tested : 4850.0
Elapsed time from start: 0d 0h 42m 26s
Results:
    - MAE : 1.3587050136876042
    - Correlation : 0.4255754816806882
////////////////////////////////////////////
Iteration 18/60 for phenotype ep_res finished
Lambda tested : 4900.0
Elapsed time from start: 0d 0h 45m 4s
Results:
    - MAE : 1.3577001185627664
    - Correlation : 0.42591718304112786
////////////////////////////////////////////
Iteration 19/60 for phenotype ep_res finished
Lambda tested : 4950.0
Elapsed time from start: 0d 0h 47m 38s
Results:
    - MAE : 1.356704477834519
    - Correlation : 0.4262547702793894
////////////////////////////////////////////
Iteration 20/60 for phenotype ep_res finished
Lambda tested : 5000.0
Elapsed time from start: 0d 0h 50m 15s
Results:
    - MAE : 1.3557179274165287
    - Correlation : 0.426588330545763
////////////////////////////////////////////
Iteration 21/60 for phenotype ep_res finished
Lambda tested : 5050.0
Elapsed time from start: 0d 0h 52m 53s
Results:
    - MAE : 1.3547403076021711
    - Correlation : 0.4269179482662074
////////////////////////////////////////////
Iteration 22/60 for phenotype ep_res finished
Lambda tested : 5100.0
Elapsed time from start: 0d 0h 55m 30s
Results:
    - MAE : 1.3537714629081044
    - Correlation : 0.4272437052536836
////////////////////////////////////////////
Iteration 23/60 for phenotype ep_res finished
Lambda tested : 5150.0
Elapsed time from start: 0d 0h 58m 5s
Results:
    - MAE : 1.3528168612685463
    - Correlation : 0.4275656808139266
////////////////////////////////////////////
Iteration 24/60 for phenotype ep_res finished
Lambda tested : 5200.0
Elapsed time from start: 0d 1h 0m 41s
Results:
    - MAE : 1.3518731046838985
    - Correlation : 0.42788395184597344
////////////////////////////////////////////
Iteration 25/60 for phenotype ep_res finished
Lambda tested : 5250.0
Elapsed time from start: 0d 1h 3m 15s
Results:
    - MAE : 1.3509456741159713
    - Correlation : 0.428198592937759
////////////////////////////////////////////
Iteration 26/60 for phenotype ep_res finished
Lambda tested : 5300.0
Elapsed time from start: 0d 1h 5m 51s
Results:
    - MAE : 1.350032598707189
    - Correlation : 0.4285096764570627
////////////////////////////////////////////
Iteration 27/60 for phenotype ep_res finished
Lambda tested : 5350.0
Elapsed time from start: 0d 1h 8m 30s
Results:
    - MAE : 1.349127251205741
    - Correlation : 0.42881727263807146
////////////////////////////////////////////
Iteration 28/60 for phenotype ep_res finished
Lambda tested : 5400.0
Elapsed time from start: 0d 1h 11m 8s
Results:
    - MAE : 1.348230632900561
    - Correlation : 0.4291214496638085
////////////////////////////////////////////
Iteration 29/60 for phenotype ep_res finished
Lambda tested : 5450.0
Elapsed time from start: 0d 1h 13m 46s
Results:
    - MAE : 1.3473520497447713
    - Correlation : 0.42942227374465775
////////////////////////////////////////////
Iteration 30/60 for phenotype ep_res finished
Lambda tested : 5500.0
Elapsed time from start: 0d 1h 16m 24s
Results:
    - MAE : 1.3464920166055203
    - Correlation : 0.4297198091932081
////////////////////////////////////////////
Iteration 31/60 for phenotype ep_res finished
Lambda tested : 5550.0
Elapsed time from start: 0d 1h 19m 5s
Results:
    - MAE : 1.3456463161686243
    - Correlation : 0.43001411849561155
////////////////////////////////////////////
Iteration 32/60 for phenotype ep_res finished
Lambda tested : 5600.0
Elapsed time from start: 0d 1h 21m 45s
Results:
    - MAE : 1.3448198954854016
    - Correlation : 0.43030526237965366
////////////////////////////////////////////
Iteration 33/60 for phenotype ep_res finished
Lambda tested : 5650.0
Elapsed time from start: 0d 1h 24m 26s
Results:
    - MAE : 1.3440141918601887
    - Correlation : 0.43059329987971284
////////////////////////////////////////////
Iteration 34/60 for phenotype ep_res finished
Lambda tested : 5700.0
Elapsed time from start: 0d 1h 27m 7s
Results:
    - MAE : 1.3432148054828277
    - Correlation : 0.4308782883987709
////////////////////////////////////////////
Iteration 35/60 for phenotype ep_res finished
Lambda tested : 5750.0
Elapsed time from start: 0d 1h 29m 47s
Results:
    - MAE : 1.3424216407042449
    - Correlation : 0.43116028376764376
////////////////////////////////////////////
Iteration 36/60 for phenotype ep_res finished
Lambda tested : 5800.0
Elapsed time from start: 0d 1h 32m 27s
Results:
    - MAE : 1.3416353472249147
    - Correlation : 0.43143934030156533
////////////////////////////////////////////
Iteration 37/60 for phenotype ep_res finished
Lambda tested : 5850.0
Elapsed time from start: 0d 1h 35m 7s
Results:
    - MAE : 1.3408645904205458
    - Correlation : 0.4317155108542757
////////////////////////////////////////////
Iteration 38/60 for phenotype ep_res finished
Lambda tested : 5900.0
Elapsed time from start: 0d 1h 37m 47s
Results:
    - MAE : 1.340101872341289
    - Correlation : 0.4319888468697367
////////////////////////////////////////////
Iteration 39/60 for phenotype ep_res finished
Lambda tested : 5950.0
Elapsed time from start: 0d 1h 40m 27s
Results:
    - MAE : 1.339345581182038
    - Correlation : 0.4322593984315993
////////////////////////////////////////////
Iteration 40/60 for phenotype ep_res finished
Lambda tested : 6000.0
Elapsed time from start: 0d 1h 43m 8s
Results:
    - MAE : 1.3386029702185147
    - Correlation : 0.4325272143105394
////////////////////////////////////////////
Iteration 41/60 for phenotype ep_res finished
Lambda tested : 6050.0
Elapsed time from start: 0d 1h 45m 49s
Results:
    - MAE : 1.33786968161309
    - Correlation : 0.4327923420095673
////////////////////////////////////////////
Iteration 42/60 for phenotype ep_res finished
Lambda tested : 6100.0
Elapsed time from start: 0d 1h 48m 30s
Results:
    - MAE : 1.337149363530776
    - Correlation : 0.43305482780741616
////////////////////////////////////////////
Iteration 43/60 for phenotype ep_res finished
Lambda tested : 6150.0
Elapsed time from start: 0d 1h 51m 11s
Results:
    - MAE : 1.3364342745284303
    - Correlation : 0.43331471680010525
////////////////////////////////////////////
Iteration 44/60 for phenotype ep_res finished
Lambda tested : 6200.0
Elapsed time from start: 0d 1h 53m 52s
Results:
    - MAE : 1.335731964170611
    - Correlation : 0.4335720529407649
////////////////////////////////////////////
Iteration 45/60 for phenotype ep_res finished
Lambda tested : 6250.0
Elapsed time from start: 0d 1h 56m 32s
Results:
    - MAE : 1.3350359145100335
    - Correlation : 0.4338268790778154
////////////////////////////////////////////
Iteration 46/60 for phenotype ep_res finished
Lambda tested : 6300.0
Elapsed time from start: 0d 1h 59m 13s
Results:
    - MAE : 1.3343448045152404
    - Correlation : 0.43407923699157197
////////////////////////////////////////////
Iteration 47/60 for phenotype ep_res finished
Lambda tested : 6350.0
Elapsed time from start: 0d 2h 1m 54s
Results:
    - MAE : 1.333658566585597
    - Correlation : 0.43432916742936234
////////////////////////////////////////////
Iteration 48/60 for phenotype ep_res finished
Lambda tested : 6400.0
Elapsed time from start: 0d 2h 4m 35s
Results:
    - MAE : 1.3329812717469376
    - Correlation : 0.4345767101392168
////////////////////////////////////////////
Iteration 49/60 for phenotype ep_res finished
Lambda tested : 6450.0
Elapsed time from start: 0d 2h 7m 16s
Results:
    - MAE : 1.3323190483836582
    - Correlation : 0.4348219039022112
////////////////////////////////////////////
Iteration 50/60 for phenotype ep_res finished
Lambda tested : 6500.0
Elapsed time from start: 0d 2h 9m 57s
Results:
    - MAE : 1.331664507418809
    - Correlation : 0.435064786563515
////////////////////////////////////////////
Iteration 51/60 for phenotype ep_res finished
Lambda tested : 6550.0
Elapsed time from start: 0d 2h 12m 38s
Results:
    - MAE : 1.331025364327425
    - Correlation : 0.43530539506221616
////////////////////////////////////////////
Iteration 52/60 for phenotype ep_res finished
Lambda tested : 6600.0
Elapsed time from start: 0d 2h 15m 19s
Results:
    - MAE : 1.3303917072810962
    - Correlation : 0.43554376545997114
////////////////////////////////////////////
Iteration 53/60 for phenotype ep_res finished
Lambda tested : 6650.0
Elapsed time from start: 0d 2h 18m 0s
Results:
    - MAE : 1.3297623205069327
    - Correlation : 0.43577993296854023
////////////////////////////////////////////
Iteration 54/60 for phenotype ep_res finished
Lambda tested : 6700.0
Elapsed time from start: 0d 2h 20m 41s
Results:
    - MAE : 1.3291371484153272
    - Correlation : 0.436013931976257
////////////////////////////////////////////
Iteration 55/60 for phenotype ep_res finished
Lambda tested : 6750.0
Elapsed time from start: 0d 2h 23m 22s
Results:
    - MAE : 1.3285170458886333
    - Correlation : 0.4362457960734812
////////////////////////////////////////////
Iteration 56/60 for phenotype ep_res finished
Lambda tested : 6800.0
Elapsed time from start: 0d 2h 26m 3s
Results:
    - MAE : 1.3279193811871763
    - Correlation : 0.4364755580770819
////////////////////////////////////////////
Iteration 57/60 for phenotype ep_res finished
Lambda tested : 6850.0
Elapsed time from start: 0d 2h 28m 43s
Results:
    - MAE : 1.3273316352717888
    - Correlation : 0.43670325005399274
////////////////////////////////////////////
Iteration 58/60 for phenotype ep_res finished
Lambda tested : 6900.0
Elapsed time from start: 0d 2h 31m 24s
Results:
    - MAE : 1.3267476757326149
    - Correlation : 0.4369289033438836
////////////////////////////////////////////
Iteration 59/60 for phenotype ep_res finished
Lambda tested : 6950.0
Elapsed time from start: 0d 2h 34m 6s
Results:
    - MAE : 1.3261686216185344
    - Correlation : 0.4371525485809847
////////////////////////////////////////////
Iteration 60/60 for phenotype ep_res finished
Lambda tested : 7000.0
Elapsed time from start: 0d 2h 36m 48s
Results:
    - MAE : 1.3255959086026183
    - Correlation : 0.4373742157151035
////////////////////////////////////////////
Computation finished for ep_res in 0d 2h 36m 48s
////////////////////////////////////////////
Iteration 1/60 for phenotype de_res finished
Lambda tested : 4050.0
Elapsed time from start: 0d 0h 2m 42s
Results:
    - MAE : 2.7651841465407565
    - Correlation : 0.4207989825894095
////////////////////////////////////////////
Iteration 2/60 for phenotype de_res finished
Lambda tested : 4100.0
Elapsed time from start: 0d 0h 5m 23s
Results:
    - MAE : 2.762913072248787
    - Correlation : 0.42121752124427525
////////////////////////////////////////////
Iteration 3/60 for phenotype de_res finished
Lambda tested : 4150.0
Elapsed time from start: 0d 0h 8m 5s
Results:
    - MAE : 2.760685771235145
    - Correlation : 0.421629918235389
////////////////////////////////////////////
Iteration 4/60 for phenotype de_res finished
Lambda tested : 4200.0
Elapsed time from start: 0d 0h 10m 46s
Results:
    - MAE : 2.758488605441504
    - Correlation : 0.4220363209984002
////////////////////////////////////////////
Iteration 5/60 for phenotype de_res finished
Lambda tested : 4250.0
Elapsed time from start: 0d 0h 13m 28s
Results:
    - MAE : 2.7563388562068067
    - Correlation : 0.4224368719094337
////////////////////////////////////////////
Iteration 6/60 for phenotype de_res finished
Lambda tested : 4300.0
Elapsed time from start: 0d 0h 16m 8s
Results:
    - MAE : 2.7542210457443304
    - Correlation : 0.4228317085111228
////////////////////////////////////////////
Iteration 7/60 for phenotype de_res finished
Lambda tested : 4350.0
Elapsed time from start: 0d 0h 18m 50s
Results:
    - MAE : 2.752138787118488
    - Correlation : 0.4232209637262089
////////////////////////////////////////////
Iteration 8/60 for phenotype de_res finished
Lambda tested : 4400.0
Elapsed time from start: 0d 0h 21m 31s
Results:
    - MAE : 2.7500927125882626
    - Correlation : 0.42360476605953024
////////////////////////////////////////////
Iteration 9/60 for phenotype de_res finished
Lambda tested : 4450.0
Elapsed time from start: 0d 0h 24m 11s
Results:
    - MAE : 2.74807354009983
    - Correlation : 0.42398323978914043
////////////////////////////////////////////
Iteration 10/60 for phenotype de_res finished
Lambda tested : 4500.0
Elapsed time from start: 0d 0h 26m 52s
Results:
    - MAE : 2.746097865300025
    - Correlation : 0.42435650514725337
////////////////////////////////////////////
Iteration 11/60 for phenotype de_res finished
Lambda tested : 4550.0
Elapsed time from start: 0d 0h 29m 33s
Results:
    - MAE : 2.744144141825046
    - Correlation : 0.42472467849165546
////////////////////////////////////////////
Iteration 12/60 for phenotype de_res finished
Lambda tested : 4600.0
Elapsed time from start: 0d 0h 32m 14s
Results:
    - MAE : 2.7422402280833214
    - Correlation : 0.4250878724681839
////////////////////////////////////////////
Iteration 13/60 for phenotype de_res finished
Lambda tested : 4650.0
Elapsed time from start: 0d 0h 34m 55s
Results:
    - MAE : 2.740363968535161
    - Correlation : 0.4254461961648196
////////////////////////////////////////////
Iteration 14/60 for phenotype de_res finished
Lambda tested : 4700.0
Elapsed time from start: 0d 0h 37m 36s
Results:
    - MAE : 2.7385218565015825
    - Correlation : 0.4257997552579094
////////////////////////////////////////////
Iteration 15/60 for phenotype de_res finished
Lambda tested : 4750.0
Elapsed time from start: 0d 0h 40m 17s
Results:
    - MAE : 2.736710068931952
    - Correlation : 0.42614865215099346
////////////////////////////////////////////
Iteration 16/60 for phenotype de_res finished
Lambda tested : 4800.0
Elapsed time from start: 0d 0h 42m 59s
Results:
    - MAE : 2.7349171352841366
    - Correlation : 0.4264929861066852
////////////////////////////////////////////
Iteration 17/60 for phenotype de_res finished
Lambda tested : 4850.0
Elapsed time from start: 0d 0h 45m 40s
Results:
    - MAE : 2.7331487530646297
    - Correlation : 0.42683285337201005
////////////////////////////////////////////
Iteration 18/60 for phenotype de_res finished
Lambda tested : 4900.0
Elapsed time from start: 0d 0h 48m 21s
Results:
    - MAE : 2.731424128038897
    - Correlation : 0.42716834729759134
////////////////////////////////////////////
Iteration 19/60 for phenotype de_res finished
Lambda tested : 4950.0
Elapsed time from start: 0d 0h 51m 2s
Results:
    - MAE : 2.729729227920462
    - Correlation : 0.4274995584510427
////////////////////////////////////////////
Iteration 20/60 for phenotype de_res finished
Lambda tested : 5000.0
Elapsed time from start: 0d 0h 53m 43s
Results:
    - MAE : 2.728062769199726
    - Correlation : 0.42782657472489666
////////////////////////////////////////////
Iteration 21/60 for phenotype de_res finished
Lambda tested : 5050.0
Elapsed time from start: 0d 0h 56m 24s
Results:
    - MAE : 2.726422882841605
    - Correlation : 0.4281494814393865
////////////////////////////////////////////
Iteration 22/60 for phenotype de_res finished
Lambda tested : 5100.0
Elapsed time from start: 0d 0h 59m 6s
Results:
    - MAE : 2.7248118912199515
    - Correlation : 0.4284683614403685
////////////////////////////////////////////
Iteration 23/60 for phenotype de_res finished
Lambda tested : 5150.0
Elapsed time from start: 0d 1h 1m 48s
Results:
    - MAE : 2.7232208334988885
    - Correlation : 0.4287832951926592
////////////////////////////////////////////
Iteration 24/60 for phenotype de_res finished
Lambda tested : 5200.0
Elapsed time from start: 0d 1h 4m 29s
Results:
    - MAE : 2.7216450247819703
    - Correlation : 0.42909436086904107
////////////////////////////////////////////
Iteration 25/60 for phenotype de_res finished
Lambda tested : 5250.0
Elapsed time from start: 0d 1h 7m 11s
Results:
    - MAE : 2.720084190361734
    - Correlation : 0.4294016344351766
////////////////////////////////////////////
Iteration 26/60 for phenotype de_res finished
Lambda tested : 5300.0
Elapsed time from start: 0d 1h 9m 52s
Results:
    - MAE : 2.718552413603548
    - Correlation : 0.4297051897306519
////////////////////////////////////////////
Iteration 27/60 for phenotype de_res finished
Lambda tested : 5350.0
Elapsed time from start: 0d 1h 12m 33s
Results:
    - MAE : 2.717046230821576
    - Correlation : 0.4300050985463597
////////////////////////////////////////////
Iteration 28/60 for phenotype de_res finished
Lambda tested : 5400.0
Elapsed time from start: 0d 1h 15m 14s
Results:
    - MAE : 2.7155539507134954
    - Correlation : 0.4303014306984183
////////////////////////////////////////////
Iteration 29/60 for phenotype de_res finished
Lambda tested : 5450.0
Elapsed time from start: 0d 1h 17m 55s
Results:
    - MAE : 2.7140753324448306
    - Correlation : 0.4305942540988115
////////////////////////////////////////////
Iteration 30/60 for phenotype de_res finished
Lambda tested : 5500.0
Elapsed time from start: 0d 1h 20m 36s
Results:
    - MAE : 2.712610443820703
    - Correlation : 0.4308836348229164
////////////////////////////////////////////
Iteration 31/60 for phenotype de_res finished
Lambda tested : 5550.0
Elapsed time from start: 0d 1h 23m 18s
Results:
    - MAE : 2.7111845005387347
    - Correlation : 0.43116963717409146
////////////////////////////////////////////
Iteration 32/60 for phenotype de_res finished
Lambda tested : 5600.0
Elapsed time from start: 0d 1h 25m 59s
Results:
    - MAE : 2.7097969493099665
    - Correlation : 0.4314523237454649
////////////////////////////////////////////
Iteration 33/60 for phenotype de_res finished
Lambda tested : 5650.0
Elapsed time from start: 0d 1h 28m 39s
Results:
    - MAE : 2.7084374660557
    - Correlation : 0.4317317554790781
////////////////////////////////////////////
Iteration 34/60 for phenotype de_res finished
Lambda tested : 5700.0
Elapsed time from start: 0d 1h 31m 19s
Results:
    - MAE : 2.7071056347525038
    - Correlation : 0.43200799172251025
////////////////////////////////////////////
Iteration 35/60 for phenotype de_res finished
Lambda tested : 5750.0
Elapsed time from start: 0d 1h 34m 0s
Results:
    - MAE : 2.705786417160092
    - Correlation : 0.4322810902831169
////////////////////////////////////////////
Iteration 36/60 for phenotype de_res finished
Lambda tested : 5800.0
Elapsed time from start: 0d 1h 36m 41s
Results:
    - MAE : 2.704478667260156
    - Correlation : 0.43255110747999737
////////////////////////////////////////////
Iteration 37/60 for phenotype de_res finished
Lambda tested : 5850.0
Elapsed time from start: 0d 1h 39m 22s
Results:
    - MAE : 2.7031821986206257
    - Correlation : 0.4328180981938071
////////////////////////////////////////////
Iteration 38/60 for phenotype de_res finished
Lambda tested : 5900.0
Elapsed time from start: 0d 1h 42m 3s
Results:
    - MAE : 2.7018968293088554
    - Correlation : 0.43308211591451845
////////////////////////////////////////////
Iteration 39/60 for phenotype de_res finished
Lambda tested : 5950.0
Elapsed time from start: 0d 1h 44m 44s
Results:
    - MAE : 2.7006303556209814
    - Correlation : 0.4333432127872323
////////////////////////////////////////////
Iteration 40/60 for phenotype de_res finished
Lambda tested : 6000.0
Elapsed time from start: 0d 1h 47m 26s
Results:
    - MAE : 2.6993798208956687
    - Correlation : 0.4336014396561337
////////////////////////////////////////////
Iteration 41/60 for phenotype de_res finished
Lambda tested : 6050.0
Elapsed time from start: 0d 1h 50m 8s
Results:
    - MAE : 2.698146569827695
    - Correlation : 0.43385684610667913
////////////////////////////////////////////
Iteration 42/60 for phenotype de_res finished
Lambda tested : 6100.0
Elapsed time from start: 0d 1h 52m 48s
Results:
    - MAE : 2.6969476380823725
    - Correlation : 0.4341094805061034
////////////////////////////////////////////
Iteration 43/60 for phenotype de_res finished
Lambda tested : 6150.0
Elapsed time from start: 0d 1h 55m 29s
Results:
    - MAE : 2.6957708254845327
    - Correlation : 0.4343593900423216
////////////////////////////////////////////
Iteration 44/60 for phenotype de_res finished
Lambda tested : 6200.0
Elapsed time from start: 0d 1h 58m 10s
Results:
    - MAE : 2.6946166120294066
    - Correlation : 0.43460662076130546
////////////////////////////////////////////
Iteration 45/60 for phenotype de_res finished
Lambda tested : 6250.0
Elapsed time from start: 0d 2h 0m 50s
Results:
    - MAE : 2.6934826812453054
    - Correlation : 0.4348512176030003
////////////////////////////////////////////
Iteration 46/60 for phenotype de_res finished
Lambda tested : 6300.0
Elapsed time from start: 0d 2h 3m 32s
Results:
    - MAE : 2.692370230698895
    - Correlation : 0.435093224435855
////////////////////////////////////////////
Iteration 47/60 for phenotype de_res finished
Lambda tested : 6350.0
Elapsed time from start: 0d 2h 6m 13s
Results:
    - MAE : 2.6912664667451556
    - Correlation : 0.4353326840900254
////////////////////////////////////////////
Iteration 48/60 for phenotype de_res finished
Lambda tested : 6400.0
Elapsed time from start: 0d 2h 8m 55s
Results:
    - MAE : 2.690171261797928
    - Correlation : 0.4355696383893125
////////////////////////////////////////////
Iteration 49/60 for phenotype de_res finished
Lambda tested : 6450.0
Elapsed time from start: 0d 2h 11m 35s
Results:
    - MAE : 2.68908449106477
    - Correlation : 0.43580412818189185
////////////////////////////////////////////
Iteration 50/60 for phenotype de_res finished
Lambda tested : 6500.0
Elapsed time from start: 0d 2h 14m 17s
Results:
    - MAE : 2.6880060324654775
    - Correlation : 0.43603619336989063
////////////////////////////////////////////
Iteration 51/60 for phenotype de_res finished
Lambda tested : 6550.0
Elapsed time from start: 0d 2h 16m 58s
Results:
    - MAE : 2.6869357665535643
    - Correlation : 0.436265872937861
////////////////////////////////////////////
Iteration 52/60 for phenotype de_res finished
Lambda tested : 6600.0
Elapsed time from start: 0d 2h 19m 39s
Results:
    - MAE : 2.6858803301628877
    - Correlation : 0.436493204980199
////////////////////////////////////////////
Iteration 53/60 for phenotype de_res finished
Lambda tested : 6650.0
Elapsed time from start: 0d 2h 22m 21s
Results:
    - MAE : 2.6848344562213624
    - Correlation : 0.4367182267275577
////////////////////////////////////////////
Iteration 54/60 for phenotype de_res finished
Lambda tested : 6700.0
Elapsed time from start: 0d 2h 25m 2s
Results:
    - MAE : 2.683796394873992
    - Correlation : 0.4369409745722957
////////////////////////////////////////////
Iteration 55/60 for phenotype de_res finished
Lambda tested : 6750.0
Elapsed time from start: 0d 2h 27m 44s
Results:
    - MAE : 2.6827660366194523
    - Correlation : 0.43716148409300265
////////////////////////////////////////////
Iteration 56/60 for phenotype de_res finished
Lambda tested : 6800.0
Elapsed time from start: 0d 2h 30m 26s
Results:
    - MAE : 2.681760175636236
    - Correlation : 0.43737979007814376
////////////////////////////////////////////
Iteration 57/60 for phenotype de_res finished
Lambda tested : 6850.0
Elapsed time from start: 0d 2h 33m 8s
Results:
    - MAE : 2.6807828734530514
    - Correlation : 0.43759592654885976
////////////////////////////////////////////
Iteration 58/60 for phenotype de_res finished
Lambda tested : 6900.0
Elapsed time from start: 0d 2h 35m 50s
Results:
    - MAE : 2.6798317984463114
    - Correlation : 0.43780992678095676
////////////////////////////////////////////
Iteration 59/60 for phenotype de_res finished
Lambda tested : 6950.0
Elapsed time from start: 0d 2h 38m 31s
Results:
    - MAE : 2.6788895400249753
    - Correlation : 0.438021823326121
////////////////////////////////////////////
Iteration 60/60 for phenotype de_res finished
Lambda tested : 7000.0
Elapsed time from start: 0d 2h 41m 13s
Results:
    - MAE : 2.677953964947291
    - Correlation : 0.43823164803239256
////////////////////////////////////////////
Computation finished for de_res in 0d 2h 41m 13s
////////////////////////////////////////////
Iteration 1/60 for phenotype FESSEp_res finished
Lambda tested : 4050.0
Elapsed time from start: 0d 0h 2m 42s
Results:
    - MAE : 1.0810458071415987
    - Correlation : 0.4701590772128518
////////////////////////////////////////////
Iteration 2/60 for phenotype FESSEp_res finished
Lambda tested : 4100.0
Elapsed time from start: 0d 0h 5m 23s
Results:
    - MAE : 1.08025697678072
    - Correlation : 0.47046399253763993
////////////////////////////////////////////
Iteration 3/60 for phenotype FESSEp_res finished
Lambda tested : 4150.0
Elapsed time from start: 0d 0h 8m 5s
Results:
    - MAE : 1.079476640017223
    - Correlation : 0.47076412364524817
////////////////////////////////////////////
Iteration 4/60 for phenotype FESSEp_res finished
Lambda tested : 4200.0
Elapsed time from start: 0d 0h 10m 45s
Results:
    - MAE : 1.0787067099681282
    - Correlation : 0.47105959489724175
////////////////////////////////////////////
Iteration 5/60 for phenotype FESSEp_res finished
Lambda tested : 4250.0
Elapsed time from start: 0d 0h 13m 26s
Results:
    - MAE : 1.077944497765143
    - Correlation : 0.47135052592502175
////////////////////////////////////////////
Iteration 6/60 for phenotype FESSEp_res finished
Lambda tested : 4300.0
Elapsed time from start: 0d 0h 16m 7s
Results:
    - MAE : 1.077189851792315
    - Correlation : 0.47163703186311284
////////////////////////////////////////////
Iteration 7/60 for phenotype FESSEp_res finished
Lambda tested : 4350.0
Elapsed time from start: 0d 0h 18m 48s
Results:
    - MAE : 1.0764426250662111
    - Correlation : 0.4719192235684619
////////////////////////////////////////////
Iteration 8/60 for phenotype FESSEp_res finished
Lambda tested : 4400.0
Elapsed time from start: 0d 0h 21m 29s
Results:
    - MAE : 1.0757035305796525
    - Correlation : 0.4721972078267209
////////////////////////////////////////////
Iteration 9/60 for phenotype FESSEp_res finished
Lambda tested : 4450.0
Elapsed time from start: 0d 0h 24m 10s
Results:
    - MAE : 1.0749751860049197
    - Correlation : 0.4724710875464289
////////////////////////////////////////////
Iteration 10/60 for phenotype FESSEp_res finished
Lambda tested : 4500.0
Elapsed time from start: 0d 0h 26m 51s
Results:
    - MAE : 1.0742539281440473
    - Correlation : 0.4727409619419161
////////////////////////////////////////////
Iteration 11/60 for phenotype FESSEp_res finished
Lambda tested : 4550.0
Elapsed time from start: 0d 0h 29m 32s
Results:
    - MAE : 1.073542996961866
    - Correlation : 0.4730069267057028
////////////////////////////////////////////
Iteration 12/60 for phenotype FESSEp_res finished
Lambda tested : 4600.0
Elapsed time from start: 0d 0h 32m 14s
Results:
    - MAE : 1.0728389208809097
    - Correlation : 0.47326907417110026
////////////////////////////////////////////
Iteration 13/60 for phenotype FESSEp_res finished
Lambda tested : 4650.0
Elapsed time from start: 0d 0h 34m 56s
Results:
    - MAE : 1.0721470334792753
    - Correlation : 0.4735274934656628
////////////////////////////////////////////
Iteration 14/60 for phenotype FESSEp_res finished
Lambda tested : 4700.0
Elapsed time from start: 0d 0h 37m 39s
Results:
    - MAE : 1.071464500122137
    - Correlation : 0.4737822706560992
////////////////////////////////////////////
Iteration 15/60 for phenotype FESSEp_res finished
Lambda tested : 4750.0
Elapsed time from start: 0d 0h 40m 20s
Results:
    - MAE : 1.070792046351688
    - Correlation : 0.4740334888851974
////////////////////////////////////////////
Iteration 16/60 for phenotype FESSEp_res finished
Lambda tested : 4800.0
Elapsed time from start: 0d 0h 43m 0s
Results:
    - MAE : 1.0701284949452066
    - Correlation : 0.47428122850128135
////////////////////////////////////////////
Iteration 17/60 for phenotype FESSEp_res finished
Lambda tested : 4850.0
Elapsed time from start: 0d 0h 45m 42s
Results:
    - MAE : 1.0694805250181925
    - Correlation : 0.4745255671806743
////////////////////////////////////////////
Iteration 18/60 for phenotype FESSEp_res finished
Lambda tested : 4900.0
Elapsed time from start: 0d 0h 48m 23s
Results:
    - MAE : 1.0688426176964432
    - Correlation : 0.47476658004361844
////////////////////////////////////////////
Iteration 19/60 for phenotype FESSEp_res finished
Lambda tested : 4950.0
Elapsed time from start: 0d 0h 51m 2s
Results:
    - MAE : 1.0682180670143289
    - Correlation : 0.47500433976405176
////////////////////////////////////////////
Iteration 20/60 for phenotype FESSEp_res finished
Lambda tested : 5000.0
Elapsed time from start: 0d 0h 53m 43s
Results:
    - MAE : 1.0676115954207308
    - Correlation : 0.4752389166736334
////////////////////////////////////////////
Iteration 21/60 for phenotype FESSEp_res finished
Lambda tested : 5050.0
Elapsed time from start: 0d 0h 56m 24s
Results:
    - MAE : 1.0670108503950213
    - Correlation : 0.47547037886036697
////////////////////////////////////////////
Iteration 22/60 for phenotype FESSEp_res finished
Lambda tested : 5100.0
Elapsed time from start: 0d 0h 59m 5s
Results:
    - MAE : 1.0664254836226952
    - Correlation : 0.475698792262147
////////////////////////////////////////////
Iteration 23/60 for phenotype FESSEp_res finished
Lambda tested : 5150.0
Elapsed time from start: 0d 1h 1m 46s
Results:
    - MAE : 1.065847828861373
    - Correlation : 0.4759242207555471
////////////////////////////////////////////
Iteration 24/60 for phenotype FESSEp_res finished
Lambda tested : 5200.0
Elapsed time from start: 0d 1h 4m 28s
Results:
    - MAE : 1.0652808183119855
    - Correlation : 0.4761467262401217
////////////////////////////////////////////
Iteration 25/60 for phenotype FESSEp_res finished
Lambda tested : 5250.0
Elapsed time from start: 0d 1h 7m 8s
Results:
    - MAE : 1.0647224292199697
    - Correlation : 0.4763663687184943
////////////////////////////////////////////
Iteration 26/60 for phenotype FESSEp_res finished
Lambda tested : 5300.0
Elapsed time from start: 0d 1h 9m 49s
Results:
    - MAE : 1.064168383911454
    - Correlation : 0.47658320637247936
////////////////////////////////////////////
Iteration 27/60 for phenotype FESSEp_res finished
Lambda tested : 5350.0
Elapsed time from start: 0d 1h 12m 30s
Results:
    - MAE : 1.0636186176148386
    - Correlation : 0.4767972956354664
////////////////////////////////////////////
Iteration 28/60 for phenotype FESSEp_res finished
Lambda tested : 5400.0
Elapsed time from start: 0d 1h 15m 12s
Results:
    - MAE : 1.0630743720397131
    - Correlation : 0.47700869126128476
////////////////////////////////////////////
Iteration 29/60 for phenotype FESSEp_res finished
Lambda tested : 5450.0
Elapsed time from start: 0d 1h 17m 55s
Results:
    - MAE : 1.0625351286087292
    - Correlation : 0.4772174463897461
////////////////////////////////////////////
Iteration 30/60 for phenotype FESSEp_res finished
Lambda tested : 5500.0
Elapsed time from start: 0d 1h 20m 36s
Results:
    - MAE : 1.0620035569832638
    - Correlation : 0.4774236126090593
////////////////////////////////////////////
Iteration 31/60 for phenotype FESSEp_res finished
Lambda tested : 5550.0
Elapsed time from start: 0d 1h 23m 17s
Results:
    - MAE : 1.0614759696165967
    - Correlation : 0.4776272400152858
////////////////////////////////////////////
Iteration 32/60 for phenotype FESSEp_res finished
Lambda tested : 5600.0
Elapsed time from start: 0d 1h 25m 58s
Results:
    - MAE : 1.060952309616857
    - Correlation : 0.477828377269008
////////////////////////////////////////////
Iteration 33/60 for phenotype FESSEp_res finished
Lambda tested : 5650.0
Elapsed time from start: 0d 1h 28m 39s
Results:
    - MAE : 1.0604363880143028
    - Correlation : 0.47802707164935776
////////////////////////////////////////////
Iteration 34/60 for phenotype FESSEp_res finished
Lambda tested : 5700.0
Elapsed time from start: 0d 1h 31m 20s
Results:
    - MAE : 1.0599311692145856
    - Correlation : 0.47822336910555474
////////////////////////////////////////////
Iteration 35/60 for phenotype FESSEp_res finished
Lambda tested : 5750.0
Elapsed time from start: 0d 1h 34m 0s
Results:
    - MAE : 1.0594295702071967
    - Correlation : 0.47841731430608503
////////////////////////////////////////////
Iteration 36/60 for phenotype FESSEp_res finished
Lambda tested : 5800.0
Elapsed time from start: 0d 1h 36m 40s
Results:
    - MAE : 1.058931542102448
    - Correlation : 0.4786089506856531
////////////////////////////////////////////
Iteration 37/60 for phenotype FESSEp_res finished
Lambda tested : 5850.0
Elapsed time from start: 0d 1h 39m 20s
Results:
    - MAE : 1.0584370370282332
    - Correlation : 0.47879832049001975
////////////////////////////////////////////
Iteration 38/60 for phenotype FESSEp_res finished
Lambda tested : 5900.0
Elapsed time from start: 0d 1h 42m 1s
Results:
    - MAE : 1.0579566837957683
    - Correlation : 0.47898546481884124
////////////////////////////////////////////
Iteration 39/60 for phenotype FESSEp_res finished
Lambda tested : 5950.0
Elapsed time from start: 0d 1h 44m 41s
Results:
    - MAE : 1.0574825848766314
    - Correlation : 0.47917042366661533
////////////////////////////////////////////
Iteration 40/60 for phenotype FESSEp_res finished
Lambda tested : 6000.0
Elapsed time from start: 0d 1h 47m 23s
Results:
    - MAE : 1.0570164569670617
    - Correlation : 0.47935323596182944
////////////////////////////////////////////
Iteration 41/60 for phenotype FESSEp_res finished
Lambda tested : 6050.0
Elapsed time from start: 0d 1h 50m 4s
Results:
    - MAE : 1.0565567327710295
    - Correlation : 0.47953393960440815
////////////////////////////////////////////
Iteration 42/60 for phenotype FESSEp_res finished
Lambda tested : 6100.0
Elapsed time from start: 0d 1h 52m 46s
Results:
    - MAE : 1.056110998057405
    - Correlation : 0.47971257150154256
////////////////////////////////////////////
Iteration 43/60 for phenotype FESSEp_res finished
Lambda tested : 6150.0
Elapsed time from start: 0d 1h 55m 27s
Results:
    - MAE : 1.0556682684096113
    - Correlation : 0.4798891676019884
////////////////////////////////////////////
Iteration 44/60 for phenotype FESSEp_res finished
Lambda tested : 6200.0
Elapsed time from start: 0d 1h 58m 8s
Results:
    - MAE : 1.0552283944013394
    - Correlation : 0.48006376292890685
////////////////////////////////////////////
Iteration 45/60 for phenotype FESSEp_res finished
Lambda tested : 6250.0
Elapsed time from start: 0d 2h 0m 49s
Results:
    - MAE : 1.054791341859815
    - Correlation : 0.48023639161132137
////////////////////////////////////////////
Iteration 46/60 for phenotype FESSEp_res finished
Lambda tested : 6300.0
Elapsed time from start: 0d 2h 3m 30s
Results:
    - MAE : 1.0543581778098159
    - Correlation : 0.4804070869142611
////////////////////////////////////////////
Iteration 47/60 for phenotype FESSEp_res finished
Lambda tested : 6350.0
Elapsed time from start: 0d 2h 6m 11s
Results:
    - MAE : 1.05393146386284
    - Correlation : 0.4805758812676542
////////////////////////////////////////////
Iteration 48/60 for phenotype FESSEp_res finished
Lambda tested : 6400.0
Elapsed time from start: 0d 2h 8m 53s
Results:
    - MAE : 1.0535105620297915
    - Correlation : 0.48074280629403177
////////////////////////////////////////////
Iteration 49/60 for phenotype FESSEp_res finished
Lambda tested : 6450.0
Elapsed time from start: 0d 2h 11m 34s
Results:
    - MAE : 1.0530926515278616
    - Correlation : 0.480907892835101
////////////////////////////////////////////
Iteration 50/60 for phenotype FESSEp_res finished
Lambda tested : 6500.0
Elapsed time from start: 0d 2h 14m 16s
Results:
    - MAE : 1.0526773057404908
    - Correlation : 0.4810711709772431
////////////////////////////////////////////
Iteration 51/60 for phenotype FESSEp_res finished
Lambda tested : 6550.0
Elapsed time from start: 0d 2h 16m 57s
Results:
    - MAE : 1.0522644955643836
    - Correlation : 0.4812326700759834
////////////////////////////////////////////
Iteration 52/60 for phenotype FESSEp_res finished
Lambda tested : 6600.0
Elapsed time from start: 0d 2h 19m 38s
Results:
    - MAE : 1.0518541923991354
    - Correlation : 0.4813924187794873
////////////////////////////////////////////
Iteration 53/60 for phenotype FESSEp_res finished
Lambda tested : 6650.0
Elapsed time from start: 0d 2h 22m 19s
Results:
    - MAE : 1.0514463681352413
    - Correlation : 0.48155044505112554
////////////////////////////////////////////
Iteration 54/60 for phenotype FESSEp_res finished
Lambda tested : 6700.0
Elapsed time from start: 0d 2h 25m 0s
Results:
    - MAE : 1.0510409951424735
    - Correlation : 0.4817067761911505
////////////////////////////////////////////
Iteration 55/60 for phenotype FESSEp_res finished
Lambda tested : 6750.0
Elapsed time from start: 0d 2h 27m 41s
Results:
    - MAE : 1.0506439139536181
    - Correlation : 0.48186143885752963
////////////////////////////////////////////
Iteration 56/60 for phenotype FESSEp_res finished
Lambda tested : 6800.0
Elapsed time from start: 0d 2h 30m 23s
Results:
    - MAE : 1.0502519586331107
    - Correlation : 0.48201445908596946
////////////////////////////////////////////
Iteration 57/60 for phenotype FESSEp_res finished
Lambda tested : 6850.0
Elapsed time from start: 0d 2h 33m 4s
Results:
    - MAE : 1.0498660907113224
    - Correlation : 0.4821658623091714
////////////////////////////////////////////
Iteration 58/60 for phenotype FESSEp_res finished
Lambda tested : 6900.0
Elapsed time from start: 0d 2h 35m 45s
Results:
    - MAE : 1.0494840572006416
    - Correlation : 0.4823156733753517
////////////////////////////////////////////
Iteration 59/60 for phenotype FESSEp_res finished
Lambda tested : 6950.0
Elapsed time from start: 0d 2h 38m 26s
Results:
    - MAE : 1.0491088506953146
    - Correlation : 0.4824639165660592
////////////////////////////////////////////
Iteration 60/60 for phenotype FESSEp_res finished
Lambda tested : 7000.0
Elapsed time from start: 0d 2h 41m 7s
Results:
    - MAE : 1.048735818534114
    - Correlation : 0.48261061561332497
////////////////////////////////////////////
Computation finished for FESSEp_res in 0d 2h 41m 7s
////////////////////////////////////////////
Iteration 1/60 for phenotype FESSEa_res finished
Lambda tested : 4050.0
Elapsed time from start: 0d 0h 2m 43s
Results:
    - MAE : 1.0919508311883765
    - Correlation : 0.49001096080903656
////////////////////////////////////////////
Iteration 2/60 for phenotype FESSEa_res finished
Lambda tested : 4100.0
Elapsed time from start: 0d 0h 5m 25s
Results:
    - MAE : 1.091289258492577
    - Correlation : 0.49036959114381945
////////////////////////////////////////////
Iteration 3/60 for phenotype FESSEa_res finished
Lambda tested : 4150.0
Elapsed time from start: 0d 0h 8m 6s
Results:
    - MAE : 1.090635001317751
    - Correlation : 0.4907225825730776
////////////////////////////////////////////
Iteration 4/60 for phenotype FESSEa_res finished
Lambda tested : 4200.0
Elapsed time from start: 0d 0h 10m 48s
Results:
    - MAE : 1.0899890579971314
    - Correlation : 0.49107008367254434
////////////////////////////////////////////
Iteration 5/60 for phenotype FESSEa_res finished
Lambda tested : 4250.0
Elapsed time from start: 0d 0h 13m 30s
Results:
    - MAE : 1.089353849501514
    - Correlation : 0.49141223738541756
////////////////////////////////////////////
Iteration 6/60 for phenotype FESSEa_res finished
Lambda tested : 4300.0
Elapsed time from start: 0d 0h 16m 11s
Results:
    - MAE : 1.0887333978447227
    - Correlation : 0.49174918129759226
////////////////////////////////////////////
Iteration 7/60 for phenotype FESSEa_res finished
Lambda tested : 4350.0
Elapsed time from start: 0d 0h 18m 52s
Results:
    - MAE : 1.0881245806391202
    - Correlation : 0.4920810478965458
////////////////////////////////////////////
Iteration 8/60 for phenotype FESSEa_res finished
Lambda tested : 4400.0
Elapsed time from start: 0d 0h 21m 33s
Results:
    - MAE : 1.0875220876445435
    - Correlation : 0.4924079648150189
////////////////////////////////////////////
Iteration 9/60 for phenotype FESSEa_res finished
Lambda tested : 4450.0
Elapsed time from start: 0d 0h 24m 14s
Results:
    - MAE : 1.0869257907334922
    - Correlation : 0.49273005506053724
////////////////////////////////////////////
Iteration 10/60 for phenotype FESSEa_res finished
Lambda tested : 4500.0
Elapsed time from start: 0d 0h 26m 56s
Results:
    - MAE : 1.0863355657493823
    - Correlation : 0.4930474372317424
////////////////////////////////////////////
Iteration 11/60 for phenotype FESSEa_res finished
Lambda tested : 4550.0
Elapsed time from start: 0d 0h 29m 38s
Results:
    - MAE : 1.08575129234098
    - Correlation : 0.4933602257224126
////////////////////////////////////////////
Iteration 12/60 for phenotype FESSEa_res finished
Lambda tested : 4600.0
Elapsed time from start: 0d 0h 32m 20s
Results:
    - MAE : 1.085172853805473
    - Correlation : 0.49366853091400525
////////////////////////////////////////////
Iteration 13/60 for phenotype FESSEa_res finished
Lambda tested : 4650.0
Elapsed time from start: 0d 0h 35m 1s
Results:
    - MAE : 1.0846021019838346
    - Correlation : 0.4939724593574715
////////////////////////////////////////////
Iteration 14/60 for phenotype FESSEa_res finished
Lambda tested : 4700.0
Elapsed time from start: 0d 0h 37m 42s
Results:
    - MAE : 1.0840395110287215
    - Correlation : 0.4942721139450466
////////////////////////////////////////////
Iteration 15/60 for phenotype FESSEa_res finished
Lambda tested : 4750.0
Elapsed time from start: 0d 0h 40m 23s
Results:
    - MAE : 1.083482336216104
    - Correlation : 0.49456759407266376
////////////////////////////////////////////
Iteration 16/60 for phenotype FESSEa_res finished
Lambda tested : 4800.0
Elapsed time from start: 0d 0h 43m 5s
Results:
    - MAE : 1.0829304763410337
    - Correlation : 0.494858995793595
////////////////////////////////////////////
Iteration 17/60 for phenotype FESSEa_res finished
Lambda tested : 4850.0
Elapsed time from start: 0d 0h 45m 46s
Results:
    - MAE : 1.0823894483907206
    - Correlation : 0.495146411963869
////////////////////////////////////////////
Iteration 18/60 for phenotype FESSEa_res finished
Lambda tested : 4900.0
Elapsed time from start: 0d 0h 48m 27s
Results:
    - MAE : 1.0818599085607707
    - Correlation : 0.4954299323799894
////////////////////////////////////////////
Iteration 19/60 for phenotype FESSEa_res finished
Lambda tested : 4950.0
Elapsed time from start: 0d 0h 51m 9s
Results:
    - MAE : 1.0813446889907037
    - Correlation : 0.4957096439094264
////////////////////////////////////////////
Iteration 20/60 for phenotype FESSEa_res finished
Lambda tested : 5000.0
Elapsed time from start: 0d 0h 53m 51s
Results:
    - MAE : 1.0808383413076117
    - Correlation : 0.49598563061433076
////////////////////////////////////////////
Iteration 21/60 for phenotype FESSEa_res finished
Lambda tested : 5050.0
Elapsed time from start: 0d 0h 56m 33s
Results:
    - MAE : 1.0803480740958655
    - Correlation : 0.4962579738688822
////////////////////////////////////////////
Iteration 22/60 for phenotype FESSEa_res finished
Lambda tested : 5100.0
Elapsed time from start: 0d 0h 59m 14s
Results:
    - MAE : 1.079864872581632
    - Correlation : 0.4965267524706549
////////////////////////////////////////////
Iteration 23/60 for phenotype FESSEa_res finished
Lambda tested : 5150.0
Elapsed time from start: 0d 1h 1m 56s
Results:
    - MAE : 1.079402436062522
    - Correlation : 0.4967920427463618
////////////////////////////////////////////
Iteration 24/60 for phenotype FESSEa_res finished
Lambda tested : 5200.0
Elapsed time from start: 0d 1h 4m 36s
Results:
    - MAE : 1.0789445496910488
    - Correlation : 0.49705391865230814
////////////////////////////////////////////
Iteration 25/60 for phenotype FESSEa_res finished
Lambda tested : 5250.0
Elapsed time from start: 0d 1h 7m 17s
Results:
    - MAE : 1.0784917817609685
    - Correlation : 0.497312451869866
////////////////////////////////////////////
Iteration 26/60 for phenotype FESSEa_res finished
Lambda tested : 5300.0
Elapsed time from start: 0d 1h 9m 58s
Results:
    - MAE : 1.0780485962618505
    - Correlation : 0.4975677118962615
////////////////////////////////////////////
Iteration 27/60 for phenotype FESSEa_res finished
Lambda tested : 5350.0
Elapsed time from start: 0d 1h 12m 39s
Results:
    - MAE : 1.0776126795087289
    - Correlation : 0.49781976613094037
////////////////////////////////////////////
Iteration 28/60 for phenotype FESSEa_res finished
Lambda tested : 5400.0
Elapsed time from start: 0d 1h 15m 20s
Results:
    - MAE : 1.077180338769681
    - Correlation : 0.49806867995777176
////////////////////////////////////////////
Iteration 29/60 for phenotype FESSEa_res finished
Lambda tested : 5450.0
Elapsed time from start: 0d 1h 18m 2s
Results:
    - MAE : 1.0767515163922545
    - Correlation : 0.498314516823318
////////////////////////////////////////////
Iteration 30/60 for phenotype FESSEa_res finished
Lambda tested : 5500.0
Elapsed time from start: 0d 1h 20m 42s
Results:
    - MAE : 1.076326156169408
    - Correlation : 0.4985573383114004
////////////////////////////////////////////
Iteration 31/60 for phenotype FESSEa_res finished
Lambda tested : 5550.0
Elapsed time from start: 0d 1h 23m 23s
Results:
    - MAE : 1.0759042032901578
    - Correlation : 0.49879720421415696
////////////////////////////////////////////
Iteration 32/60 for phenotype FESSEa_res finished
Lambda tested : 5600.0
Elapsed time from start: 0d 1h 26m 4s
Results:
    - MAE : 1.0754933680395797
    - Correlation : 0.49903417259979643
////////////////////////////////////////////
Iteration 33/60 for phenotype FESSEa_res finished
Lambda tested : 5650.0
Elapsed time from start: 0d 1h 28m 46s
Results:
    - MAE : 1.0750896952276854
    - Correlation : 0.4992682998772215
////////////////////////////////////////////
Iteration 34/60 for phenotype FESSEa_res finished
Lambda tested : 5700.0
Elapsed time from start: 0d 1h 31m 24s
Results:
    - MAE : 1.0746891624034538
    - Correlation : 0.49949964085769427
////////////////////////////////////////////
Iteration 35/60 for phenotype FESSEa_res finished
Lambda tested : 5750.0
Elapsed time from start: 0d 1h 34m 2s
Results:
    - MAE : 1.0742917218036558
    - Correlation : 0.4997282488137039
////////////////////////////////////////////
Iteration 36/60 for phenotype FESSEa_res finished
Lambda tested : 5800.0
Elapsed time from start: 0d 1h 36m 40s
Results:
    - MAE : 1.0738973267944647
    - Correlation : 0.49995417553518323
////////////////////////////////////////////
Iteration 37/60 for phenotype FESSEa_res finished
Lambda tested : 5850.0
Elapsed time from start: 0d 1h 39m 16s
Results:
    - MAE : 1.073505931835013
    - Correlation : 0.5001774713832182
////////////////////////////////////////////
Iteration 38/60 for phenotype FESSEa_res finished
Lambda tested : 5900.0
Elapsed time from start: 0d 1h 41m 54s
Results:
    - MAE : 1.0731174924424354
    - Correlation : 0.500398185341378
////////////////////////////////////////////
Iteration 39/60 for phenotype FESSEa_res finished
Lambda tested : 5950.0
Elapsed time from start: 0d 1h 44m 31s
Results:
    - MAE : 1.0727319651583211
    - Correlation : 0.5006163650647918
////////////////////////////////////////////
Iteration 40/60 for phenotype FESSEa_res finished
Lambda tested : 6000.0
Elapsed time from start: 0d 1h 47m 7s
Results:
    - MAE : 1.0723493075165094
    - Correlation : 0.5008320569270888
////////////////////////////////////////////
Iteration 41/60 for phenotype FESSEa_res finished
Lambda tested : 6050.0
Elapsed time from start: 0d 1h 49m 42s
Results:
    - MAE : 1.0719703467322943
    - Correlation : 0.5010453060653112
////////////////////////////////////////////
Iteration 42/60 for phenotype FESSEa_res finished
Lambda tested : 6100.0
Elapsed time from start: 0d 1h 52m 19s
Results:
    - MAE : 1.071599036526325
    - Correlation : 0.5012561564228993
////////////////////////////////////////////
Iteration 43/60 for phenotype FESSEa_res finished
Lambda tested : 6150.0
Elapsed time from start: 0d 1h 54m 56s
Results:
    - MAE : 1.071230412498338
    - Correlation : 0.5014646507908536
////////////////////////////////////////////
Iteration 44/60 for phenotype FESSEa_res finished
Lambda tested : 6200.0
Elapsed time from start: 0d 1h 57m 34s
Results:
    - MAE : 1.0708644371177116
    - Correlation : 0.5016708308471564
////////////////////////////////////////////
Iteration 45/60 for phenotype FESSEa_res finished
Lambda tested : 6250.0
Elapsed time from start: 0d 2h 0m 12s
Results:
    - MAE : 1.0705010736677567
    - Correlation : 0.5018747371945464
////////////////////////////////////////////
Iteration 46/60 for phenotype FESSEa_res finished
Lambda tested : 6300.0
Elapsed time from start: 0d 2h 2m 50s
Results:
    - MAE : 1.0701402862215472
    - Correlation : 0.5020764093967222
////////////////////////////////////////////
Iteration 47/60 for phenotype FESSEa_res finished
Lambda tested : 6350.0
Elapsed time from start: 0d 2h 5m 28s
Results:
    - MAE : 1.0697820396186533
    - Correlation : 0.5022758860130575
////////////////////////////////////////////
Iteration 48/60 for phenotype FESSEa_res finished
Lambda tested : 6400.0
Elapsed time from start: 0d 2h 8m 5s
Results:
    - MAE : 1.0694262994427477
    - Correlation : 0.5024732046318908
////////////////////////////////////////////
Iteration 49/60 for phenotype FESSEa_res finished
Lambda tested : 6450.0
Elapsed time from start: 0d 2h 10m 42s
Results:
    - MAE : 1.0690730320000412
    - Correlation : 0.5026684019024706
////////////////////////////////////////////
Iteration 50/60 for phenotype FESSEa_res finished
Lambda tested : 6500.0
Elapsed time from start: 0d 2h 13m 19s
Results:
    - MAE : 1.0687255238448825
    - Correlation : 0.5028615135656095
////////////////////////////////////////////
Iteration 51/60 for phenotype FESSEa_res finished
Lambda tested : 6550.0
Elapsed time from start: 0d 2h 15m 53s
Results:
    - MAE : 1.0683842159090937
    - Correlation : 0.5030525744831119
////////////////////////////////////////////
Iteration 52/60 for phenotype FESSEa_res finished
Lambda tested : 6600.0
Elapsed time from start: 0d 2h 18m 31s
Results:
    - MAE : 1.068047498522077
    - Correlation : 0.5032416186660399
////////////////////////////////////////////
Iteration 53/60 for phenotype FESSEa_res finished
Lambda tested : 6650.0
Elapsed time from start: 0d 2h 21m 10s
Results:
    - MAE : 1.067714028496208
    - Correlation : 0.5034286793018584
////////////////////////////////////////////
Iteration 54/60 for phenotype FESSEa_res finished
Lambda tested : 6700.0
Elapsed time from start: 0d 2h 23m 50s
Results:
    - MAE : 1.0673853101414421
    - Correlation : 0.503613788780523
////////////////////////////////////////////
Iteration 55/60 for phenotype FESSEa_res finished
Lambda tested : 6750.0
Elapsed time from start: 0d 2h 26m 26s
Results:
    - MAE : 1.0670588948196638
    - Correlation : 0.503796978719555
////////////////////////////////////////////
Iteration 56/60 for phenotype FESSEa_res finished
Lambda tested : 6800.0
Elapsed time from start: 0d 2h 29m 3s
Results:
    - MAE : 1.06673461676392
    - Correlation : 0.5039782799881466
////////////////////////////////////////////
Iteration 57/60 for phenotype FESSEa_res finished
Lambda tested : 6850.0
Elapsed time from start: 0d 2h 31m 41s
Results:
    - MAE : 1.0664124492654403
    - Correlation : 0.5041577227303506
////////////////////////////////////////////
Iteration 58/60 for phenotype FESSEa_res finished
Lambda tested : 6900.0
Elapsed time from start: 0d 2h 34m 18s
Results:
    - MAE : 1.0660923661321928
    - Correlation : 0.50433533638738
////////////////////////////////////////////
Iteration 59/60 for phenotype FESSEa_res finished
Lambda tested : 6950.0
Elapsed time from start: 0d 2h 36m 54s
Results:
    - MAE : 1.0657796669123156
    - Correlation : 0.5045111497190746
////////////////////////////////////////////
Iteration 60/60 for phenotype FESSEa_res finished
Lambda tested : 7000.0
Elapsed time from start: 0d 2h 39m 33s
Results:
    - MAE : 1.0654691654438617
    - Correlation : 0.504685190824558
////////////////////////////////////////////
Computation finished for FESSEa_res in 0d 2h 39m 33s
////////////////////////////////////////////
Iteration 1/60 for phenotype size_res finished
Lambda tested : 4050.0
Elapsed time from start: 0d 0h 2m 21s
Results:
    - MAE : 5.5161920597297565
    - Correlation : 0.4238475524615211
////////////////////////////////////////////
Iteration 2/60 for phenotype size_res finished
Lambda tested : 4100.0
Elapsed time from start: 0d 0h 4m 42s
Results:
    - MAE : 5.513375740749246
    - Correlation : 0.42419678183929027
////////////////////////////////////////////
Iteration 3/60 for phenotype size_res finished
Lambda tested : 4150.0
Elapsed time from start: 0d 0h 7m 3s
Results:
    - MAE : 5.510593349493988
    - Correlation : 0.42453960701891724
////////////////////////////////////////////
Iteration 4/60 for phenotype size_res finished
Lambda tested : 4200.0
Elapsed time from start: 0d 0h 9m 24s
Results:
    - MAE : 5.507844139133635
    - Correlation : 0.4248761956017562
////////////////////////////////////////////
Iteration 5/60 for phenotype size_res finished
Lambda tested : 4250.0
Elapsed time from start: 0d 0h 11m 44s
Results:
    - MAE : 5.505127386833086
    - Correlation : 0.4252067091754719
////////////////////////////////////////////
Iteration 6/60 for phenotype size_res finished
Lambda tested : 4300.0
Elapsed time from start: 0d 0h 14m 0s
Results:
    - MAE : 5.502442392739432
    - Correlation : 0.42553130358976954
////////////////////////////////////////////
Iteration 7/60 for phenotype size_res finished
Lambda tested : 4350.0
Elapsed time from start: 0d 0h 16m 20s
Results:
    - MAE : 5.499788479021728
    - Correlation : 0.4258501292167305
////////////////////////////////////////////
Iteration 8/60 for phenotype size_res finished
Lambda tested : 4400.0
Elapsed time from start: 0d 0h 18m 41s
Results:
    - MAE : 5.497164988960324
    - Correlation : 0.42616333119677074
////////////////////////////////////////////
Iteration 9/60 for phenotype size_res finished
Lambda tested : 4450.0
Elapsed time from start: 0d 0h 21m 3s
Results:
    - MAE : 5.494603408937068
    - Correlation : 0.42647104967115135
////////////////////////////////////////////
Iteration 10/60 for phenotype size_res finished
Lambda tested : 4500.0
Elapsed time from start: 0d 0h 23m 21s
Results:
    - MAE : 5.492115047177035
    - Correlation : 0.42677342000191526
////////////////////////////////////////////
Iteration 11/60 for phenotype size_res finished
Lambda tested : 4550.0
Elapsed time from start: 0d 0h 25m 42s
Results:
    - MAE : 5.489665516478886
    - Correlation : 0.42707057298004236
////////////////////////////////////////////
Iteration 12/60 for phenotype size_res finished
Lambda tested : 4600.0
Elapsed time from start: 0d 0h 28m 4s
Results:
    - MAE : 5.487253553393329
    - Correlation : 0.4273626350225678
////////////////////////////////////////////
Iteration 13/60 for phenotype size_res finished
Lambda tested : 4650.0
Elapsed time from start: 0d 0h 30m 24s
Results:
    - MAE : 5.484945242985898
    - Correlation : 0.4276497283593584
////////////////////////////////////////////
Iteration 14/60 for phenotype size_res finished
Lambda tested : 4700.0
Elapsed time from start: 0d 0h 32m 46s
Results:
    - MAE : 5.482662291475825
    - Correlation : 0.42793197121017534
////////////////////////////////////////////
Iteration 15/60 for phenotype size_res finished
Lambda tested : 4750.0
Elapsed time from start: 0d 0h 35m 4s
Results:
    - MAE : 5.480412232742888
    - Correlation : 0.42820947795262765
////////////////////////////////////////////
Iteration 16/60 for phenotype size_res finished
Lambda tested : 4800.0
Elapsed time from start: 0d 0h 37m 24s
Results:
    - MAE : 5.478210348292626
    - Correlation : 0.4284823592815629
////////////////////////////////////////////
Iteration 17/60 for phenotype size_res finished
Lambda tested : 4850.0
Elapsed time from start: 0d 0h 39m 45s
Results:
    - MAE : 5.476080964894963
    - Correlation : 0.4287507223604109
////////////////////////////////////////////
Iteration 18/60 for phenotype size_res finished
Lambda tested : 4900.0
Elapsed time from start: 0d 0h 42m 6s
Results:
    - MAE : 5.473973962787952
    - Correlation : 0.42901467096495494
////////////////////////////////////////////
Iteration 19/60 for phenotype size_res finished
Lambda tested : 4950.0
Elapsed time from start: 0d 0h 44m 25s
Results:
    - MAE : 5.471888912222833
    - Correlation : 0.4292743056199848
////////////////////////////////////////////
Iteration 20/60 for phenotype size_res finished
Lambda tested : 5000.0
Elapsed time from start: 0d 0h 46m 48s
Results:
    - MAE : 5.469825395478654
    - Correlation : 0.429529723729238
////////////////////////////////////////////
Iteration 21/60 for phenotype size_res finished
Lambda tested : 5050.0
Elapsed time from start: 0d 0h 49m 8s
Results:
    - MAE : 5.467816600532056
    - Correlation : 0.4297810196990201
////////////////////////////////////////////
Iteration 22/60 for phenotype size_res finished
Lambda tested : 5100.0
Elapsed time from start: 0d 0h 51m 31s
Results:
    - MAE : 5.465864853750938
    - Correlation : 0.4300282850558685
////////////////////////////////////////////
Iteration 23/60 for phenotype size_res finished
Lambda tested : 5150.0
Elapsed time from start: 0d 0h 53m 51s
Results:
    - MAE : 5.46398367665582
    - Correlation : 0.43027160855859464
////////////////////////////////////////////
Iteration 24/60 for phenotype size_res finished
Lambda tested : 5200.0
Elapsed time from start: 0d 0h 56m 10s
Results:
    - MAE : 5.4621312516781435
    - Correlation : 0.4305110763050229
////////////////////////////////////////////
Iteration 25/60 for phenotype size_res finished
Lambda tested : 5250.0
Elapsed time from start: 0d 0h 58m 33s
Results:
    - MAE : 5.46030656378966
    - Correlation : 0.4307467718337186
////////////////////////////////////////////
Iteration 26/60 for phenotype size_res finished
Lambda tested : 5300.0
Elapsed time from start: 0d 1h 0m 54s
Results:
    - MAE : 5.458530309887936
    - Correlation : 0.43097877622098624
////////////////////////////////////////////
Iteration 27/60 for phenotype size_res finished
Lambda tested : 5350.0
Elapsed time from start: 0d 1h 3m 14s
Results:
    - MAE : 5.456812210960357
    - Correlation : 0.4312071681733933
////////////////////////////////////////////
Iteration 28/60 for phenotype size_res finished
Lambda tested : 5400.0
Elapsed time from start: 0d 1h 5m 34s
Results:
    - MAE : 5.455176347261122
    - Correlation : 0.4314320241160638
////////////////////////////////////////////
Iteration 29/60 for phenotype size_res finished
Lambda tested : 5450.0
Elapsed time from start: 0d 1h 7m 54s
Results:
    - MAE : 5.453579739300341
    - Correlation : 0.4316534182769724
////////////////////////////////////////////
Iteration 30/60 for phenotype size_res finished
Lambda tested : 5500.0
Elapsed time from start: 0d 1h 10m 13s
Results:
    - MAE : 5.451998002248447
    - Correlation : 0.43187142276744384
////////////////////////////////////////////
Iteration 31/60 for phenotype size_res finished
Lambda tested : 5550.0
Elapsed time from start: 0d 1h 12m 32s
Results:
    - MAE : 5.450430880242694
    - Correlation : 0.43208610765907024
////////////////////////////////////////////
Iteration 32/60 for phenotype size_res finished
Lambda tested : 5600.0
Elapsed time from start: 0d 1h 14m 53s
Results:
    - MAE : 5.4488784441148495
    - Correlation : 0.4322975410572242
////////////////////////////////////////////
Iteration 33/60 for phenotype size_res finished
Lambda tested : 5650.0
Elapsed time from start: 0d 1h 17m 14s
Results:
    - MAE : 5.447349702785301
    - Correlation : 0.4325057891713502
////////////////////////////////////////////
Iteration 34/60 for phenotype size_res finished
Lambda tested : 5700.0
Elapsed time from start: 0d 1h 19m 34s
Results:
    - MAE : 5.445834782266308
    - Correlation : 0.4327109163821993
////////////////////////////////////////////
Iteration 35/60 for phenotype size_res finished
Lambda tested : 5750.0
Elapsed time from start: 0d 1h 21m 55s
Results:
    - MAE : 5.444341694947445
    - Correlation : 0.432912985306164
////////////////////////////////////////////
Iteration 36/60 for phenotype size_res finished
Lambda tested : 5800.0
Elapsed time from start: 0d 1h 24m 15s
Results:
    - MAE : 5.442876614440251
    - Correlation : 0.4331120568568587
////////////////////////////////////////////
Iteration 37/60 for phenotype size_res finished
Lambda tested : 5850.0
Elapsed time from start: 0d 1h 26m 36s
Results:
    - MAE : 5.441440984243953
    - Correlation : 0.43330819030408685
////////////////////////////////////////////
Iteration 38/60 for phenotype size_res finished
Lambda tested : 5900.0
Elapsed time from start: 0d 1h 28m 58s
Results:
    - MAE : 5.440025036379105
    - Correlation : 0.43350144333032475
////////////////////////////////////////////
Iteration 39/60 for phenotype size_res finished
Lambda tested : 5950.0
Elapsed time from start: 0d 1h 31m 18s
Results:
    - MAE : 5.438621635228816
    - Correlation : 0.43369187208484317
////////////////////////////////////////////
Iteration 40/60 for phenotype size_res finished
Lambda tested : 6000.0
Elapsed time from start: 0d 1h 33m 38s
Results:
    - MAE : 5.437245933538439
    - Correlation : 0.43387953123558726
////////////////////////////////////////////
Iteration 41/60 for phenotype size_res finished
Lambda tested : 6050.0
Elapsed time from start: 0d 1h 36m 0s
Results:
    - MAE : 5.435884030842556
    - Correlation : 0.4340644740189198
////////////////////////////////////////////
Iteration 42/60 for phenotype size_res finished
Lambda tested : 6100.0
Elapsed time from start: 0d 1h 38m 22s
Results:
    - MAE : 5.43453395672288
    - Correlation : 0.43424675228733295
////////////////////////////////////////////
Iteration 43/60 for phenotype size_res finished
Lambda tested : 6150.0
Elapsed time from start: 0d 1h 40m 40s
Results:
    - MAE : 5.4331955229739854
    - Correlation : 0.43442641655522635
////////////////////////////////////////////
Iteration 44/60 for phenotype size_res finished
Lambda tested : 6200.0
Elapsed time from start: 0d 1h 42m 57s
Results:
    - MAE : 5.431868545747177
    - Correlation : 0.4346035160428461
////////////////////////////////////////////
Iteration 45/60 for phenotype size_res finished
Lambda tested : 6250.0
Elapsed time from start: 0d 1h 45m 17s
Results:
    - MAE : 5.430552845418125
    - Correlation : 0.4347780987184652
////////////////////////////////////////////
Iteration 46/60 for phenotype size_res finished
Lambda tested : 6300.0
Elapsed time from start: 0d 1h 47m 37s
Results:
    - MAE : 5.429249961534296
    - Correlation : 0.4349502113388958
////////////////////////////////////////////
Iteration 47/60 for phenotype size_res finished
Lambda tested : 6350.0
Elapsed time from start: 0d 1h 49m 58s
Results:
    - MAE : 5.42802324203948
    - Correlation : 0.4351198994884068
////////////////////////////////////////////
Iteration 48/60 for phenotype size_res finished
Lambda tested : 6400.0
Elapsed time from start: 0d 1h 52m 19s
Results:
    - MAE : 5.426814718934181
    - Correlation : 0.4352872076161192
////////////////////////////////////////////
Iteration 49/60 for phenotype size_res finished
Lambda tested : 6450.0
Elapsed time from start: 0d 1h 54m 38s
Results:
    - MAE : 5.42561631821662
    - Correlation : 0.4354521790719549
////////////////////////////////////////////
Iteration 50/60 for phenotype size_res finished
Lambda tested : 6500.0
Elapsed time from start: 0d 1h 56m 57s
Results:
    - MAE : 5.424427885417103
    - Correlation : 0.4356148561411986
////////////////////////////////////////////
Iteration 51/60 for phenotype size_res finished
Lambda tested : 6550.0
Elapsed time from start: 0d 1h 59m 15s
Results:
    - MAE : 5.423255743001431
    - Correlation : 0.4357752800777409
////////////////////////////////////////////
Iteration 52/60 for phenotype size_res finished
Lambda tested : 6600.0
Elapsed time from start: 0d 2h 1m 37s
Results:
    - MAE : 5.422106155116772
    - Correlation : 0.435933491136057
////////////////////////////////////////////
Iteration 53/60 for phenotype size_res finished
Lambda tested : 6650.0
Elapsed time from start: 0d 2h 3m 57s
Results:
    - MAE : 5.420965985473518
    - Correlation : 0.43608952860198263
////////////////////////////////////////////
Iteration 54/60 for phenotype size_res finished
Lambda tested : 6700.0
Elapsed time from start: 0d 2h 6m 17s
Results:
    - MAE : 5.419874246754689
    - Correlation : 0.4362434308223362
////////////////////////////////////////////
Iteration 55/60 for phenotype size_res finished
Lambda tested : 6750.0
Elapsed time from start: 0d 2h 8m 39s
Results:
    - MAE : 5.418856155044722
    - Correlation : 0.43639523523344076
////////////////////////////////////////////
Iteration 56/60 for phenotype size_res finished
Lambda tested : 6800.0
Elapsed time from start: 0d 2h 10m 59s
Results:
    - MAE : 5.417873062150887
    - Correlation : 0.436544978388593
////////////////////////////////////////////
Iteration 57/60 for phenotype size_res finished
Lambda tested : 6850.0
Elapsed time from start: 0d 2h 13m 20s
Results:
    - MAE : 5.416897813253539
    - Correlation : 0.4366926959845247
////////////////////////////////////////////
Iteration 58/60 for phenotype size_res finished
Lambda tested : 6900.0
Elapsed time from start: 0d 2h 15m 39s
Results:
    - MAE : 5.415930293687199
    - Correlation : 0.4368384228869
////////////////////////////////////////////
Iteration 59/60 for phenotype size_res finished
Lambda tested : 6950.0
Elapsed time from start: 0d 2h 18m 1s
Results:
    - MAE : 5.414975972683042
    - Correlation : 0.4369821931548923
////////////////////////////////////////////
Iteration 60/60 for phenotype size_res finished
Lambda tested : 7000.0
Elapsed time from start: 0d 2h 20m 21s
Results:
    - MAE : 5.414048811923825
    - Correlation : 0.4371240400648741
////////////////////////////////////////////
Computation finished for size_res in 0d 2h 20m 21s
////////////////////////////////////////////
Iteration 1/60 for phenotype MUSC_res finished
Lambda tested : 4050.0
Elapsed time from start: 0d 0h 2m 18s
Results:
    - MAE : 1.1654201246926805
    - Correlation : 0.5273759437514524
////////////////////////////////////////////
Iteration 2/60 for phenotype MUSC_res finished
Lambda tested : 4100.0
Elapsed time from start: 0d 0h 4m 37s
Results:
    - MAE : 1.1647507379740283
    - Correlation : 0.5276592236931467
////////////////////////////////////////////
Iteration 3/60 for phenotype MUSC_res finished
Lambda tested : 4150.0
Elapsed time from start: 0d 0h 6m 54s
Results:
    - MAE : 1.1641039504218675
    - Correlation : 0.5279376639139339
////////////////////////////////////////////
Iteration 4/60 for phenotype MUSC_res finished
Lambda tested : 4200.0
Elapsed time from start: 0d 0h 9m 13s
Results:
    - MAE : 1.1634853517044572
    - Correlation : 0.5282113946347536
////////////////////////////////////////////
Iteration 5/60 for phenotype MUSC_res finished
Lambda tested : 4250.0
Elapsed time from start: 0d 0h 11m 31s
Results:
    - MAE : 1.1628904051703552
    - Correlation : 0.5284805411205279
////////////////////////////////////////////
Iteration 6/60 for phenotype MUSC_res finished
Lambda tested : 4300.0
Elapsed time from start: 0d 0h 13m 50s
Results:
    - MAE : 1.1623049574586848
    - Correlation : 0.5287452239210407
////////////////////////////////////////////
Iteration 7/60 for phenotype MUSC_res finished
Lambda tested : 4350.0
Elapsed time from start: 0d 0h 16m 9s
Results:
    - MAE : 1.1617283751843592
    - Correlation : 0.529005559097657
////////////////////////////////////////////
Iteration 8/60 for phenotype MUSC_res finished
Lambda tested : 4400.0
Elapsed time from start: 0d 0h 18m 28s
Results:
    - MAE : 1.1611682069287745
    - Correlation : 0.5292616584368516
////////////////////////////////////////////
Iteration 9/60 for phenotype MUSC_res finished
Lambda tested : 4450.0
Elapsed time from start: 0d 0h 20m 44s
Results:
    - MAE : 1.1606272917129967
    - Correlation : 0.5295136296514513
////////////////////////////////////////////
Iteration 10/60 for phenotype MUSC_res finished
Lambda tested : 4500.0
Elapsed time from start: 0d 0h 23m 1s
Results:
    - MAE : 1.1601049780113353
    - Correlation : 0.5297615765704126
////////////////////////////////////////////
Iteration 11/60 for phenotype MUSC_res finished
Lambda tested : 4550.0
Elapsed time from start: 0d 0h 25m 19s
Results:
    - MAE : 1.1595925386039543
    - Correlation : 0.5300055993179011
////////////////////////////////////////////
Iteration 12/60 for phenotype MUSC_res finished
Lambda tested : 4600.0
Elapsed time from start: 0d 0h 27m 35s
Results:
    - MAE : 1.1590865392217984
    - Correlation : 0.530245794482384
////////////////////////////////////////////
Iteration 13/60 for phenotype MUSC_res finished
Lambda tested : 4650.0
Elapsed time from start: 0d 0h 29m 52s
Results:
    - MAE : 1.1585850978765215
    - Correlation : 0.5304822552763763
////////////////////////////////////////////
Iteration 14/60 for phenotype MUSC_res finished
Lambda tested : 4700.0
Elapsed time from start: 0d 0h 32m 8s
Results:
    - MAE : 1.158089806120951
    - Correlation : 0.5307150716874592
////////////////////////////////////////////
Iteration 15/60 for phenotype MUSC_res finished
Lambda tested : 4750.0
Elapsed time from start: 0d 0h 34m 27s
Results:
    - MAE : 1.1576039156630242
    - Correlation : 0.5309443306211173
////////////////////////////////////////////
Iteration 16/60 for phenotype MUSC_res finished
Lambda tested : 4800.0
Elapsed time from start: 0d 0h 36m 44s
Results:
    - MAE : 1.1571225721497378
    - Correlation : 0.5311701160359195
////////////////////////////////////////////
Iteration 17/60 for phenotype MUSC_res finished
Lambda tested : 4850.0
Elapsed time from start: 0d 0h 39m 1s
Results:
    - MAE : 1.1566503749789405
    - Correlation : 0.5313925090715227
////////////////////////////////////////////
Iteration 18/60 for phenotype MUSC_res finished
Lambda tested : 4900.0
Elapsed time from start: 0d 0h 41m 20s
Results:
    - MAE : 1.1561822034760056
    - Correlation : 0.5316115881699454
////////////////////////////////////////////
Iteration 19/60 for phenotype MUSC_res finished
Lambda tested : 4950.0
Elapsed time from start: 0d 0h 43m 39s
Results:
    - MAE : 1.1557179868841327
    - Correlation : 0.5318274291905205
////////////////////////////////////////////
Iteration 20/60 for phenotype MUSC_res finished
Lambda tested : 5000.0
Elapsed time from start: 0d 0h 45m 58s
Results:
    - MAE : 1.1552627961560107
    - Correlation : 0.5320401055189231
////////////////////////////////////////////
Iteration 21/60 for phenotype MUSC_res finished
Lambda tested : 5050.0
Elapsed time from start: 0d 0h 48m 15s
Results:
    - MAE : 1.1548210430297092
    - Correlation : 0.5322496881706177
////////////////////////////////////////////
Iteration 22/60 for phenotype MUSC_res finished
Lambda tested : 5100.0
Elapsed time from start: 0d 0h 50m 33s
Results:
    - MAE : 1.1543890130491419
    - Correlation : 0.5324562458890704
////////////////////////////////////////////
Iteration 23/60 for phenotype MUSC_res finished
Lambda tested : 5150.0
Elapsed time from start: 0d 0h 52m 52s
Results:
    - MAE : 1.1539650695816654
    - Correlation : 0.53265984523903
////////////////////////////////////////////
Iteration 24/60 for phenotype MUSC_res finished
Lambda tested : 5200.0
Elapsed time from start: 0d 0h 55m 8s
Results:
    - MAE : 1.153544471860349
    - Correlation : 0.5328605506951706
////////////////////////////////////////////
Iteration 25/60 for phenotype MUSC_res finished
Lambda tested : 5250.0
Elapsed time from start: 0d 0h 57m 23s
Results:
    - MAE : 1.153127165165549
    - Correlation : 0.5330584247263637
////////////////////////////////////////////
Iteration 26/60 for phenotype MUSC_res finished
Lambda tested : 5300.0
Elapsed time from start: 0d 0h 59m 42s
Results:
    - MAE : 1.1527271152199938
    - Correlation : 0.5332535278758328
////////////////////////////////////////////
Iteration 27/60 for phenotype MUSC_res finished
Lambda tested : 5350.0
Elapsed time from start: 0d 1h 1m 59s
Results:
    - MAE : 1.1523357279672652
    - Correlation : 0.5334459188374301
////////////////////////////////////////////
Iteration 28/60 for phenotype MUSC_res finished
Lambda tested : 5400.0
Elapsed time from start: 0d 1h 4m 16s
Results:
    - MAE : 1.151950923917026
    - Correlation : 0.5336356545282444
////////////////////////////////////////////
Iteration 29/60 for phenotype MUSC_res finished
Lambda tested : 5450.0
Elapsed time from start: 0d 1h 6m 34s
Results:
    - MAE : 1.1515729623208009
    - Correlation : 0.5338227901577598
////////////////////////////////////////////
Iteration 30/60 for phenotype MUSC_res finished
Lambda tested : 5500.0
Elapsed time from start: 0d 1h 8m 51s
Results:
    - MAE : 1.1511976746739
    - Correlation : 0.5340073792937502
////////////////////////////////////////////
Iteration 31/60 for phenotype MUSC_res finished
Lambda tested : 5550.0
Elapsed time from start: 0d 1h 11m 9s
Results:
    - MAE : 1.1508250222538545
    - Correlation : 0.5341894739250842
////////////////////////////////////////////
Iteration 32/60 for phenotype MUSC_res finished
Lambda tested : 5600.0
Elapsed time from start: 0d 1h 13m 27s
Results:
    - MAE : 1.1504549672387403
    - Correlation : 0.5343691245216264
////////////////////////////////////////////
Iteration 33/60 for phenotype MUSC_res finished
Lambda tested : 5650.0
Elapsed time from start: 0d 1h 15m 45s
Results:
    - MAE : 1.1500895106363322
    - Correlation : 0.5345463800913749
////////////////////////////////////////////
Iteration 34/60 for phenotype MUSC_res finished
Lambda tested : 5700.0
Elapsed time from start: 0d 1h 18m 1s
Results:
    - MAE : 1.1497270597446685
    - Correlation : 0.5347212882349941
////////////////////////////////////////////
Iteration 35/60 for phenotype MUSC_res finished
Lambda tested : 5750.0
Elapsed time from start: 0d 1h 20m 18s
Results:
    - MAE : 1.1493698300068864
    - Correlation : 0.5348938951978808
////////////////////////////////////////////
Iteration 36/60 for phenotype MUSC_res finished
Lambda tested : 5800.0
Elapsed time from start: 0d 1h 22m 37s
Results:
    - MAE : 1.1490180775675098
    - Correlation : 0.5350642459198911
////////////////////////////////////////////
Iteration 37/60 for phenotype MUSC_res finished
Lambda tested : 5850.0
Elapsed time from start: 0d 1h 24m 55s
Results:
    - MAE : 1.148673959708239
    - Correlation : 0.5352323840828548
////////////////////////////////////////////
Iteration 38/60 for phenotype MUSC_res finished
Lambda tested : 5900.0
Elapsed time from start: 0d 1h 27m 12s
Results:
    - MAE : 1.14833349584301
    - Correlation : 0.5353983521559891
////////////////////////////////////////////
Iteration 39/60 for phenotype MUSC_res finished
Lambda tested : 5950.0
Elapsed time from start: 0d 1h 29m 30s
Results:
    - MAE : 1.1480008412482738
    - Correlation : 0.5355621914393242
////////////////////////////////////////////
Iteration 40/60 for phenotype MUSC_res finished
Lambda tested : 6000.0
Elapsed time from start: 0d 1h 31m 47s
Results:
    - MAE : 1.1476756510288715
    - Correlation : 0.5357239421052387
////////////////////////////////////////////
Iteration 41/60 for phenotype MUSC_res finished
Lambda tested : 6050.0
Elapsed time from start: 0d 1h 34m 8s
Results:
    - MAE : 1.147352444982413
    - Correlation : 0.5358836432382054
////////////////////////////////////////////
Iteration 42/60 for phenotype MUSC_res finished
Lambda tested : 6100.0
Elapsed time from start: 0d 1h 36m 30s
Results:
    - MAE : 1.147034906484606
    - Correlation : 0.5360413328728334
////////////////////////////////////////////
Iteration 43/60 for phenotype MUSC_res finished
Lambda tested : 6150.0
Elapsed time from start: 0d 1h 38m 51s
Results:
    - MAE : 1.1467208228497032
    - Correlation : 0.5361970480302966
////////////////////////////////////////////
Iteration 44/60 for phenotype MUSC_res finished
Lambda tested : 6200.0
Elapsed time from start: 0d 1h 41m 12s
Results:
    - MAE : 1.1464085877200652
    - Correlation : 0.536350824753224
////////////////////////////////////////////
Iteration 45/60 for phenotype MUSC_res finished
Lambda tested : 6250.0
Elapsed time from start: 0d 1h 43m 32s
Results:
    - MAE : 1.1461066659374202
    - Correlation : 0.5365026981391339
////////////////////////////////////////////
Iteration 46/60 for phenotype MUSC_res finished
Lambda tested : 6300.0
Elapsed time from start: 0d 1h 45m 52s
Results:
    - MAE : 1.1458148894421794
    - Correlation : 0.5366527023724742
////////////////////////////////////////////
Iteration 47/60 for phenotype MUSC_res finished
Lambda tested : 6350.0
Elapsed time from start: 0d 1h 48m 13s
Results:
    - MAE : 1.145532383259142
    - Correlation : 0.5368008707553492
////////////////////////////////////////////
Iteration 48/60 for phenotype MUSC_res finished
Lambda tested : 6400.0
Elapsed time from start: 0d 1h 50m 33s
Results:
    - MAE : 1.1452514415780306
    - Correlation : 0.5369472357369842
////////////////////////////////////////////
Iteration 49/60 for phenotype MUSC_res finished
Lambda tested : 6450.0
Elapsed time from start: 0d 1h 52m 54s
Results:
    - MAE : 1.1449720473675817
    - Correlation : 0.537091828941995
////////////////////////////////////////////
Iteration 50/60 for phenotype MUSC_res finished
Lambda tested : 6500.0
Elapsed time from start: 0d 1h 55m 15s
Results:
    - MAE : 1.144697384927889
    - Correlation : 0.5372346811975184
////////////////////////////////////////////
Iteration 51/60 for phenotype MUSC_res finished
Lambda tested : 6550.0
Elapsed time from start: 0d 1h 57m 36s
Results:
    - MAE : 1.1444306953411456
    - Correlation : 0.5373758225592572
////////////////////////////////////////////
Iteration 52/60 for phenotype MUSC_res finished
Lambda tested : 6600.0
Elapsed time from start: 0d 1h 59m 57s
Results:
    - MAE : 1.14416961604406
    - Correlation : 0.5375152823364893
////////////////////////////////////////////
Iteration 53/60 for phenotype MUSC_res finished
Lambda tested : 6650.0
Elapsed time from start: 0d 2h 2m 19s
Results:
    - MAE : 1.1439131029948786
    - Correlation : 0.5376530891160896
////////////////////////////////////////////
Iteration 54/60 for phenotype MUSC_res finished
Lambda tested : 6700.0
Elapsed time from start: 0d 2h 4m 40s
Results:
    - MAE : 1.1436608182872465
    - Correlation : 0.5377892707856138
////////////////////////////////////////////
Iteration 55/60 for phenotype MUSC_res finished
Lambda tested : 6750.0
Elapsed time from start: 0d 2h 7m 1s
Results:
    - MAE : 1.1434125102286676
    - Correlation : 0.5379238545554804
////////////////////////////////////////////
Iteration 56/60 for phenotype MUSC_res finished
Lambda tested : 6800.0
Elapsed time from start: 0d 2h 9m 22s
Results:
    - MAE : 1.143165452495357
    - Correlation : 0.5380568669803005
////////////////////////////////////////////
Iteration 57/60 for phenotype MUSC_res finished
Lambda tested : 6850.0
Elapsed time from start: 0d 2h 11m 43s
Results:
    - MAE : 1.1429196327303899
    - Correlation : 0.5381883339793849
////////////////////////////////////////////
Iteration 58/60 for phenotype MUSC_res finished
Lambda tested : 6900.0
Elapsed time from start: 0d 2h 14m 4s
Results:
    - MAE : 1.1426750387706708
    - Correlation : 0.5383182808564734
////////////////////////////////////////////
Iteration 59/60 for phenotype MUSC_res finished
Lambda tested : 6950.0
Elapsed time from start: 0d 2h 16m 26s
Results:
    - MAE : 1.1424316586426158
    - Correlation : 0.5384467323187153
////////////////////////////////////////////
Iteration 60/60 for phenotype MUSC_res finished
Lambda tested : 7000.0
Elapsed time from start: 0d 2h 18m 47s
Results:
    - MAE : 1.1421894805579549
    - Correlation : 0.5385737124949396
////////////////////////////////////////////
Computation finished for MUSC_res in 0d 2h 18m 47s
