
CommandNotFoundError: Your shell has not been properly configured to use 'conda activate'.
To initialize your shell, run

    $ conda init <SHELL_NAME>

Currently supported shells are:
  - bash
  - fish
  - tcsh
  - xonsh
  - zsh
  - powershell

See 'conda init --help' for more information and options.

IMPORTANT: You may need to close and restart your shell after running 'conda init'.


////////////////////////////////////////////
Iteration 1/162 finished
Hyper parameters tested:
    - sub_sampling: 0.75
    - learning_rate: 0.5
    - depth: 10
Elapsed time from start: 0d 0h 5m 5s
Results:
    - MAE : [1.6617364  3.27347636 1.29559807 1.31451976]
    - Correlation : [0.18190447 0.16715987 0.19197229 0.23876668]
////////////////////////////////////////////
Iteration 2/162 finished
Hyper parameters tested:
    - sub_sampling: 0.75
    - learning_rate: 0.5
    - depth: 9
Elapsed time from start: 0d 0h 9m 45s
Results:
    - MAE : [1.5933123  3.17253877 1.26633061 1.28861241]
    - Correlation : [0.23533167 0.25135628 0.23309371 0.24703581]
////////////////////////////////////////////
Iteration 3/162 finished
Hyper parameters tested:
    - sub_sampling: 0.75
    - learning_rate: 0.5
    - depth: 8
Elapsed time from start: 0d 0h 14m 12s
Results:
    - MAE : [1.68276631 3.29423377 1.26567976 1.26448332]
    - Correlation : [0.21070461 0.20974775 0.23168074 0.30005709]
////////////////////////////////////////////
Iteration 4/162 finished
Hyper parameters tested:
    - sub_sampling: 0.75
    - learning_rate: 0.5
    - depth: 7
Elapsed time from start: 0d 0h 18m 23s
Results:
    - MAE : [1.62243537 3.26419983 1.27392764 1.31089418]
    - Correlation : [0.26125553 0.24778965 0.26476972 0.27759292]
////////////////////////////////////////////
Iteration 5/162 finished
Hyper parameters tested:
    - sub_sampling: 0.75
    - learning_rate: 0.5
    - depth: 6
Elapsed time from start: 0d 0h 22m 30s
Results:
    - MAE : [1.66478198 3.31617941 1.24426736 1.29998748]
    - Correlation : [0.20629597 0.20894544 0.28752895 0.27000241]
////////////////////////////////////////////
Iteration 6/162 finished
Hyper parameters tested:
    - sub_sampling: 0.75
    - learning_rate: 0.5
    - depth: 5
Elapsed time from start: 0d 0h 26m 40s
Results:
    - MAE : [1.656469   3.10498103 1.27795818 1.23371042]
    - Correlation : [0.2629959  0.26794041 0.29702254 0.32639058]
////////////////////////////////////////////
Iteration 7/162 finished
Hyper parameters tested:
    - sub_sampling: 0.75
    - learning_rate: 0.5
    - depth: 4
Elapsed time from start: 0d 0h 30m 4s
Results:
    - MAE : [1.63234834 3.22520706 1.25927701 1.30736733]
    - Correlation : [0.27782802 0.28453429 0.31078599 0.32755594]
////////////////////////////////////////////
Iteration 8/162 finished
Hyper parameters tested:
    - sub_sampling: 0.75
    - learning_rate: 0.5
    - depth: 3
Elapsed time from start: 0d 0h 32m 38s
Results:
    - MAE : [1.65676261 3.22579599 1.22599314 1.29738551]
    - Correlation : [0.28684781 0.28938177 0.32966443 0.34565714]
////////////////////////////////////////////
Iteration 9/162 finished
Hyper parameters tested:
    - sub_sampling: 0.75
    - learning_rate: 0.5
    - depth: 2
Elapsed time from start: 0d 0h 34m 38s
Results:
    - MAE : [1.60160626 3.20599162 1.18683448 1.24863811]
    - Correlation : [0.2823454  0.27880413 0.3583036  0.3494577 ]
////////////////////////////////////////////
Iteration 10/162 finished
Hyper parameters tested:
    - sub_sampling: 0.75
    - learning_rate: 0.4
    - depth: 10
Elapsed time from start: 0d 0h 40m 18s
Results:
    - MAE : [1.56665171 3.04439475 1.20783929 1.24712457]
    - Correlation : [0.21703052 0.24309436 0.25778215 0.25988645]
////////////////////////////////////////////
Iteration 11/162 finished
Hyper parameters tested:
    - sub_sampling: 0.75
    - learning_rate: 0.4
    - depth: 9
Elapsed time from start: 0d 0h 45m 28s
Results:
    - MAE : [1.55910779 3.21086878 1.17970374 1.22076013]
    - Correlation : [0.25245367 0.19799495 0.25255904 0.29213636]
////////////////////////////////////////////
Iteration 12/162 finished
Hyper parameters tested:
    - sub_sampling: 0.75
    - learning_rate: 0.4
    - depth: 8
Elapsed time from start: 0d 0h 50m 20s
Results:
    - MAE : [1.55211344 3.17173679 1.20701088 1.23883508]
    - Correlation : [0.27170795 0.19363521 0.27023957 0.29773349]
////////////////////////////////////////////
Iteration 13/162 finished
Hyper parameters tested:
    - sub_sampling: 0.75
    - learning_rate: 0.4
    - depth: 7
Elapsed time from start: 0d 0h 54m 57s
Results:
    - MAE : [1.5324895  3.14618457 1.22712496 1.17474598]
    - Correlation : [0.30294627 0.24772401 0.25167678 0.36365394]
////////////////////////////////////////////
Iteration 14/162 finished
Hyper parameters tested:
    - sub_sampling: 0.75
    - learning_rate: 0.4
    - depth: 6
Elapsed time from start: 0d 0h 59m 25s
Results:
    - MAE : [1.53833454 3.18421288 1.22730488 1.21282897]
    - Correlation : [0.28805386 0.24693016 0.25162314 0.34807872]
////////////////////////////////////////////
Iteration 15/162 finished
Hyper parameters tested:
    - sub_sampling: 0.75
    - learning_rate: 0.4
    - depth: 5
Elapsed time from start: 0d 1h 3m 57s
Results:
    - MAE : [1.55890038 3.15673089 1.1890471  1.22205331]
    - Correlation : [0.26088682 0.25375455 0.33351775 0.34142347]
////////////////////////////////////////////
Iteration 16/162 finished
Hyper parameters tested:
    - sub_sampling: 0.75
    - learning_rate: 0.4
    - depth: 4
Elapsed time from start: 0d 1h 7m 19s
Results:
    - MAE : [1.59088204 2.98175504 1.18798598 1.17737372]
    - Correlation : [0.27271754 0.3423354  0.30418816 0.3858248 ]
////////////////////////////////////////////
Iteration 17/162 finished
Hyper parameters tested:
    - sub_sampling: 0.75
    - learning_rate: 0.4
    - depth: 3
Elapsed time from start: 0d 1h 9m 52s
Results:
    - MAE : [1.56646611 3.10490597 1.17141181 1.21355857]
    - Correlation : [0.31123992 0.2943182  0.36056831 0.36691895]
////////////////////////////////////////////
Iteration 18/162 finished
Hyper parameters tested:
    - sub_sampling: 0.75
    - learning_rate: 0.4
    - depth: 2
Elapsed time from start: 0d 1h 11m 52s
Results:
    - MAE : [1.49108755 2.97112474 1.16513014 1.17435032]
    - Correlation : [0.32101515 0.35407482 0.3596136  0.39964096]
////////////////////////////////////////////
Iteration 19/162 finished
Hyper parameters tested:
    - sub_sampling: 0.75
    - learning_rate: 0.3
    - depth: 10
Elapsed time from start: 0d 1h 18m 28s
Results:
    - MAE : [1.5187999  3.01710613 1.17324238 1.20547108]
    - Correlation : [0.26298715 0.22616498 0.22541381 0.27155646]
////////////////////////////////////////////
Iteration 20/162 finished
Hyper parameters tested:
    - sub_sampling: 0.75
    - learning_rate: 0.3
    - depth: 9
Elapsed time from start: 0d 1h 24m 28s
Results:
    - MAE : [1.49598759 3.00174925 1.14940818 1.17571979]
    - Correlation : [0.28219885 0.25949643 0.3119308  0.32589741]
////////////////////////////////////////////
Iteration 21/162 finished
Hyper parameters tested:
    - sub_sampling: 0.75
    - learning_rate: 0.3
    - depth: 8
Elapsed time from start: 0d 1h 30m 6s
Results:
    - MAE : [1.48547672 2.97939882 1.18009782 1.17817367]
    - Correlation : [0.31707392 0.27513883 0.30809347 0.33496192]
////////////////////////////////////////////
Iteration 22/162 finished
Hyper parameters tested:
    - sub_sampling: 0.75
    - learning_rate: 0.3
    - depth: 7
Elapsed time from start: 0d 1h 35m 23s
Results:
    - MAE : [1.51220364 3.02400983 1.16411852 1.19579978]
    - Correlation : [0.29908206 0.24214406 0.31153388 0.32239689]
////////////////////////////////////////////
Iteration 23/162 finished
Hyper parameters tested:
    - sub_sampling: 0.75
    - learning_rate: 0.3
    - depth: 6
Elapsed time from start: 0d 1h 40m 33s
Results:
    - MAE : [1.47266723 2.99806188 1.16223067 1.17275228]
    - Correlation : [0.30796307 0.26828359 0.28365141 0.36780376]
////////////////////////////////////////////
Iteration 24/162 finished
Hyper parameters tested:
    - sub_sampling: 0.75
    - learning_rate: 0.3
    - depth: 5
Elapsed time from start: 0d 1h 45m 15s
Results:
    - MAE : [1.50752882 2.99115689 1.10592233 1.18720161]
    - Correlation : [0.27617399 0.27710703 0.38481353 0.37657423]
////////////////////////////////////////////
Iteration 25/162 finished
Hyper parameters tested:
    - sub_sampling: 0.75
    - learning_rate: 0.3
    - depth: 4
Elapsed time from start: 0d 1h 48m 37s
Results:
    - MAE : [1.47117848 2.94700039 1.17526614 1.173301  ]
    - Correlation : [0.33395995 0.31353451 0.33164485 0.39911266]
////////////////////////////////////////////
Iteration 26/162 finished
Hyper parameters tested:
    - sub_sampling: 0.75
    - learning_rate: 0.3
    - depth: 3
Elapsed time from start: 0d 1h 51m 11s
Results:
    - MAE : [1.50266977 2.89446832 1.13594199 1.16139477]
    - Correlation : [0.32377479 0.35265349 0.38624855 0.40026555]
////////////////////////////////////////////
Iteration 27/162 finished
Hyper parameters tested:
    - sub_sampling: 0.75
    - learning_rate: 0.3
    - depth: 2
Elapsed time from start: 0d 1h 53m 11s
Results:
    - MAE : [1.44351215 2.78207128 1.0949468  1.12425947]
    - Correlation : [0.36012245 0.39495481 0.40273098 0.41684317]
////////////////////////////////////////////
Iteration 28/162 finished
Hyper parameters tested:
    - sub_sampling: 0.75
    - learning_rate: 0.2
    - depth: 10
Elapsed time from start: 0d 2h 1m 47s
Results:
    - MAE : [1.45448062 2.78979631 1.11685627 1.16504814]
    - Correlation : [0.27393207 0.34961691 0.30806695 0.3293117 ]
////////////////////////////////////////////
Iteration 29/162 finished
Hyper parameters tested:
    - sub_sampling: 0.75
    - learning_rate: 0.2
    - depth: 9
Elapsed time from start: 0d 2h 9m 31s
Results:
    - MAE : [1.46108922 2.85325337 1.11228038 1.14999607]
    - Correlation : [0.27420859 0.29333724 0.31409812 0.36384392]
////////////////////////////////////////////
Iteration 30/162 finished
Hyper parameters tested:
    - sub_sampling: 0.75
    - learning_rate: 0.2
    - depth: 8
Elapsed time from start: 0d 2h 16m 45s
Results:
    - MAE : [1.45673404 2.8527177  1.13219481 1.13446735]
    - Correlation : [0.29278855 0.30445624 0.31118317 0.37237768]
////////////////////////////////////////////
Iteration 31/162 finished
Hyper parameters tested:
    - sub_sampling: 0.75
    - learning_rate: 0.2
    - depth: 7
Elapsed time from start: 0d 2h 23m 29s
Results:
    - MAE : [1.40738863 2.86716588 1.10013954 1.10432587]
    - Correlation : [0.35069876 0.28888239 0.35432672 0.41237304]
////////////////////////////////////////////
Iteration 32/162 finished
Hyper parameters tested:
    - sub_sampling: 0.75
    - learning_rate: 0.2
    - depth: 6
Elapsed time from start: 0d 2h 30m 3s
Results:
    - MAE : [1.45179442 2.75819297 1.0950666  1.12175712]
    - Correlation : [0.32162187 0.36365461 0.35673836 0.41080607]
////////////////////////////////////////////
Iteration 33/162 finished
Hyper parameters tested:
    - sub_sampling: 0.75
    - learning_rate: 0.2
    - depth: 5
Elapsed time from start: 0d 2h 34m 44s
Results:
    - MAE : [1.42842647 2.81537871 1.07929774 1.11881349]
    - Correlation : [0.33585551 0.34317602 0.38897628 0.40758444]
////////////////////////////////////////////
Iteration 34/162 finished
Hyper parameters tested:
    - sub_sampling: 0.75
    - learning_rate: 0.2
    - depth: 4
Elapsed time from start: 0d 2h 38m 7s
Results:
    - MAE : [1.43966337 2.79621856 1.08860131 1.10566796]
    - Correlation : [0.34702751 0.35671816 0.40191306 0.43658118]
////////////////////////////////////////////
Iteration 35/162 finished
Hyper parameters tested:
    - sub_sampling: 0.75
    - learning_rate: 0.2
    - depth: 3
Elapsed time from start: 0d 2h 40m 41s
Results:
    - MAE : [1.42514553 2.82978939 1.0871056  1.10013754]
    - Correlation : [0.35313027 0.36949207 0.40439296 0.42967884]
////////////////////////////////////////////
Iteration 36/162 finished
Hyper parameters tested:
    - sub_sampling: 0.75
    - learning_rate: 0.2
    - depth: 2
Elapsed time from start: 0d 2h 42m 42s
Results:
    - MAE : [1.42434793 2.74242466 1.06928691 1.07357963]
    - Correlation : [0.37605102 0.39707549 0.42837771 0.46861522]
////////////////////////////////////////////
Iteration 37/162 finished
Hyper parameters tested:
    - sub_sampling: 0.75
    - learning_rate: 0.1
    - depth: 10
Elapsed time from start: 0d 2h 57m 20s
Results:
    - MAE : [1.37777789 2.74304055 1.08979331 1.09495292]
    - Correlation : [0.36755    0.33849168 0.32915943 0.40998907]
////////////////////////////////////////////
Iteration 38/162 finished
Hyper parameters tested:
    - sub_sampling: 0.75
    - learning_rate: 0.1
    - depth: 9
Elapsed time from start: 0d 3h 10m 29s
Results:
    - MAE : [1.41203927 2.7259692  1.07228872 1.09993034]
    - Correlation : [0.35851315 0.37544982 0.36866734 0.40443659]
////////////////////////////////////////////
Iteration 39/162 finished
Hyper parameters tested:
    - sub_sampling: 0.75
    - learning_rate: 0.1
    - depth: 8
Elapsed time from start: 0d 3h 22m 29s
Results:
    - MAE : [1.38600471 2.69413816 1.06145411 1.08198592]
    - Correlation : [0.3644779  0.3682158  0.3855498  0.43187453]
////////////////////////////////////////////
Iteration 40/162 finished
Hyper parameters tested:
    - sub_sampling: 0.75
    - learning_rate: 0.1
    - depth: 7
Elapsed time from start: 0d 3h 32m 58s
Results:
    - MAE : [1.37953606 2.70494248 1.05615084 1.1044966 ]
    - Correlation : [0.39011219 0.37832839 0.39083967 0.41608268]
////////////////////////////////////////////
Iteration 41/162 finished
Hyper parameters tested:
    - sub_sampling: 0.75
    - learning_rate: 0.1
    - depth: 6
Elapsed time from start: 0d 3h 39m 54s
Results:
    - MAE : [1.36185373 2.68949796 1.06601917 1.07732218]
    - Correlation : [0.41478436 0.38992388 0.41732143 0.44234354]
////////////////////////////////////////////
Iteration 42/162 finished
Hyper parameters tested:
    - sub_sampling: 0.75
    - learning_rate: 0.1
    - depth: 5
Elapsed time from start: 0d 3h 44m 39s
Results:
    - MAE : [1.38807565 2.66688052 1.05007854 1.06648077]
    - Correlation : [0.38565957 0.40898267 0.43360522 0.46653585]
////////////////////////////////////////////
Iteration 43/162 finished
Hyper parameters tested:
    - sub_sampling: 0.75
    - learning_rate: 0.1
    - depth: 4
Elapsed time from start: 0d 3h 48m 5s
Results:
    - MAE : [1.39576146 2.7243494  1.04100812 1.05351926]
    - Correlation : [0.37867916 0.39966068 0.44631623 0.48270939]
////////////////////////////////////////////
Iteration 44/162 finished
Hyper parameters tested:
    - sub_sampling: 0.75
    - learning_rate: 0.1
    - depth: 3
Elapsed time from start: 0d 3h 50m 42s
Results:
    - MAE : [1.3730344  2.71277667 1.05374769 1.05498035]
    - Correlation : [0.41219193 0.39289151 0.43122487 0.46702437]
////////////////////////////////////////////
Iteration 45/162 finished
Hyper parameters tested:
    - sub_sampling: 0.75
    - learning_rate: 0.1
    - depth: 2
Elapsed time from start: 0d 3h 52m 45s
Results:
    - MAE : [1.36866246 2.63564158 1.04478661 1.05277659]
    - Correlation : [0.41531649 0.43123308 0.44192591 0.48018384]
////////////////////////////////////////////
Iteration 46/162 finished
Hyper parameters tested:
    - sub_sampling: 0.75
    - learning_rate: 0.01
    - depth: 10
Elapsed time from start: 0d 4h 33m 48s
Results:
    - MAE : [1.37176425 2.63626433 1.04530862 1.07005866]
    - Correlation : [0.42051886 0.43139959 0.4192185  0.43731481]
////////////////////////////////////////////
Iteration 47/162 finished
Hyper parameters tested:
    - sub_sampling: 0.75
    - learning_rate: 0.01
    - depth: 9
Elapsed time from start: 0d 5h 1m 32s
Results:
    - MAE : [1.36067774 2.62698072 1.04630335 1.06383872]
    - Correlation : [0.43517179 0.43992207 0.4182443  0.44983809]
////////////////////////////////////////////
Iteration 48/162 finished
Hyper parameters tested:
    - sub_sampling: 0.75
    - learning_rate: 0.01
    - depth: 8
Elapsed time from start: 0d 5h 19m 26s
Results:
    - MAE : [1.35051479 2.61512959 1.0358572  1.05278118]
    - Correlation : [0.44095923 0.44273719 0.43146136 0.4769543 ]
////////////////////////////////////////////
Iteration 49/162 finished
Hyper parameters tested:
    - sub_sampling: 0.75
    - learning_rate: 0.01
    - depth: 7
Elapsed time from start: 0d 5h 30m 51s
Results:
    - MAE : [1.34976052 2.60373231 1.03113576 1.05073643]
    - Correlation : [0.43999076 0.44899193 0.44298279 0.4843498 ]
////////////////////////////////////////////
Iteration 50/162 finished
Hyper parameters tested:
    - sub_sampling: 0.75
    - learning_rate: 0.01
    - depth: 6
Elapsed time from start: 0d 5h 38m 20s
Results:
    - MAE : [1.34562984 2.61069696 1.02866837 1.0515189 ]
    - Correlation : [0.43958019 0.44189322 0.43983631 0.48372486]
////////////////////////////////////////////
Iteration 51/162 finished
Hyper parameters tested:
    - sub_sampling: 0.75
    - learning_rate: 0.01
    - depth: 5
Elapsed time from start: 0d 5h 43m 30s
Results:
    - MAE : [1.34787039 2.60997853 1.03600495 1.05614772]
    - Correlation : [0.43609444 0.4435185  0.4265339  0.47298742]
////////////////////////////////////////////
Iteration 52/162 finished
Hyper parameters tested:
    - sub_sampling: 0.75
    - learning_rate: 0.01
    - depth: 4
Elapsed time from start: 0d 5h 47m 16s
Results:
    - MAE : [1.35802208 2.62522694 1.03825741 1.06330787]
    - Correlation : [0.42927323 0.43571343 0.42554881 0.46331304]
////////////////////////////////////////////
Iteration 53/162 finished
Hyper parameters tested:
    - sub_sampling: 0.75
    - learning_rate: 0.01
    - depth: 3
Elapsed time from start: 0d 5h 50m 8s
Results:
    - MAE : [1.36697256 2.64785368 1.04853373 1.07459748]
    - Correlation : [0.41557314 0.4229469  0.40804098 0.44268863]
////////////////////////////////////////////
Iteration 54/162 finished
Hyper parameters tested:
    - sub_sampling: 0.75
    - learning_rate: 0.01
    - depth: 2
Elapsed time from start: 0d 5h 52m 19s
Results:
    - MAE : [1.38534885 2.67119035 1.06595504 1.08926405]
    - Correlation : [0.406378   0.41539904 0.38373116 0.42406749]
////////////////////////////////////////////
Iteration 55/162 finished
Hyper parameters tested:
    - sub_sampling: 0.75
    - learning_rate: 0.001
    - depth: 10
Elapsed time from start: 0d 6h 35m 23s
Results:
    - MAE : [1.41367991 2.68805    1.13954573 1.14975556]
    - Correlation : [0.41406203 0.41506831 0.37695719 0.42068899]
////////////////////////////////////////////
Iteration 56/162 finished
Hyper parameters tested:
    - sub_sampling: 0.75
    - learning_rate: 0.001
    - depth: 9
Elapsed time from start: 0d 7h 2m 36s
Results:
    - MAE : [1.41663988 2.68901616 1.14174867 1.15243064]
    - Correlation : [0.41206725 0.41560803 0.37393535 0.41447962]
////////////////////////////////////////////
Iteration 57/162 finished
Hyper parameters tested:
    - sub_sampling: 0.75
    - learning_rate: 0.001
    - depth: 8
Elapsed time from start: 0d 7h 19m 45s
Results:
    - MAE : [1.42007552 2.69343868 1.14362728 1.15565758]
    - Correlation : [0.41178394 0.41349694 0.37210863 0.41062101]
////////////////////////////////////////////
Iteration 58/162 finished
Hyper parameters tested:
    - sub_sampling: 0.75
    - learning_rate: 0.001
    - depth: 7
Elapsed time from start: 0d 7h 30m 45s
Results:
    - MAE : [1.42508585 2.70113238 1.14706641 1.1601485 ]
    - Correlation : [0.4056755  0.40675951 0.3691364  0.40407771]
////////////////////////////////////////////
Iteration 59/162 finished
Hyper parameters tested:
    - sub_sampling: 0.75
    - learning_rate: 0.001
    - depth: 6
Elapsed time from start: 0d 7h 38m 12s
Results:
    - MAE : [1.43144163 2.70852381 1.15148609 1.16602562]
    - Correlation : [0.39627649 0.40478079 0.36397055 0.39430288]
////////////////////////////////////////////
Iteration 60/162 finished
Hyper parameters tested:
    - sub_sampling: 0.75
    - learning_rate: 0.001
    - depth: 5
Elapsed time from start: 0d 7h 43m 30s
Results:
    - MAE : [1.43888166 2.72074489 1.15781248 1.17351272]
    - Correlation : [0.38724123 0.39960993 0.35332652 0.38216841]
////////////////////////////////////////////
Iteration 61/162 finished
Hyper parameters tested:
    - sub_sampling: 0.75
    - learning_rate: 0.001
    - depth: 4
Elapsed time from start: 0d 7h 47m 27s
Results:
    - MAE : [1.44704151 2.73359834 1.16527588 1.18190715]
    - Correlation : [0.37673758 0.39139755 0.33947682 0.36053423]
////////////////////////////////////////////
Iteration 62/162 finished
Hyper parameters tested:
    - sub_sampling: 0.75
    - learning_rate: 0.001
    - depth: 3
Elapsed time from start: 0d 7h 50m 27s
Results:
    - MAE : [1.45766357 2.74997846 1.17391624 1.19208147]
    - Correlation : [0.35475868 0.38009931 0.32186665 0.33161483]
////////////////////////////////////////////
Iteration 63/162 finished
Hyper parameters tested:
    - sub_sampling: 0.75
    - learning_rate: 0.001
    - depth: 2
Elapsed time from start: 0d 7h 52m 43s
Results:
    - MAE : [1.47032816 2.77215556 1.18443297 1.20028489]
    - Correlation : [0.32041789 0.3622059  0.28869253 0.31322298]
////////////////////////////////////////////
Iteration 64/162 finished
Hyper parameters tested:
    - sub_sampling: 0.75
    - learning_rate: 0.0005
    - depth: 10
Elapsed time from start: 0d 8h 36m 31s
Results:
    - MAE : [1.43779412 2.7532284  1.20091764 1.20078555]
    - Correlation : [0.40221957 0.40627145 0.36806357 0.41788704]
////////////////////////////////////////////
Iteration 65/162 finished
Hyper parameters tested:
    - sub_sampling: 0.75
    - learning_rate: 0.0005
    - depth: 9
Elapsed time from start: 0d 9h 4m 7s
Results:
    - MAE : [1.43997868 2.75423145 1.20277371 1.2026476 ]
    - Correlation : [0.40114605 0.40441851 0.36307628 0.41065557]
////////////////////////////////////////////
Iteration 66/162 finished
Hyper parameters tested:
    - sub_sampling: 0.75
    - learning_rate: 0.0005
    - depth: 8
Elapsed time from start: 0d 9h 21m 20s
Results:
    - MAE : [1.44310832 2.75568155 1.20457698 1.20581115]
    - Correlation : [0.39715131 0.40764776 0.35992074 0.40227714]
////////////////////////////////////////////
Iteration 67/162 finished
Hyper parameters tested:
    - sub_sampling: 0.75
    - learning_rate: 0.0005
    - depth: 7
Elapsed time from start: 0d 9h 32m 21s
Results:
    - MAE : [1.44616446 2.75915633 1.2075175  1.20927745]
    - Correlation : [0.39272635 0.40463442 0.35412699 0.39173196]
////////////////////////////////////////////
Iteration 68/162 finished
Hyper parameters tested:
    - sub_sampling: 0.75
    - learning_rate: 0.0005
    - depth: 6
Elapsed time from start: 0d 9h 39m 50s
Results:
    - MAE : [1.4504493  2.7648062  1.21104932 1.21359211]
    - Correlation : [0.38307037 0.39889844 0.34633027 0.37607268]
////////////////////////////////////////////
Iteration 69/162 finished
Hyper parameters tested:
    - sub_sampling: 0.75
    - learning_rate: 0.0005
    - depth: 5
Elapsed time from start: 0d 9h 45m 8s
Results:
    - MAE : [1.45526555 2.77279154 1.21523454 1.21863205]
    - Correlation : [0.37086525 0.39167809 0.33267135 0.35975723]
////////////////////////////////////////////
Iteration 70/162 finished
Hyper parameters tested:
    - sub_sampling: 0.75
    - learning_rate: 0.0005
    - depth: 4
Elapsed time from start: 0d 9h 49m 5s
Results:
    - MAE : [1.46050054 2.78182945 1.22018891 1.22410022]
    - Correlation : [0.35730994 0.38080143 0.3148647  0.33642441]
////////////////////////////////////////////
Iteration 71/162 finished
Hyper parameters tested:
    - sub_sampling: 0.75
    - learning_rate: 0.0005
    - depth: 3
Elapsed time from start: 0d 9h 52m 6s
Results:
    - MAE : [1.46729487 2.79220127 1.22595359 1.23059738]
    - Correlation : [0.32760251 0.36542419 0.29279091 0.30469232]
////////////////////////////////////////////
Iteration 72/162 finished
Hyper parameters tested:
    - sub_sampling: 0.75
    - learning_rate: 0.0005
    - depth: 2
Elapsed time from start: 0d 9h 54m 22s
Results:
    - MAE : [1.47474722 2.80524189 1.23234256 1.23534972]
    - Correlation : [0.28851377 0.34420618 0.25811798 0.28504064]
////////////////////////////////////////////
Iteration 73/162 finished
Hyper parameters tested:
    - sub_sampling: 0.75
    - learning_rate: 0.0001
    - depth: 10
Elapsed time from start: 0d 10h 38m 42s
Results:
    - MAE : [1.46686369 2.88524728 1.28573855 1.27557857]
    - Correlation : [0.38961863 0.40578029 0.3590909  0.40269931]
////////////////////////////////////////////
Iteration 74/162 finished
Hyper parameters tested:
    - sub_sampling: 0.75
    - learning_rate: 0.0001
    - depth: 9
Elapsed time from start: 0d 11h 6m 27s
Results:
    - MAE : [1.46751309 2.88507511 1.28610719 1.2761468 ]
    - Correlation : [0.38563872 0.40502656 0.35330727 0.39484853]
////////////////////////////////////////////
Iteration 75/162 finished
Hyper parameters tested:
    - sub_sampling: 0.75
    - learning_rate: 0.0001
    - depth: 8
Elapsed time from start: 0d 11h 23m 47s
Results:
    - MAE : [1.4684364  2.88556195 1.28666966 1.27686032]
    - Correlation : [0.37874107 0.40263353 0.34431019 0.38532616]
////////////////////////////////////////////
Iteration 76/162 finished
Hyper parameters tested:
    - sub_sampling: 0.75
    - learning_rate: 0.0001
    - depth: 7
Elapsed time from start: 0d 11h 34m 53s
Results:
    - MAE : [1.46944666 2.88622556 1.28741971 1.27770916]
    - Correlation : [0.36978433 0.39901719 0.33498135 0.37378913]
////////////////////////////////////////////
Iteration 77/162 finished
Hyper parameters tested:
    - sub_sampling: 0.75
    - learning_rate: 0.0001
    - depth: 6
Elapsed time from start: 0d 11h 42m 23s
Results:
    - MAE : [1.47050452 2.88750113 1.2882607  1.27882129]
    - Correlation : [0.35804661 0.39174723 0.32328392 0.35578509]
////////////////////////////////////////////
Iteration 78/162 finished
Hyper parameters tested:
    - sub_sampling: 0.75
    - learning_rate: 0.0001
    - depth: 5
Elapsed time from start: 0d 11h 47m 43s
Results:
    - MAE : [1.47175857 2.88924734 1.28927448 1.28000251]
    - Correlation : [0.34338989 0.38174915 0.30482623 0.3348932 ]
////////////////////////////////////////////
Iteration 79/162 finished
Hyper parameters tested:
    - sub_sampling: 0.75
    - learning_rate: 0.0001
    - depth: 4
Elapsed time from start: 0d 11h 51m 40s
Results:
    - MAE : [1.47310654 2.8911851  1.29044396 1.281281  ]
    - Correlation : [0.32377164 0.36828417 0.28220407 0.30674187]
////////////////////////////////////////////
Iteration 80/162 finished
Hyper parameters tested:
    - sub_sampling: 0.75
    - learning_rate: 0.0001
    - depth: 3
Elapsed time from start: 0d 11h 54m 42s
Results:
    - MAE : [1.47468791 2.89355112 1.29186291 1.28273981]
    - Correlation : [0.29229238 0.34962295 0.25349641 0.26617621]
////////////////////////////////////////////
Iteration 81/162 finished
Hyper parameters tested:
    - sub_sampling: 0.75
    - learning_rate: 0.0001
    - depth: 2
Elapsed time from start: 0d 11h 56m 58s
Results:
    - MAE : [1.47647175 2.89665704 1.29335295 1.28385171]
    - Correlation : [0.25133511 0.32395979 0.22023196 0.23835495]
////////////////////////////////////////////
Iteration 82/162 finished
Hyper parameters tested:
    - sub_sampling: 0.25
    - learning_rate: 0.5
    - depth: 10
Elapsed time from start: 0d 12h 25m 3s
Results:
    - MAE : [4.47703276 9.08672071 3.28596907 3.60520157]
    - Correlation : [0.06102981 0.00347102 0.09284359 0.09527724]
////////////////////////////////////////////
Iteration 83/162 finished
Hyper parameters tested:
    - sub_sampling: 0.25
    - learning_rate: 0.5
    - depth: 9
Elapsed time from start: 0d 12h 45m 54s
Results:
    - MAE : [4.67816449 9.16387765 3.54167762 3.93787651]
    - Correlation : [0.09783352 0.05897969 0.10120605 0.07857765]
////////////////////////////////////////////
Iteration 84/162 finished
Hyper parameters tested:
    - sub_sampling: 0.25
    - learning_rate: 0.5
    - depth: 8
Elapsed time from start: 0d 13h 0m 50s
Results:
    - MAE : [ 4.93510268 10.39547633  3.59905905  4.06686801]
    - Correlation : [0.07733866 0.05436914 0.1254858  0.08047483]
////////////////////////////////////////////
Iteration 85/162 finished
Hyper parameters tested:
    - sub_sampling: 0.25
    - learning_rate: 0.5
    - depth: 7
Elapsed time from start: 0d 13h 11m 8s
Results:
    - MAE : [ 5.40119726 10.3185525   4.3570917   4.23981228]
    - Correlation : [0.06899454 0.06088444 0.00873639 0.08310689]
////////////////////////////////////////////
Iteration 86/162 finished
Hyper parameters tested:
    - sub_sampling: 0.25
    - learning_rate: 0.5
    - depth: 6
Elapsed time from start: 0d 13h 18m 8s
Results:
    - MAE : [ 5.63877978 11.18773246  4.0122817   4.77415106]
    - Correlation : [0.06391025 0.03706931 0.04529456 0.08671584]
////////////////////////////////////////////
Iteration 87/162 finished
Hyper parameters tested:
    - sub_sampling: 0.25
    - learning_rate: 0.5
    - depth: 5
Elapsed time from start: 0d 13h 23m 2s
Results:
    - MAE : [ 5.70094611 11.3661677   4.0264451   4.42675836]
    - Correlation : [0.08064572 0.03925641 0.06404946 0.05854688]
////////////////////////////////////////////
Iteration 88/162 finished
Hyper parameters tested:
    - sub_sampling: 0.25
    - learning_rate: 0.5
    - depth: 4
Elapsed time from start: 0d 13h 26m 34s
Results:
    - MAE : [4.53468874 9.32778468 3.55103993 3.69762709]
    - Correlation : [0.07442141 0.10144774 0.10500933 0.11985253]
////////////////////////////////////////////
Iteration 89/162 finished
Hyper parameters tested:
    - sub_sampling: 0.25
    - learning_rate: 0.5
    - depth: 3
Elapsed time from start: 0d 13h 29m 14s
Results:
    - MAE : [3.73995341 7.58645094 2.70843788 2.99483502]
    - Correlation : [0.11026292 0.06555864 0.14684734 0.09615961]
////////////////////////////////////////////
Iteration 90/162 finished
Hyper parameters tested:
    - sub_sampling: 0.25
    - learning_rate: 0.5
    - depth: 2
Elapsed time from start: 0d 13h 31m 17s
Results:
    - MAE : [2.64492901 5.32839658 1.89909246 2.06924325]
    - Correlation : [0.18516088 0.07843654 0.22552424 0.19264008]
////////////////////////////////////////////
Iteration 91/162 finished
Hyper parameters tested:
    - sub_sampling: 0.25
    - learning_rate: 0.4
    - depth: 10
Elapsed time from start: 0d 13h 48m 49s
Results:
    - MAE : [2.60991184 5.411016   2.10327784 2.17742334]
    - Correlation : [0.05424491 0.05330205 0.11976987 0.13296645]
////////////////////////////////////////////
Iteration 92/162 finished
Hyper parameters tested:
    - sub_sampling: 0.25
    - learning_rate: 0.4
    - depth: 9
Elapsed time from start: 0d 14h 4m 39s
Results:
    - MAE : [2.63433706 5.34684044 2.12908402 2.12666017]
    - Correlation : [0.12151662 0.13224641 0.08232349 0.14165832]
////////////////////////////////////////////
Iteration 93/162 finished
Hyper parameters tested:
    - sub_sampling: 0.25
    - learning_rate: 0.4
    - depth: 8
Elapsed time from start: 0d 14h 18m 44s
Results:
    - MAE : [2.60743486 5.32315156 2.10686318 2.19085894]
    - Correlation : [0.11148821 0.06523071 0.18562019 0.16923222]
////////////////////////////////////////////
Iteration 94/162 finished
Hyper parameters tested:
    - sub_sampling: 0.25
    - learning_rate: 0.4
    - depth: 7
Elapsed time from start: 0d 14h 29m 0s
Results:
    - MAE : [2.72290601 5.6244402  2.01267617 2.1395408 ]
    - Correlation : [0.12578094 0.08000358 0.19479977 0.14985975]
////////////////////////////////////////////
Iteration 95/162 finished
Hyper parameters tested:
    - sub_sampling: 0.25
    - learning_rate: 0.4
    - depth: 6
Elapsed time from start: 0d 14h 36m 0s
Results:
    - MAE : [2.70050044 5.42710475 2.09638164 2.16188872]
    - Correlation : [0.15115173 0.12322485 0.15928487 0.15960744]
////////////////////////////////////////////
Iteration 96/162 finished
Hyper parameters tested:
    - sub_sampling: 0.25
    - learning_rate: 0.4
    - depth: 5
Elapsed time from start: 0d 14h 40m 53s
Results:
    - MAE : [2.838775   5.66686263 2.02955703 2.20254757]
    - Correlation : [0.07847554 0.12261666 0.19835481 0.19767162]
////////////////////////////////////////////
Iteration 97/162 finished
Hyper parameters tested:
    - sub_sampling: 0.25
    - learning_rate: 0.4
    - depth: 4
Elapsed time from start: 0d 14h 44m 25s
Results:
    - MAE : [2.68111732 5.38759235 2.14656877 2.13779022]
    - Correlation : [0.14004113 0.15250531 0.13634663 0.22158544]
////////////////////////////////////////////
Iteration 98/162 finished
Hyper parameters tested:
    - sub_sampling: 0.25
    - learning_rate: 0.4
    - depth: 3
Elapsed time from start: 0d 14h 47m 5s
Results:
    - MAE : [2.57466871 4.89675563 1.95407762 1.96721928]
    - Correlation : [0.1816595  0.15910353 0.15773565 0.20063418]
////////////////////////////////////////////
Iteration 99/162 finished
Hyper parameters tested:
    - sub_sampling: 0.25
    - learning_rate: 0.4
    - depth: 2
Elapsed time from start: 0d 14h 49m 7s
Results:
    - MAE : [2.00615461 4.10382083 1.5931864  1.62252709]
    - Correlation : [0.2425085  0.21114163 0.28070544 0.24212056]
////////////////////////////////////////////
Iteration 100/162 finished
Hyper parameters tested:
    - sub_sampling: 0.25
    - learning_rate: 0.3
    - depth: 10
Elapsed time from start: 0d 15h 3m 31s
Results:
    - MAE : [1.99190749 4.04247019 1.55624938 1.64177913]
    - Correlation : [0.12953841 0.17083121 0.15957646 0.19682974]
////////////////////////////////////////////
Iteration 101/162 finished
Hyper parameters tested:
    - sub_sampling: 0.25
    - learning_rate: 0.3
    - depth: 9
Elapsed time from start: 0d 15h 16m 22s
Results:
    - MAE : [1.98627752 4.25599174 1.55554713 1.5711823 ]
    - Correlation : [0.18719591 0.12267974 0.14127554 0.25237498]
////////////////////////////////////////////
Iteration 102/162 finished
Hyper parameters tested:
    - sub_sampling: 0.25
    - learning_rate: 0.3
    - depth: 8
Elapsed time from start: 0d 15h 28m 0s
Results:
    - MAE : [2.03239373 4.01578014 1.57792506 1.68449816]
    - Correlation : [0.18861996 0.17058428 0.19803611 0.17401411]
////////////////////////////////////////////
Iteration 103/162 finished
Hyper parameters tested:
    - sub_sampling: 0.25
    - learning_rate: 0.3
    - depth: 7
Elapsed time from start: 0d 15h 38m 7s
Results:
    - MAE : [2.09058966 4.28363332 1.61476652 1.63174241]
    - Correlation : [0.14097765 0.1045495  0.18714754 0.20568868]
////////////////////////////////////////////
Iteration 104/162 finished
Hyper parameters tested:
    - sub_sampling: 0.25
    - learning_rate: 0.3
    - depth: 6
Elapsed time from start: 0d 15h 45m 10s
Results:
    - MAE : [2.11069802 3.94384418 1.59770658 1.6462695 ]
    - Correlation : [0.16058044 0.23156575 0.19958459 0.21251395]
////////////////////////////////////////////
Iteration 105/162 finished
Hyper parameters tested:
    - sub_sampling: 0.25
    - learning_rate: 0.3
    - depth: 5
Elapsed time from start: 0d 15h 50m 2s
Results:
    - MAE : [2.00007944 4.03187433 1.55537329 1.6458958 ]
    - Correlation : [0.2065524  0.19256478 0.23215074 0.21113956]
////////////////////////////////////////////
Iteration 106/162 finished
Hyper parameters tested:
    - sub_sampling: 0.25
    - learning_rate: 0.3
    - depth: 4
Elapsed time from start: 0d 15h 53m 33s
Results:
    - MAE : [1.99210109 4.09011068 1.53693061 1.6504151 ]
    - Correlation : [0.24230104 0.14978722 0.24362753 0.22580834]
////////////////////////////////////////////
Iteration 107/162 finished
Hyper parameters tested:
    - sub_sampling: 0.25
    - learning_rate: 0.3
    - depth: 3
Elapsed time from start: 0d 15h 56m 11s
Results:
    - MAE : [1.93765834 4.09210935 1.51211294 1.52409189]
    - Correlation : [0.22395712 0.20937131 0.23345073 0.31234714]
////////////////////////////////////////////
Iteration 108/162 finished
Hyper parameters tested:
    - sub_sampling: 0.25
    - learning_rate: 0.3
    - depth: 2
Elapsed time from start: 0d 15h 58m 13s
Results:
    - MAE : [1.75518233 3.66903684 1.39423233 1.33693831]
    - Correlation : [0.27665615 0.20849881 0.29836829 0.34738007]
////////////////////////////////////////////
Iteration 109/162 finished
Hyper parameters tested:
    - sub_sampling: 0.25
    - learning_rate: 0.2
    - depth: 10
Elapsed time from start: 0d 16h 13m 2s
Results:
    - MAE : [1.70683937 3.41494063 1.32680499 1.35714689]
    - Correlation : [0.17557735 0.19645463 0.24507127 0.21217743]
////////////////////////////////////////////
Iteration 110/162 finished
Hyper parameters tested:
    - sub_sampling: 0.25
    - learning_rate: 0.2
    - depth: 9
Elapsed time from start: 0d 16h 26m 34s
Results:
    - MAE : [1.71511325 3.38525278 1.29589287 1.37451849]
    - Correlation : [0.22492194 0.21587155 0.25084106 0.24623299]
////////////////////////////////////////////
Iteration 111/162 finished
Hyper parameters tested:
    - sub_sampling: 0.25
    - learning_rate: 0.2
    - depth: 8
Elapsed time from start: 0d 16h 38m 46s
Results:
    - MAE : [1.75650305 3.39889076 1.32357935 1.3626193 ]
    - Correlation : [0.21880215 0.20398397 0.23813498 0.26777231]
////////////////////////////////////////////
Iteration 112/162 finished
Hyper parameters tested:
    - sub_sampling: 0.25
    - learning_rate: 0.2
    - depth: 7
Elapsed time from start: 0d 16h 48m 58s
Results:
    - MAE : [1.65034187 3.38088915 1.32541943 1.3356926 ]
    - Correlation : [0.27213021 0.20824053 0.266855   0.26000318]
////////////////////////////////////////////
Iteration 113/162 finished
Hyper parameters tested:
    - sub_sampling: 0.25
    - learning_rate: 0.2
    - depth: 6
Elapsed time from start: 0d 16h 55m 59s
Results:
    - MAE : [1.69816304 3.39667188 1.32843688 1.34654664]
    - Correlation : [0.23938157 0.225167   0.27260165 0.28750991]
////////////////////////////////////////////
Iteration 114/162 finished
Hyper parameters tested:
    - sub_sampling: 0.25
    - learning_rate: 0.2
    - depth: 5
Elapsed time from start: 0d 17h 0m 53s
Results:
    - MAE : [1.71530932 3.34212592 1.29396024 1.37984492]
    - Correlation : [0.23900683 0.25131296 0.29987424 0.26106276]
////////////////////////////////////////////
Iteration 115/162 finished
Hyper parameters tested:
    - sub_sampling: 0.25
    - learning_rate: 0.2
    - depth: 4
Elapsed time from start: 0d 17h 4m 23s
Results:
    - MAE : [1.64846492 3.38768063 1.29651145 1.30109636]
    - Correlation : [0.2988777  0.25468068 0.30739226 0.32229451]
////////////////////////////////////////////
Iteration 116/162 finished
Hyper parameters tested:
    - sub_sampling: 0.25
    - learning_rate: 0.2
    - depth: 3
Elapsed time from start: 0d 17h 7m 2s
Results:
    - MAE : [1.6625012  3.23736901 1.27283498 1.25984766]
    - Correlation : [0.27657586 0.30496471 0.3256265  0.35232693]
////////////////////////////////////////////
Iteration 117/162 finished
Hyper parameters tested:
    - sub_sampling: 0.25
    - learning_rate: 0.2
    - depth: 2
Elapsed time from start: 0d 17h 9m 4s
Results:
    - MAE : [1.49091162 3.14801512 1.18930271 1.2217221 ]
    - Correlation : [0.36613979 0.31711696 0.33272278 0.3709287 ]
////////////////////////////////////////////
Iteration 118/162 finished
Hyper parameters tested:
    - sub_sampling: 0.25
    - learning_rate: 0.1
    - depth: 10
Elapsed time from start: 0d 17h 29m 9s
Results:
    - MAE : [1.48886039 2.88006701 1.12482996 1.18395512]
    - Correlation : [0.2947853  0.28882384 0.3214863  0.31109256]
////////////////////////////////////////////
Iteration 119/162 finished
Hyper parameters tested:
    - sub_sampling: 0.25
    - learning_rate: 0.1
    - depth: 9
Elapsed time from start: 0d 17h 46m 50s
Results:
    - MAE : [1.49168621 2.91027241 1.14365605 1.17267729]
    - Correlation : [0.30535158 0.28500188 0.32376801 0.33254269]
////////////////////////////////////////////
Iteration 120/162 finished
Hyper parameters tested:
    - sub_sampling: 0.25
    - learning_rate: 0.1
    - depth: 8
Elapsed time from start: 0d 18h 0m 41s
Results:
    - MAE : [1.46574744 2.88776895 1.12842631 1.18606885]
    - Correlation : [0.3401693  0.28904686 0.34774991 0.33951571]
////////////////////////////////////////////
Iteration 121/162 finished
Hyper parameters tested:
    - sub_sampling: 0.25
    - learning_rate: 0.1
    - depth: 7
Elapsed time from start: 0d 18h 10m 54s
Results:
    - MAE : [1.48476898 2.95505647 1.14719423 1.1617792 ]
    - Correlation : [0.31970436 0.26532569 0.3313215  0.35685583]
////////////////////////////////////////////
Iteration 122/162 finished
Hyper parameters tested:
    - sub_sampling: 0.25
    - learning_rate: 0.1
    - depth: 6
Elapsed time from start: 0d 18h 17m 52s
Results:
    - MAE : [1.46031424 2.96761864 1.13330303 1.16228422]
    - Correlation : [0.35282583 0.278699   0.35233854 0.37395017]
////////////////////////////////////////////
Iteration 123/162 finished
Hyper parameters tested:
    - sub_sampling: 0.25
    - learning_rate: 0.1
    - depth: 5
Elapsed time from start: 0d 18h 22m 43s
Results:
    - MAE : [1.47275513 2.90401398 1.12718459 1.17287085]
    - Correlation : [0.35118961 0.34410619 0.37150028 0.3726331 ]
////////////////////////////////////////////
Iteration 124/162 finished
Hyper parameters tested:
    - sub_sampling: 0.25
    - learning_rate: 0.1
    - depth: 4
Elapsed time from start: 0d 18h 26m 13s
Results:
    - MAE : [1.40507783 2.94541207 1.09075743 1.14935977]
    - Correlation : [0.38162173 0.32549762 0.41630513 0.37884475]
////////////////////////////////////////////
Iteration 125/162 finished
Hyper parameters tested:
    - sub_sampling: 0.25
    - learning_rate: 0.1
    - depth: 3
Elapsed time from start: 0d 18h 28m 52s
Results:
    - MAE : [1.44052997 2.86750301 1.078154   1.15348824]
    - Correlation : [0.3462806  0.34059404 0.4116564  0.38982198]
////////////////////////////////////////////
Iteration 126/162 finished
Hyper parameters tested:
    - sub_sampling: 0.25
    - learning_rate: 0.1
    - depth: 2
Elapsed time from start: 0d 18h 30m 54s
Results:
    - MAE : [1.37828595 2.73602022 1.0618552  1.11800718]
    - Correlation : [0.41105676 0.36753161 0.42110525 0.39991498]
////////////////////////////////////////////
Iteration 127/162 finished
Hyper parameters tested:
    - sub_sampling: 0.25
    - learning_rate: 0.01
    - depth: 10
Elapsed time from start: 0d 18h 54m 59s
Results:
    - MAE : [1.34892674 2.6499879  1.05218748 1.06917339]
    - Correlation : [0.41928118 0.41573425 0.40263662 0.41812728]
////////////////////////////////////////////
Iteration 128/162 finished
Hyper parameters tested:
    - sub_sampling: 0.25
    - learning_rate: 0.01
    - depth: 9
Elapsed time from start: 0d 19h 12m 50s
Results:
    - MAE : [1.34547706 2.63641141 1.04999325 1.07311371]
    - Correlation : [0.4337588  0.41491393 0.41462666 0.41537252]
////////////////////////////////////////////
Iteration 129/162 finished
Hyper parameters tested:
    - sub_sampling: 0.25
    - learning_rate: 0.01
    - depth: 8
Elapsed time from start: 0d 19h 25m 41s
Results:
    - MAE : [1.34406993 2.62289491 1.04415381 1.07194856]
    - Correlation : [0.43017794 0.43277263 0.41068341 0.41445527]
////////////////////////////////////////////
Iteration 130/162 finished
Hyper parameters tested:
    - sub_sampling: 0.25
    - learning_rate: 0.01
    - depth: 7
Elapsed time from start: 0d 19h 34m 42s
Results:
    - MAE : [1.34173251 2.63757643 1.04836123 1.07360217]
    - Correlation : [0.43928959 0.42213737 0.40603445 0.42370609]
////////////////////////////////////////////
Iteration 131/162 finished
Hyper parameters tested:
    - sub_sampling: 0.25
    - learning_rate: 0.01
    - depth: 6
Elapsed time from start: 0d 19h 41m 4s
Results:
    - MAE : [1.33904485 2.64250522 1.04812022 1.06941477]
    - Correlation : [0.44169262 0.42026927 0.40657391 0.421162  ]
////////////////////////////////////////////
Iteration 132/162 finished
Hyper parameters tested:
    - sub_sampling: 0.25
    - learning_rate: 0.01
    - depth: 5
Elapsed time from start: 0d 19h 45m 40s
Results:
    - MAE : [1.34326044 2.64088603 1.05353582 1.06572266]
    - Correlation : [0.43378202 0.42707835 0.40189212 0.42858445]
////////////////////////////////////////////
Iteration 133/162 finished
Hyper parameters tested:
    - sub_sampling: 0.25
    - learning_rate: 0.01
    - depth: 4
Elapsed time from start: 0d 19h 49m 6s
Results:
    - MAE : [1.35049275 2.64797059 1.05094469 1.07283865]
    - Correlation : [0.4299796  0.41478387 0.40495323 0.42101561]
////////////////////////////////////////////
Iteration 134/162 finished
Hyper parameters tested:
    - sub_sampling: 0.25
    - learning_rate: 0.01
    - depth: 3
Elapsed time from start: 0d 19h 51m 45s
Results:
    - MAE : [1.36223695 2.65320966 1.05907104 1.08590568]
    - Correlation : [0.41941894 0.4114424  0.38183605 0.40545777]
////////////////////////////////////////////
Iteration 135/162 finished
Hyper parameters tested:
    - sub_sampling: 0.25
    - learning_rate: 0.01
    - depth: 2
Elapsed time from start: 0d 19h 53m 49s
Results:
    - MAE : [1.37854505 2.67011352 1.06968445 1.10140936]
    - Correlation : [0.41149771 0.40422325 0.36615081 0.37312485]
////////////////////////////////////////////
Iteration 136/162 finished
Hyper parameters tested:
    - sub_sampling: 0.25
    - learning_rate: 0.001
    - depth: 10
Elapsed time from start: 0d 20h 26m 19s
Results:
    - MAE : [1.41582991 2.69846668 1.14544164 1.15525754]
    - Correlation : [0.40681365 0.39819547 0.3744613  0.40727228]
////////////////////////////////////////////
Iteration 137/162 finished
Hyper parameters tested:
    - sub_sampling: 0.25
    - learning_rate: 0.001
    - depth: 9
Elapsed time from start: 0d 20h 48m 44s
Results:
    - MAE : [1.4161796  2.70043478 1.14558804 1.15635523]
    - Correlation : [0.41151996 0.3990801  0.37638968 0.40398653]
////////////////////////////////////////////
Iteration 138/162 finished
Hyper parameters tested:
    - sub_sampling: 0.25
    - learning_rate: 0.001
    - depth: 8
Elapsed time from start: 0d 21h 3m 46s
Results:
    - MAE : [1.4184999  2.70357038 1.14777597 1.15824426]
    - Correlation : [0.41002274 0.39527583 0.37305602 0.40466455]
////////////////////////////////////////////
Iteration 139/162 finished
Hyper parameters tested:
    - sub_sampling: 0.25
    - learning_rate: 0.001
    - depth: 7
Elapsed time from start: 0d 21h 13m 46s
Results:
    - MAE : [1.42401124 2.70805825 1.15015323 1.16194412]
    - Correlation : [0.4043224  0.39350346 0.37166724 0.39745704]
////////////////////////////////////////////
Iteration 140/162 finished
Hyper parameters tested:
    - sub_sampling: 0.25
    - learning_rate: 0.001
    - depth: 6
Elapsed time from start: 0d 21h 20m 36s
Results:
    - MAE : [1.42979154 2.71466981 1.15471599 1.16761704]
    - Correlation : [0.40053072 0.39067555 0.36685555 0.3861763 ]
////////////////////////////////////////////
Iteration 141/162 finished
Hyper parameters tested:
    - sub_sampling: 0.25
    - learning_rate: 0.001
    - depth: 5
Elapsed time from start: 0d 21h 25m 29s
Results:
    - MAE : [1.43680844 2.72069195 1.16076359 1.17420844]
    - Correlation : [0.40006038 0.39130193 0.36071652 0.37343711]
////////////////////////////////////////////
Iteration 142/162 finished
Hyper parameters tested:
    - sub_sampling: 0.25
    - learning_rate: 0.001
    - depth: 4
Elapsed time from start: 0d 21h 29m 8s
Results:
    - MAE : [1.44588368 2.73216949 1.16752481 1.18281404]
    - Correlation : [0.39174917 0.39062024 0.3519243  0.35261949]
////////////////////////////////////////////
Iteration 143/162 finished
Hyper parameters tested:
    - sub_sampling: 0.25
    - learning_rate: 0.001
    - depth: 3
Elapsed time from start: 0d 21h 31m 56s
Results:
    - MAE : [1.45650433 2.74894819 1.17709441 1.19449733]
    - Correlation : [0.37819528 0.38650681 0.33468313 0.31535826]
////////////////////////////////////////////
Iteration 144/162 finished
Hyper parameters tested:
    - sub_sampling: 0.25
    - learning_rate: 0.001
    - depth: 2
Elapsed time from start: 0d 21h 34m 3s
Results:
    - MAE : [1.46868703 2.77025959 1.1888594  1.20641407]
    - Correlation : [0.36484169 0.37716008 0.30603811 0.26975109]
////////////////////////////////////////////
Iteration 145/162 finished
Hyper parameters tested:
    - sub_sampling: 0.25
    - learning_rate: 0.0005
    - depth: 10
Elapsed time from start: 0d 22h 7m 44s
Results:
    - MAE : [1.44021855 2.7612989  1.20616226 1.20487067]
    - Correlation : [0.40611836 0.39426277 0.37295373 0.40507852]
////////////////////////////////////////////
Iteration 146/162 finished
Hyper parameters tested:
    - sub_sampling: 0.25
    - learning_rate: 0.0005
    - depth: 9
Elapsed time from start: 0d 22h 30m 51s
Results:
    - MAE : [1.44142334 2.76290463 1.20638589 1.20526111]
    - Correlation : [0.40471435 0.39193342 0.37287391 0.40356794]
////////////////////////////////////////////
Iteration 147/162 finished
Hyper parameters tested:
    - sub_sampling: 0.25
    - learning_rate: 0.0005
    - depth: 8
Elapsed time from start: 0d 22h 46m 16s
Results:
    - MAE : [1.44347978 2.76386645 1.20777815 1.20725125]
    - Correlation : [0.40270235 0.39174015 0.37119895 0.3988941 ]
////////////////////////////////////////////
Iteration 148/162 finished
Hyper parameters tested:
    - sub_sampling: 0.25
    - learning_rate: 0.0005
    - depth: 7
Elapsed time from start: 0d 22h 56m 28s
Results:
    - MAE : [1.44653929 2.76620327 1.20968337 1.20977784]
    - Correlation : [0.39929899 0.3915688  0.36671209 0.39120134]
////////////////////////////////////////////
Iteration 149/162 finished
Hyper parameters tested:
    - sub_sampling: 0.25
    - learning_rate: 0.0005
    - depth: 6
Elapsed time from start: 0d 23h 3m 26s
Results:
    - MAE : [1.45013132 2.77034525 1.21288122 1.21367604]
    - Correlation : [0.3962417  0.38680698 0.36221396 0.38260371]
////////////////////////////////////////////
Iteration 150/162 finished
Hyper parameters tested:
    - sub_sampling: 0.25
    - learning_rate: 0.0005
    - depth: 5
Elapsed time from start: 0d 23h 8m 23s
Results:
    - MAE : [1.45463668 2.77585963 1.21754363 1.21873681]
    - Correlation : [0.39178549 0.38627553 0.35167173 0.36695329]
////////////////////////////////////////////
Iteration 151/162 finished
Hyper parameters tested:
    - sub_sampling: 0.25
    - learning_rate: 0.0005
    - depth: 4
Elapsed time from start: 0d 23h 12m 4s
Results:
    - MAE : [1.46048083 2.78379669 1.2223582  1.22487051]
    - Correlation : [0.38091622 0.38382016 0.34033762 0.34448335]
////////////////////////////////////////////
Iteration 152/162 finished
Hyper parameters tested:
    - sub_sampling: 0.25
    - learning_rate: 0.0005
    - depth: 3
Elapsed time from start: 0d 23h 14m 52s
Results:
    - MAE : [1.46667304 2.79334996 1.22848076 1.23211251]
    - Correlation : [0.36878603 0.37935481 0.3203477  0.31078944]
////////////////////////////////////////////
Iteration 153/162 finished
Hyper parameters tested:
    - sub_sampling: 0.25
    - learning_rate: 0.0005
    - depth: 2
Elapsed time from start: 0d 23h 17m 0s
Results:
    - MAE : [1.47389381 2.80545686 1.23538973 1.23984628]
    - Correlation : [0.3520528  0.37166592 0.28851372 0.26009735]
////////////////////////////////////////////
Iteration 154/162 finished
Hyper parameters tested:
    - sub_sampling: 0.25
    - learning_rate: 0.0001
    - depth: 10
Elapsed time from start: 0d 23h 51m 42s
Results:
    - MAE : [1.46761457 2.88953843 1.28762275 1.27668725]
    - Correlation : [0.40462069 0.38591169 0.36366455 0.40250606]
////////////////////////////////////////////
Iteration 155/162 finished
Hyper parameters tested:
    - sub_sampling: 0.25
    - learning_rate: 0.0001
    - depth: 9
Elapsed time from start: 1d 0h 15m 27s
Results:
    - MAE : [1.46791814 2.88928593 1.28768185 1.27674696]
    - Correlation : [0.40276509 0.38422765 0.36059508 0.40172349]
////////////////////////////////////////////
Iteration 156/162 finished
Hyper parameters tested:
    - sub_sampling: 0.25
    - learning_rate: 0.0001
    - depth: 8
Elapsed time from start: 1d 0h 31m 13s
Results:
    - MAE : [1.4685024  2.8891257  1.28796896 1.27722447]
    - Correlation : [0.39906729 0.38394465 0.35677131 0.3947861 ]
////////////////////////////////////////////
Iteration 157/162 finished
Hyper parameters tested:
    - sub_sampling: 0.25
    - learning_rate: 0.0001
    - depth: 7
Elapsed time from start: 1d 0h 41m 35s
Results:
    - MAE : [1.46927652 2.88943206 1.28844969 1.27792785]
    - Correlation : [0.39706704 0.38177356 0.35303913 0.38804737]
////////////////////////////////////////////
Iteration 158/162 finished
Hyper parameters tested:
    - sub_sampling: 0.25
    - learning_rate: 0.0001
    - depth: 6
Elapsed time from start: 1d 0h 48m 37s
Results:
    - MAE : [1.47030622 2.89010595 1.28921256 1.27896381]
    - Correlation : [0.39143095 0.38022137 0.34671513 0.37747237]
////////////////////////////////////////////
Iteration 159/162 finished
Hyper parameters tested:
    - sub_sampling: 0.25
    - learning_rate: 0.0001
    - depth: 5
Elapsed time from start: 1d 0h 53m 37s
Results:
    - MAE : [1.47154815 2.89130896 1.29020863 1.28018181]
    - Correlation : [0.38369771 0.37940161 0.33934575 0.36075354]
////////////////////////////////////////////
Iteration 160/162 finished
Hyper parameters tested:
    - sub_sampling: 0.25
    - learning_rate: 0.0001
    - depth: 4
Elapsed time from start: 1d 0h 57m 20s
Results:
    - MAE : [1.47294729 2.89289248 1.29132769 1.28168301]
    - Correlation : [0.37410365 0.37627076 0.32584168 0.3375845 ]
////////////////////////////////////////////
Iteration 161/162 finished
Hyper parameters tested:
    - sub_sampling: 0.25
    - learning_rate: 0.0001
    - depth: 3
Elapsed time from start: 1d 1h 0m 10s
Results:
    - MAE : [1.47448335 2.8948852  1.2927278  1.28337732]
    - Correlation : [0.35722413 0.37407048 0.30150335 0.30202424]
////////////////////////////////////////////
Iteration 162/162 finished
Hyper parameters tested:
    - sub_sampling: 0.25
    - learning_rate: 0.0001
    - depth: 2
Elapsed time from start: 1d 1h 2m 18s
Results:
    - MAE : [1.47625208 2.89760637 1.29433245 1.28515604]
    - Correlation : [0.33659944 0.36371356 0.26875027 0.25270157]
////////////////////////////////////////////
Computation finished in 1d 1h 2m 18s
