
CommandNotFoundError: Your shell has not been properly configured to use 'conda activate'.
To initialize your shell, run

    $ conda init <SHELL_NAME>

Currently supported shells are:
  - bash
  - fish
  - tcsh
  - xonsh
  - zsh
  - powershell

See 'conda init --help' for more information and options.

IMPORTANT: You may need to close and restart your shell after running 'conda init'.


Final training epoch 106 for lambda 0.00000 finished. Train loss: 1.873. Correlation: 0.328
Final training epoch 26 for lambda 1.00000 finished. Train loss: 1.562. Correlation: 0.053
Final training epoch 19 for lambda 1.20000 finished. Train loss: 1.514. Correlation: 0.308
Final training epoch 14 for lambda 1.44000 finished. Train loss: 12.167. Correlation: 0.016
Final training epoch 31 for lambda 1.72800 finished. Train loss: 1.492. Correlation: 0.393
Final training epoch 11 for lambda 2.07360 finished. Train loss: 4.151. Correlation: -0.106
Final training epoch 32 for lambda 2.48832 finished. Train loss: 1.605. Correlation: 0.387
Final training epoch 19 for lambda 2.98598 finished. Train loss: 1.567. Correlation: 0.362
Final training epoch 12 for lambda 3.58318 finished. Train loss: 1.584. Correlation: 0.365
Final training epoch 40 for lambda 4.29982 finished. Train loss: 1.448. Correlation: 0.407
Final training epoch 9 for lambda 5.15978 finished. Train loss: 1.472. Correlation: 0.395
Final training epoch 9 for lambda 6.19174 finished. Train loss: 2.566. Correlation: 0.258
Final training epoch 32 for lambda 7.43008 finished. Train loss: 1.441. Correlation: 0.406
Final training epoch 17 for lambda 8.91610 finished. Train loss: 1.474. Correlation: 0.399
Final training epoch 36 for lambda 10.69932 finished. Train loss: 1.481. Correlation: 0.382
Final training epoch 22 for lambda 12.83918 finished. Train loss: 1.497. Correlation: 0.383
Final training epoch 40 for lambda 15.40702 finished. Train loss: 1.487. Correlation: 0.359
Final training epoch 24 for lambda 18.48843 finished. Train loss: 1.498. Correlation: 0.365
Final training epoch 13 for lambda 22.18611 finished. Train loss: 1.500. Correlation: 0.349
Final training epoch 35 for lambda 26.62333 finished. Train loss: 1.510. Correlation: 0.328
Final training epoch 15 for lambda 31.94800 finished. Train loss: 1.520. Correlation: 0.344
Final training epoch 12 for lambda 38.33760 finished. Train loss: 1.545. Correlation: 0.304
Final training epoch 13 for lambda 46.00512 finished. Train loss: 1.556. Correlation: 0.259
/home/fhervers/TFE/Code/Regression/LassoNet/lassonet/lassonet/interfaces.py:279: ConstantInputWarning: An input array is constant; the correlation coefficient is not defined.
  return_value = pearsonr(model(X_val).view((-1)).cpu(), y_val.view((-1)).cpu()).statistic
Final training epoch 9 for lambda 55.20614 finished. Train loss: 1.565. Correlation: nan
/home/fhervers/TFE/Code/Regression/LassoNet/lassonet/lassonet/interfaces.py:588: ConstantInputWarning: An input array is constant; the correlation coefficient is not defined.
  return pearsonr(y.cpu(), y_pred.cpu().detach()).statistic
//////////////////////////////////////////////////////////////////////////////////
Lambda: 2.0736 / Correlation: -0.106 / Nb features: 36304
Lambda: 1.4400 / Correlation: 0.016 / Nb features: 36304
Lambda: 1.0000 / Correlation: 0.053 / Nb features: 36304
Lambda: 6.1917 / Correlation: 0.258 / Nb features: 12083
Lambda: 46.0051 / Correlation: 0.259 / Nb features: 252
Lambda: 38.3376 / Correlation: 0.304 / Nb features: 425
Lambda: 1.2000 / Correlation: 0.308 / Nb features: 36304
Lambda: 0.0000 / Correlation: 0.328 / Nb features: 36304
Lambda: 26.6233 / Correlation: 0.328 / Nb features: 2022
Lambda: 31.9480 / Correlation: 0.344 / Nb features: 828
Lambda: 22.1861 / Correlation: 0.349 / Nb features: 2567
Lambda: 15.4070 / Correlation: 0.359 / Nb features: 6335
Lambda: 2.9860 / Correlation: 0.362 / Nb features: 35371
Lambda: 18.4884 / Correlation: 0.365 / Nb features: 7161
Lambda: 3.5832 / Correlation: 0.365 / Nb features: 21476
Lambda: 10.6993 / Correlation: 0.382 / Nb features: 9942
Lambda: 12.8392 / Correlation: 0.383 / Nb features: 8214
Lambda: 2.4883 / Correlation: 0.387 / Nb features: 36294
Lambda: 1.7280 / Correlation: 0.393 / Nb features: 36304
Lambda: 5.1598 / Correlation: 0.395 / Nb features: 16002
Lambda: 8.9161 / Correlation: 0.399 / Nb features: 14510
Lambda: 7.4301 / Correlation: 0.406 / Nb features: 22666
Best model correlation 0.40709007
Lambda = 4.299816959999999
Nb features: 20500
//////////////////////////////////////////////////////////////////////////////////
Final training epoch 101 for lambda 0.00000 finished. Train loss: 1.285. Correlation: 0.345
Final training epoch 15 for lambda 1.00000 finished. Train loss: 1.490. Correlation: 0.343
Final training epoch 29 for lambda 1.20000 finished. Train loss: 2.745. Correlation: 0.368
Final training epoch 16 for lambda 1.44000 finished. Train loss: 3.079. Correlation: 0.131
Final training epoch 25 for lambda 1.72800 finished. Train loss: 1.487. Correlation: 0.394
Final training epoch 15 for lambda 2.07360 finished. Train loss: 1.510. Correlation: 0.344
Final training epoch 20 for lambda 2.48832 finished. Train loss: 1.489. Correlation: 0.387
Final training epoch 52 for lambda 2.98598 finished. Train loss: 1.543. Correlation: 0.379
Final training epoch 30 for lambda 3.58318 finished. Train loss: 1.548. Correlation: 0.364
Final training epoch 35 for lambda 4.29982 finished. Train loss: 1.559. Correlation: 0.379
Final training epoch 24 for lambda 5.15978 finished. Train loss: 1.534. Correlation: 0.373
Final training epoch 13 for lambda 6.19174 finished. Train loss: 1.746. Correlation: 0.301
Final training epoch 19 for lambda 7.43008 finished. Train loss: 1.541. Correlation: 0.361
Final training epoch 23 for lambda 8.91610 finished. Train loss: 1.475. Correlation: 0.390
Final training epoch 10 for lambda 10.69932 finished. Train loss: 2.038. Correlation: 0.350
Final training epoch 21 for lambda 12.83918 finished. Train loss: 1.447. Correlation: 0.417
Final training epoch 9 for lambda 15.40702 finished. Train loss: 1.459. Correlation: 0.406
Final training epoch 9 for lambda 18.48843 finished. Train loss: 1.488. Correlation: 0.393
Final training epoch 9 for lambda 22.18611 finished. Train loss: 1.514. Correlation: 0.379
Final training epoch 27 for lambda 26.62333 finished. Train loss: 1.518. Correlation: 0.373
Final training epoch 11 for lambda 31.94800 finished. Train loss: 1.540. Correlation: 0.349
Final training epoch 21 for lambda 38.33760 finished. Train loss: 1.548. Correlation: 0.336
Final training epoch 9 for lambda 46.00512 finished. Train loss: 1.560. Correlation: 0.290
Final training epoch 13 for lambda 55.20614 finished. Train loss: 1.565. Correlation: nan
//////////////////////////////////////////////////////////////////////////////////
Lambda: 1.4400 / Correlation: 0.131 / Nb features: 36304
Lambda: 46.0051 / Correlation: 0.290 / Nb features: 125
Lambda: 6.1917 / Correlation: 0.301 / Nb features: 36148
Lambda: 38.3376 / Correlation: 0.336 / Nb features: 531
Lambda: 1.0000 / Correlation: 0.343 / Nb features: 36304
Lambda: 2.0736 / Correlation: 0.344 / Nb features: 36304
Lambda: 0.0000 / Correlation: 0.345 / Nb features: 36304
Lambda: 31.9480 / Correlation: 0.349 / Nb features: 1281
Lambda: 10.6993 / Correlation: 0.350 / Nb features: 35789
Lambda: 7.4301 / Correlation: 0.361 / Nb features: 36188
Lambda: 3.5832 / Correlation: 0.364 / Nb features: 36304
Lambda: 1.2000 / Correlation: 0.368 / Nb features: 36304
Lambda: 26.6233 / Correlation: 0.373 / Nb features: 2999
Lambda: 5.1598 / Correlation: 0.373 / Nb features: 36175
Lambda: 22.1861 / Correlation: 0.379 / Nb features: 3246
Lambda: 2.9860 / Correlation: 0.379 / Nb features: 36304
Lambda: 4.2998 / Correlation: 0.379 / Nb features: 36246
Lambda: 2.4883 / Correlation: 0.387 / Nb features: 36304
Lambda: 8.9161 / Correlation: 0.390 / Nb features: 31686
Lambda: 18.4884 / Correlation: 0.393 / Nb features: 7631
Lambda: 1.7280 / Correlation: 0.394 / Nb features: 36304
Lambda: 15.4070 / Correlation: 0.406 / Nb features: 14535
Best model correlation 0.41733685
Lambda = 12.839184645488634
Nb features: 16497
//////////////////////////////////////////////////////////////////////////////////
Final training epoch 110 for lambda 0.00000 finished. Train loss: 0.880. Correlation: 0.376
Final training epoch 9 for lambda 1.00000 finished. Train loss: 1.559. Correlation: 0.083
Final training epoch 44 for lambda 1.20000 finished. Train loss: 1.543. Correlation: 0.217
Final training epoch 59 for lambda 1.72800 finished. Train loss: 1.893. Correlation: 0.317
Final training epoch 12 for lambda 2.07360 finished. Train loss: 1.557. Correlation: 0.312
Final training epoch 21 for lambda 2.48832 finished. Train loss: 1.619. Correlation: 0.363
Final training epoch 15 for lambda 2.98598 finished. Train loss: 1.760. Correlation: 0.360
Final training epoch 16 for lambda 3.58318 finished. Train loss: 129.875. Correlation: 0.073
Final training epoch 13 for lambda 4.29982 finished. Train loss: 1.943. Correlation: 0.316
Final training epoch 16 for lambda 5.15978 finished. Train loss: 6.968. Correlation: 0.060
Final training epoch 13 for lambda 6.19174 finished. Train loss: 24.416. Correlation: 0.173
Final training epoch 16 for lambda 7.43008 finished. Train loss: 1.709. Correlation: 0.345
Final training epoch 38 for lambda 8.91610 finished. Train loss: 2.131. Correlation: 0.363
Final training epoch 60 for lambda 10.69932 finished. Train loss: 1.486. Correlation: 0.433
Final training epoch 13 for lambda 12.83918 finished. Train loss: 5.547. Correlation: 0.387
Final training epoch 12 for lambda 15.40702 finished. Train loss: 1.343. Correlation: 0.418
Final training epoch 11 for lambda 18.48843 finished. Train loss: 1.363. Correlation: 0.405
Final training epoch 61 for lambda 22.18611 finished. Train loss: 1.458. Correlation: 0.408
Final training epoch 44 for lambda 26.62333 finished. Train loss: 1.439. Correlation: 0.410
Final training epoch 20 for lambda 31.94800 finished. Train loss: 1.458. Correlation: 0.409
Final training epoch 30 for lambda 38.33760 finished. Train loss: 1.459. Correlation: 0.409
Final training epoch 15 for lambda 46.00512 finished. Train loss: 1.498. Correlation: 0.394
Final training epoch 61 for lambda 55.20614 finished. Train loss: 1.468. Correlation: 0.397
Final training epoch 16 for lambda 66.24737 finished. Train loss: 1.481. Correlation: 0.384
Final training epoch 25 for lambda 79.49685 finished. Train loss: 1.483. Correlation: 0.390
Final training epoch 23 for lambda 95.39622 finished. Train loss: 1.471. Correlation: 0.395
Final training epoch 14 for lambda 114.47546 finished. Train loss: 1.477. Correlation: 0.380
Final training epoch 20 for lambda 137.37055 finished. Train loss: 1.489. Correlation: 0.387
Final training epoch 15 for lambda 164.84466 finished. Train loss: 1.505. Correlation: 0.366
Final training epoch 25 for lambda 197.81359 finished. Train loss: 1.519. Correlation: 0.349
Final training epoch 20 for lambda 237.37631 finished. Train loss: 1.545. Correlation: 0.331
Final training epoch 9 for lambda 284.85158 finished. Train loss: 1.558. Correlation: 0.303
Final training epoch 9 for lambda 341.82189 finished. Train loss: 1.566. Correlation: 0.127
Final training epoch 9 for lambda 410.18627 finished. Train loss: 1.566. Correlation: nan
//////////////////////////////////////////////////////////////////////////////////
Lambda: 5.1598 / Correlation: 0.060 / Nb features: 24190
Lambda: 3.5832 / Correlation: 0.073 / Nb features: 36304
Lambda: 1.0000 / Correlation: 0.083 / Nb features: 36304
Lambda: 341.8219 / Correlation: 0.127 / Nb features: 9
Lambda: 6.1917 / Correlation: 0.173 / Nb features: 36304
Lambda: 1.2000 / Correlation: 0.217 / Nb features: 36304
Lambda: 284.8516 / Correlation: 0.303 / Nb features: 115
Lambda: 2.0736 / Correlation: 0.312 / Nb features: 36263
Lambda: 4.2998 / Correlation: 0.316 / Nb features: 6177
Lambda: 1.7280 / Correlation: 0.317 / Nb features: 36304
Lambda: 237.3763 / Correlation: 0.331 / Nb features: 359
Lambda: 1.4400 / Correlation: 0.338 / Nb features: 36304
Lambda: 7.4301 / Correlation: 0.345 / Nb features: 35329
Lambda: 197.8136 / Correlation: 0.349 / Nb features: 1093
Lambda: 2.9860 / Correlation: 0.360 / Nb features: 18099
Lambda: 8.9161 / Correlation: 0.363 / Nb features: 36092
Lambda: 2.4883 / Correlation: 0.363 / Nb features: 26282
Lambda: 164.8447 / Correlation: 0.366 / Nb features: 2206
Lambda: 0.0000 / Correlation: 0.376 / Nb features: 36304
Lambda: 114.4755 / Correlation: 0.380 / Nb features: 4597
Lambda: 66.2474 / Correlation: 0.384 / Nb features: 13785
Lambda: 12.8392 / Correlation: 0.387 / Nb features: 36302
Lambda: 137.3706 / Correlation: 0.387 / Nb features: 2881
Lambda: 79.4968 / Correlation: 0.390 / Nb features: 7422
Lambda: 46.0051 / Correlation: 0.394 / Nb features: 24271
Lambda: 95.3962 / Correlation: 0.395 / Nb features: 7916
Lambda: 55.2061 / Correlation: 0.397 / Nb features: 17035
Lambda: 18.4884 / Correlation: 0.405 / Nb features: 36184
Lambda: 22.1861 / Correlation: 0.408 / Nb features: 36304
Lambda: 31.9480 / Correlation: 0.409 / Nb features: 24248
Lambda: 38.3376 / Correlation: 0.409 / Nb features: 36212
Lambda: 26.6233 / Correlation: 0.410 / Nb features: 29294
Lambda: 15.4070 / Correlation: 0.418 / Nb features: 36280
Best model correlation 0.43284836
Lambda = 10.699320537907196
Nb features: 36301
//////////////////////////////////////////////////////////////////////////////////
Final training epoch 106 for lambda 0.00000 finished. Train loss: 1.689. Correlation: 0.295
Final training epoch 9 for lambda 1.00000 finished. Train loss: 1.538. Correlation: 0.121
Final training epoch 37 for lambda 1.20000 finished. Train loss: 1.745. Correlation: 0.327
/home/fhervers/TFE/Code/Regression/LassoNet/lassonet/lassonet/interfaces.py:490: UserWarning: lambda_start=1.000 might be too large.
Features start to disappear at current_lambda=1.200.
  warnings.warn(
Final training epoch 17 for lambda 1.44000 finished. Train loss: 88.670. Correlation: 0.240
Final training epoch 24 for lambda 1.72800 finished. Train loss: 2.287. Correlation: 0.089
Final training epoch 13 for lambda 2.07360 finished. Train loss: 4.259. Correlation: 0.092
Final training epoch 28 for lambda 2.48832 finished. Train loss: 1.646. Correlation: nan
//////////////////////////////////////////////////////////////////////////////////
Lambda: 1.7280 / Correlation: 0.089 / Nb features: 15078
Lambda: 2.0736 / Correlation: 0.092 / Nb features: 15491
Lambda: 1.0000 / Correlation: 0.121 / Nb features: 36304
Lambda: 1.4400 / Correlation: 0.240 / Nb features: 36304
Lambda: 0.0000 / Correlation: 0.295 / Nb features: 36304
Best model correlation 0.32670867
Lambda = 1.2
Nb features: 16644
//////////////////////////////////////////////////////////////////////////////////
Final training epoch 106 for lambda 0.00000 finished. Train loss: 1.476. Correlation: 0.341
Final training epoch 20 for lambda 1.00000 finished. Train loss: 1.527. Correlation: 0.246
Final training epoch 19 for lambda 1.20000 finished. Train loss: 1.481. Correlation: 0.370
Final training epoch 12 for lambda 1.44000 finished. Train loss: 1.494. Correlation: 0.366
Final training epoch 48 for lambda 1.72800 finished. Train loss: 1.505. Correlation: 0.366
Final training epoch 15 for lambda 2.07360 finished. Train loss: 1.472. Correlation: 0.376
Final training epoch 37 for lambda 2.48832 finished. Train loss: 1.537. Correlation: 0.381
Final training epoch 59 for lambda 2.98598 finished. Train loss: 1.556. Correlation: 0.373
Final training epoch 23 for lambda 3.58318 finished. Train loss: 3.878. Correlation: 0.374
Final training epoch 33 for lambda 4.29982 finished. Train loss: 1.557. Correlation: 0.342
Final training epoch 33 for lambda 5.15978 finished. Train loss: 1.497. Correlation: 0.395
Final training epoch 14 for lambda 6.19174 finished. Train loss: 2.234. Correlation: -0.008
Final training epoch 27 for lambda 7.43008 finished. Train loss: 2.979. Correlation: 0.360
Final training epoch 22 for lambda 8.91610 finished. Train loss: 1.522. Correlation: 0.339
Final training epoch 9 for lambda 10.69932 finished. Train loss: 1.548. Correlation: 0.305
Final training epoch 24 for lambda 12.83918 finished. Train loss: 1.562. Correlation: 0.279
Final training epoch 12 for lambda 15.40702 finished. Train loss: 1.564. Correlation: 0.126
Final training epoch 28 for lambda 18.48843 finished. Train loss: 1.565. Correlation: 0.160
Final training epoch 9 for lambda 22.18611 finished. Train loss: 1.565. Correlation: nan
//////////////////////////////////////////////////////////////////////////////////
Lambda: 6.1917 / Correlation: -0.008 / Nb features: 32884
Lambda: 15.4070 / Correlation: 0.126 / Nb features: 31
Lambda: 18.4884 / Correlation: 0.160 / Nb features: 3
Lambda: 1.0000 / Correlation: 0.246 / Nb features: 36304
Lambda: 12.8392 / Correlation: 0.279 / Nb features: 343
Lambda: 10.6993 / Correlation: 0.305 / Nb features: 2261
Lambda: 8.9161 / Correlation: 0.339 / Nb features: 3759
Lambda: 0.0000 / Correlation: 0.341 / Nb features: 36304
Lambda: 4.2998 / Correlation: 0.342 / Nb features: 4033
Lambda: 7.4301 / Correlation: 0.360 / Nb features: 35021
Lambda: 1.4400 / Correlation: 0.366 / Nb features: 36304
Lambda: 1.7280 / Correlation: 0.366 / Nb features: 36304
Lambda: 1.2000 / Correlation: 0.370 / Nb features: 36304
Lambda: 2.9860 / Correlation: 0.373 / Nb features: 36292
Lambda: 3.5832 / Correlation: 0.374 / Nb features: 33118
Lambda: 2.0736 / Correlation: 0.376 / Nb features: 36304
Lambda: 2.4883 / Correlation: 0.381 / Nb features: 36304
Best model correlation 0.39495176
Lambda = 5.159780351999999
Nb features: 32604
//////////////////////////////////////////////////////////////////////////////////
Final training epoch 107 for lambda 0.00000 finished. Train loss: 1.387. Correlation: 0.319
Final training epoch 9 for lambda 1.00000 finished. Train loss: 1.553. Correlation: 0.057
Final training epoch 55 for lambda 1.20000 finished. Train loss: 3.503. Correlation: 0.341
Final training epoch 19 for lambda 1.44000 finished. Train loss: 1.488. Correlation: 0.392
/home/fhervers/TFE/Code/Regression/LassoNet/lassonet/lassonet/interfaces.py:490: UserWarning: lambda_start=1.000 might be too large.
Features start to disappear at current_lambda=1.440.
  warnings.warn(
Final training epoch 11 for lambda 1.72800 finished. Train loss: 1.675. Correlation: 0.387
Final training epoch 10 for lambda 2.07360 finished. Train loss: 1.805. Correlation: -0.116
Final training epoch 41 for lambda 2.48832 finished. Train loss: 1.486. Correlation: 0.370
Final training epoch 39 for lambda 2.98598 finished. Train loss: 1.424. Correlation: 0.394
Final training epoch 21 for lambda 3.58318 finished. Train loss: 21.213. Correlation: 0.268
Final training epoch 27 for lambda 4.29982 finished. Train loss: 1.752. Correlation: 0.139
Final training epoch 11 for lambda 5.15978 finished. Train loss: 16.372. Correlation: 0.393
Final training epoch 39 for lambda 6.19174 finished. Train loss: 6.133. Correlation: 0.263
Final training epoch 31 for lambda 7.43008 finished. Train loss: 1.434. Correlation: 0.395
Final training epoch 18 for lambda 8.91610 finished. Train loss: 1.552. Correlation: 0.374
Final training epoch 42 for lambda 10.69932 finished. Train loss: 1.445. Correlation: 0.406
Final training epoch 10 for lambda 12.83918 finished. Train loss: 1.633. Correlation: 0.396
Final training epoch 18 for lambda 15.40702 finished. Train loss: 1.473. Correlation: 0.386
Final training epoch 59 for lambda 18.48843 finished. Train loss: 1.482. Correlation: 0.394
Final training epoch 12 for lambda 22.18611 finished. Train loss: 1.477. Correlation: 0.373
Final training epoch 12 for lambda 26.62333 finished. Train loss: 1.488. Correlation: 0.372
Final training epoch 30 for lambda 31.94800 finished. Train loss: 1.502. Correlation: 0.389
Final training epoch 9 for lambda 38.33760 finished. Train loss: 1.504. Correlation: 0.357
Final training epoch 15 for lambda 46.00512 finished. Train loss: 1.518. Correlation: 0.350
Final training epoch 13 for lambda 55.20614 finished. Train loss: 1.534. Correlation: 0.264
Final training epoch 22 for lambda 66.24737 finished. Train loss: 1.558. Correlation: 0.252
/home/fhervers/TFE/Code/Regression/LassoNet/lassonet/lassonet/interfaces.py:279: ConstantInputWarning: An input array is constant; the correlation coefficient is not defined.
  return_value = pearsonr(model(X_val).view((-1)).cpu(), y_val.view((-1)).cpu()).statistic
Final training epoch 9 for lambda 79.49685 finished. Train loss: 1.565. Correlation: nan
/home/fhervers/TFE/Code/Regression/LassoNet/lassonet/lassonet/interfaces.py:588: ConstantInputWarning: An input array is constant; the correlation coefficient is not defined.
  return pearsonr(y.cpu(), y_pred.cpu().detach()).statistic
//////////////////////////////////////////////////////////////////////////////////
Lambda: 2.0736 / Correlation: -0.116 / Nb features: 24152
Lambda: 1.0000 / Correlation: 0.057 / Nb features: 36304
Lambda: 4.2998 / Correlation: 0.139 / Nb features: 36197
Lambda: 66.2474 / Correlation: 0.252 / Nb features: 94
Lambda: 6.1917 / Correlation: 0.263 / Nb features: 26476
Lambda: 55.2061 / Correlation: 0.264 / Nb features: 292
Lambda: 3.5832 / Correlation: 0.268 / Nb features: 36304
Lambda: 0.0000 / Correlation: 0.319 / Nb features: 36304
Lambda: 1.2000 / Correlation: 0.341 / Nb features: 36304
Lambda: 46.0051 / Correlation: 0.350 / Nb features: 544
Lambda: 38.3376 / Correlation: 0.357 / Nb features: 1389
Lambda: 2.4883 / Correlation: 0.370 / Nb features: 31881
Lambda: 26.6233 / Correlation: 0.372 / Nb features: 3489
Lambda: 22.1861 / Correlation: 0.373 / Nb features: 5216
Lambda: 8.9161 / Correlation: 0.374 / Nb features: 9628
Lambda: 15.4070 / Correlation: 0.386 / Nb features: 13321
Lambda: 1.7280 / Correlation: 0.387 / Nb features: 35164
Lambda: 31.9480 / Correlation: 0.389 / Nb features: 1785
Lambda: 1.4400 / Correlation: 0.392 / Nb features: 36289
Lambda: 5.1598 / Correlation: 0.393 / Nb features: 35862
Lambda: 2.9860 / Correlation: 0.394 / Nb features: 36251
Lambda: 18.4884 / Correlation: 0.394 / Nb features: 7135
Lambda: 7.4301 / Correlation: 0.395 / Nb features: 36021
Lambda: 12.8392 / Correlation: 0.396 / Nb features: 7154
Best model correlation 0.40598375
Lambda = 10.699320537907196
Nb features: 34196
//////////////////////////////////////////////////////////////////////////////////
Final training epoch 116 for lambda 0.00000 finished. Train loss: 0.616. Correlation: 0.372
Final training epoch 31 for lambda 1.00000 finished. Train loss: 0.772. Correlation: 0.383
Final training epoch 13 for lambda 1.20000 finished. Train loss: 0.793. Correlation: 0.381
Final training epoch 81 for lambda 1.44000 finished. Train loss: 0.966. Correlation: 0.392
Final training epoch 12 for lambda 2.07360 finished. Train loss: 1.221. Correlation: 0.448
Final training epoch 48 for lambda 2.48832 finished. Train loss: 1.298. Correlation: 0.456
Final training epoch 98 for lambda 2.98598 finished. Train loss: 1.367. Correlation: 0.455
Final training epoch 21 for lambda 3.58318 finished. Train loss: 1.407. Correlation: 0.447
Final training epoch 19 for lambda 4.29982 finished. Train loss: 1.403. Correlation: 0.440
Final training epoch 14 for lambda 5.15978 finished. Train loss: 1.405. Correlation: 0.436
Final training epoch 15 for lambda 6.19174 finished. Train loss: 1.417. Correlation: 0.439
Final training epoch 27 for lambda 7.43008 finished. Train loss: 127.276. Correlation: 0.278
Final training epoch 18 for lambda 8.91610 finished. Train loss: 79.095. Correlation: 0.297
Final training epoch 34 for lambda 10.69932 finished. Train loss: 1.766. Correlation: 0.158
Final training epoch 15 for lambda 12.83918 finished. Train loss: 5.712. Correlation: 0.361
Final training epoch 24 for lambda 15.40702 finished. Train loss: 1.569. Correlation: 0.381
Final training epoch 17 for lambda 18.48843 finished. Train loss: 2.795. Correlation: 0.383
Final training epoch 55 for lambda 22.18611 finished. Train loss: 1.377. Correlation: 0.433
Final training epoch 30 for lambda 26.62333 finished. Train loss: 1.388. Correlation: 0.435
Final training epoch 29 for lambda 31.94800 finished. Train loss: 1.405. Correlation: 0.427
Final training epoch 17 for lambda 38.33760 finished. Train loss: 1.401. Correlation: 0.422
Final training epoch 21 for lambda 46.00512 finished. Train loss: 1.407. Correlation: 0.421
Final training epoch 51 for lambda 55.20614 finished. Train loss: 1.436. Correlation: 0.424
Final training epoch 28 for lambda 66.24737 finished. Train loss: 1.432. Correlation: 0.423
Final training epoch 20 for lambda 79.49685 finished. Train loss: 1.423. Correlation: 0.416
Final training epoch 23 for lambda 95.39622 finished. Train loss: 1.447. Correlation: 0.423
Final training epoch 67 for lambda 114.47546 finished. Train loss: 1.437. Correlation: 0.414
Final training epoch 28 for lambda 137.37055 finished. Train loss: 1.447. Correlation: 0.417
Final training epoch 20 for lambda 164.84466 finished. Train loss: 1.474. Correlation: 0.408
Final training epoch 26 for lambda 197.81359 finished. Train loss: 1.477. Correlation: 0.403
Final training epoch 25 for lambda 237.37631 finished. Train loss: 1.475. Correlation: 0.399
Final training epoch 34 for lambda 284.85158 finished. Train loss: 1.469. Correlation: 0.379
Final training epoch 32 for lambda 341.82189 finished. Train loss: 1.472. Correlation: 0.380
Final training epoch 14 for lambda 410.18627 finished. Train loss: 1.474. Correlation: 0.402
Final training epoch 9 for lambda 492.22352 finished. Train loss: 1.486. Correlation: 0.377
Final training epoch 21 for lambda 590.66823 finished. Train loss: 1.505. Correlation: 0.377
Final training epoch 21 for lambda 708.80187 finished. Train loss: 1.521. Correlation: 0.362
Final training epoch 10 for lambda 850.56225 finished. Train loss: 1.545. Correlation: 0.315
Final training epoch 12 for lambda 1020.67470 finished. Train loss: 1.561. Correlation: 0.285
Final training epoch 12 for lambda 1224.80964 finished. Train loss: 1.568. Correlation: 0.167
/home/fhervers/TFE/Code/Regression/LassoNet/lassonet/lassonet/interfaces.py:279: ConstantInputWarning: An input array is constant; the correlation coefficient is not defined.
  return_value = pearsonr(model(X_val).view((-1)).cpu(), y_val.view((-1)).cpu()).statistic
Final training epoch 11 for lambda 1469.77157 finished. Train loss: 1.569. Correlation: nan
/home/fhervers/TFE/Code/Regression/LassoNet/lassonet/lassonet/interfaces.py:588: ConstantInputWarning: An input array is constant; the correlation coefficient is not defined.
  return pearsonr(y.cpu(), y_pred.cpu().detach()).statistic
//////////////////////////////////////////////////////////////////////////////////
Lambda: 10.6993 / Correlation: 0.158 / Nb features: 36303
Lambda: 1224.8096 / Correlation: 0.167 / Nb features: 20
Lambda: 7.4301 / Correlation: 0.278 / Nb features: 36304
Lambda: 1020.6747 / Correlation: 0.285 / Nb features: 209
Lambda: 8.9161 / Correlation: 0.297 / Nb features: 36304
Lambda: 850.5622 / Correlation: 0.315 / Nb features: 804
Lambda: 12.8392 / Correlation: 0.361 / Nb features: 23038
Lambda: 708.8019 / Correlation: 0.362 / Nb features: 2472
Lambda: 0.0000 / Correlation: 0.372 / Nb features: 36304
Lambda: 590.6682 / Correlation: 0.377 / Nb features: 2063
Lambda: 492.2235 / Correlation: 0.377 / Nb features: 3251
Lambda: 284.8516 / Correlation: 0.379 / Nb features: 7763
Lambda: 341.8219 / Correlation: 0.380 / Nb features: 11035
Lambda: 15.4070 / Correlation: 0.381 / Nb features: 22783
Lambda: 1.2000 / Correlation: 0.381 / Nb features: 36304
Lambda: 18.4884 / Correlation: 0.383 / Nb features: 13098
Lambda: 1.0000 / Correlation: 0.383 / Nb features: 36304
Lambda: 1.4400 / Correlation: 0.392 / Nb features: 36304
Lambda: 237.3763 / Correlation: 0.399 / Nb features: 12341
Lambda: 410.1863 / Correlation: 0.402 / Nb features: 4817
Lambda: 197.8136 / Correlation: 0.403 / Nb features: 13359
Lambda: 164.8447 / Correlation: 0.408 / Nb features: 28389
Lambda: 114.4755 / Correlation: 0.414 / Nb features: 24673
Lambda: 79.4968 / Correlation: 0.416 / Nb features: 36304
Lambda: 137.3706 / Correlation: 0.417 / Nb features: 18240
Lambda: 46.0051 / Correlation: 0.421 / Nb features: 36302
Lambda: 38.3376 / Correlation: 0.422 / Nb features: 31723
Lambda: 66.2474 / Correlation: 0.423 / Nb features: 22427
Lambda: 95.3962 / Correlation: 0.423 / Nb features: 21956
Lambda: 55.2061 / Correlation: 0.424 / Nb features: 30641
Lambda: 31.9480 / Correlation: 0.427 / Nb features: 36304
Lambda: 22.1861 / Correlation: 0.433 / Nb features: 36304
Lambda: 26.6233 / Correlation: 0.435 / Nb features: 36289
Lambda: 5.1598 / Correlation: 0.436 / Nb features: 36182
Lambda: 6.1917 / Correlation: 0.439 / Nb features: 34111
Lambda: 4.2998 / Correlation: 0.440 / Nb features: 36304
Lambda: 3.5832 / Correlation: 0.447 / Nb features: 36304
Lambda: 2.0736 / Correlation: 0.448 / Nb features: 36304
Lambda: 2.9860 / Correlation: 0.455 / Nb features: 36304
Lambda: 2.4883 / Correlation: 0.456 / Nb features: 36304
Best model correlation 0.45780042
Lambda = 1.728
Nb features: 36304
//////////////////////////////////////////////////////////////////////////////////
Final training epoch 106 for lambda 0.00000 finished. Train loss: 1.195. Correlation: 0.334
Final training epoch 9 for lambda 1.00000 finished. Train loss: 1.543. Correlation: 0.143
Final training epoch 29 for lambda 1.20000 finished. Train loss: 1.528. Correlation: 0.177
Final training epoch 58 for lambda 1.44000 finished. Train loss: 1.733. Correlation: 0.371
Final training epoch 16 for lambda 1.72800 finished. Train loss: 1.513. Correlation: 0.281
/home/fhervers/TFE/Code/Regression/LassoNet/lassonet/lassonet/interfaces.py:490: UserWarning: lambda_start=1.000 might be too large.
Features start to disappear at current_lambda=1.728.
  warnings.warn(
Final training epoch 26 for lambda 2.07360 finished. Train loss: 1.679. Correlation: 0.034
Final training epoch 40 for lambda 2.48832 finished. Train loss: 1.503. Correlation: 0.389
Final training epoch 17 for lambda 2.98598 finished. Train loss: 1.659. Correlation: 0.397
Final training epoch 18 for lambda 3.58318 finished. Train loss: 2.015. Correlation: 0.382
Final training epoch 27 for lambda 4.29982 finished. Train loss: 15.223. Correlation: 0.361
Final training epoch 14 for lambda 5.15978 finished. Train loss: 2.055. Correlation: 0.026
Final training epoch 31 for lambda 6.19174 finished. Train loss: 22.657. Correlation: 0.317
Final training epoch 16 for lambda 7.43008 finished. Train loss: 6.169. Correlation: 0.338
Final training epoch 28 for lambda 8.91610 finished. Train loss: 4.105. Correlation: 0.331
Final training epoch 21 for lambda 10.69932 finished. Train loss: 35.729. Correlation: 0.074
Final training epoch 22 for lambda 12.83918 finished. Train loss: 1.655. Correlation: -0.068
/home/fhervers/TFE/Code/Regression/LassoNet/lassonet/lassonet/interfaces.py:279: ConstantInputWarning: An input array is constant; the correlation coefficient is not defined.
  return_value = pearsonr(model(X_val).view((-1)).cpu(), y_val.view((-1)).cpu()).statistic
Final training epoch 10 for lambda 15.40702 finished. Train loss: 1.571. Correlation: nan
/home/fhervers/TFE/Code/Regression/LassoNet/lassonet/lassonet/interfaces.py:588: ConstantInputWarning: An input array is constant; the correlation coefficient is not defined.
  return pearsonr(y.cpu(), y_pred.cpu().detach()).statistic
//////////////////////////////////////////////////////////////////////////////////
Lambda: 12.8392 / Correlation: -0.068 / Nb features: 594
Lambda: 5.1598 / Correlation: 0.026 / Nb features: 36303
Lambda: 2.0736 / Correlation: 0.034 / Nb features: 9502
Lambda: 10.6993 / Correlation: 0.074 / Nb features: 23231
Lambda: 1.0000 / Correlation: 0.143 / Nb features: 36304
Lambda: 1.2000 / Correlation: 0.177 / Nb features: 36304
Lambda: 1.7280 / Correlation: 0.281 / Nb features: 31225
Lambda: 6.1917 / Correlation: 0.317 / Nb features: 36304
Lambda: 8.9161 / Correlation: 0.331 / Nb features: 24846
Lambda: 0.0000 / Correlation: 0.334 / Nb features: 36304
Lambda: 7.4301 / Correlation: 0.338 / Nb features: 36294
Lambda: 4.2998 / Correlation: 0.361 / Nb features: 36290
Lambda: 1.4400 / Correlation: 0.371 / Nb features: 36304
Lambda: 3.5832 / Correlation: 0.382 / Nb features: 22917
Lambda: 2.4883 / Correlation: 0.389 / Nb features: 33413
Best model correlation 0.39732954
Lambda = 2.9859839999999997
Nb features: 23706
//////////////////////////////////////////////////////////////////////////////////
Final training epoch 108 for lambda 0.00000 finished. Train loss: 1.447. Correlation: 0.313
Final training epoch 16 for lambda 1.00000 finished. Train loss: 1.475. Correlation: 0.396
Final training epoch 12 for lambda 1.20000 finished. Train loss: 3.628. Correlation: 0.376
Final training epoch 17 for lambda 1.44000 finished. Train loss: 1.515. Correlation: 0.315
Final training epoch 15 for lambda 1.72800 finished. Train loss: 1.499. Correlation: 0.365
Final training epoch 13 for lambda 2.07360 finished. Train loss: 1.483. Correlation: 0.387
Final training epoch 59 for lambda 2.48832 finished. Train loss: 1.994. Correlation: 0.370
Final training epoch 18 for lambda 2.98598 finished. Train loss: 1.548. Correlation: 0.378
Final training epoch 16 for lambda 3.58318 finished. Train loss: 1.551. Correlation: 0.370
Final training epoch 40 for lambda 4.29982 finished. Train loss: 1.559. Correlation: 0.373
Final training epoch 22 for lambda 5.15978 finished. Train loss: 2.297. Correlation: 0.165
Final training epoch 18 for lambda 6.19174 finished. Train loss: 1.844. Correlation: 0.198
Final training epoch 18 for lambda 7.43008 finished. Train loss: 1.522. Correlation: 0.349
/home/fhervers/TFE/Code/Regression/LassoNet/lassonet/lassonet/interfaces.py:279: ConstantInputWarning: An input array is constant; the correlation coefficient is not defined.
  return_value = pearsonr(model(X_val).view((-1)).cpu(), y_val.view((-1)).cpu()).statistic
Final training epoch 17 for lambda 8.91610 finished. Train loss: 1.565. Correlation: nan
/home/fhervers/TFE/Code/Regression/LassoNet/lassonet/lassonet/interfaces.py:588: ConstantInputWarning: An input array is constant; the correlation coefficient is not defined.
  return pearsonr(y.cpu(), y_pred.cpu().detach()).statistic
//////////////////////////////////////////////////////////////////////////////////
Lambda: 5.1598 / Correlation: 0.165 / Nb features: 27171
Lambda: 6.1917 / Correlation: 0.198 / Nb features: 21428
Lambda: 0.0000 / Correlation: 0.313 / Nb features: 36304
Lambda: 1.4400 / Correlation: 0.315 / Nb features: 36304
Lambda: 7.4301 / Correlation: 0.349 / Nb features: 25298
Lambda: 1.7280 / Correlation: 0.365 / Nb features: 36304
Lambda: 3.5832 / Correlation: 0.370 / Nb features: 36304
Lambda: 2.4883 / Correlation: 0.370 / Nb features: 36304
Lambda: 4.2998 / Correlation: 0.373 / Nb features: 36156
Lambda: 1.2000 / Correlation: 0.376 / Nb features: 36304
Lambda: 2.9860 / Correlation: 0.378 / Nb features: 36304
Lambda: 2.0736 / Correlation: 0.387 / Nb features: 36304
Best model correlation 0.39599657
Lambda = 1.0
Nb features: 36304
//////////////////////////////////////////////////////////////////////////////////
Final training epoch 109 for lambda 0.00000 finished. Train loss: 1.332. Correlation: 0.328
Final training epoch 25 for lambda 1.00000 finished. Train loss: 1.496. Correlation: 0.371
Final training epoch 19 for lambda 1.20000 finished. Train loss: 1.502. Correlation: 0.365
Final training epoch 12 for lambda 1.44000 finished. Train loss: 1.473. Correlation: 0.391
Final training epoch 23 for lambda 1.72800 finished. Train loss: 2.415. Correlation: -0.205
Final training epoch 31 for lambda 2.07360 finished. Train loss: 1.903. Correlation: 0.361
Final training epoch 39 for lambda 2.48832 finished. Train loss: 1.688. Correlation: 0.374
Final training epoch 17 for lambda 2.98598 finished. Train loss: 1.587. Correlation: 0.368
Final training epoch 15 for lambda 3.58318 finished. Train loss: 2.294. Correlation: 0.124
Final training epoch 28 for lambda 4.29982 finished. Train loss: 1.818. Correlation: 0.368
Final training epoch 24 for lambda 5.15978 finished. Train loss: 2.235. Correlation: 0.151
Final training epoch 24 for lambda 6.19174 finished. Train loss: 2.794. Correlation: 0.368
Final training epoch 28 for lambda 7.43008 finished. Train loss: 1.496. Correlation: 0.372
Final training epoch 26 for lambda 8.91610 finished. Train loss: 1.570. Correlation: 0.023
/home/fhervers/TFE/Code/Regression/LassoNet/lassonet/lassonet/interfaces.py:279: ConstantInputWarning: An input array is constant; the correlation coefficient is not defined.
  return_value = pearsonr(model(X_val).view((-1)).cpu(), y_val.view((-1)).cpu()).statistic
Final training epoch 10 for lambda 10.69932 finished. Train loss: 1.564. Correlation: nan
/home/fhervers/TFE/Code/Regression/LassoNet/lassonet/lassonet/interfaces.py:588: ConstantInputWarning: An input array is constant; the correlation coefficient is not defined.
  return pearsonr(y.cpu(), y_pred.cpu().detach()).statistic
//////////////////////////////////////////////////////////////////////////////////
Lambda: 1.7280 / Correlation: -0.205 / Nb features: 36304
Lambda: 8.9161 / Correlation: 0.023 / Nb features: 214
Lambda: 3.5832 / Correlation: 0.124 / Nb features: 36304
Lambda: 5.1598 / Correlation: 0.151 / Nb features: 35340
Lambda: 0.0000 / Correlation: 0.328 / Nb features: 36304
Lambda: 2.0736 / Correlation: 0.361 / Nb features: 36304
Lambda: 1.2000 / Correlation: 0.365 / Nb features: 36304
Lambda: 4.2998 / Correlation: 0.368 / Nb features: 36299
Lambda: 6.1917 / Correlation: 0.368 / Nb features: 36181
Lambda: 2.9860 / Correlation: 0.368 / Nb features: 36304
Lambda: 1.0000 / Correlation: 0.371 / Nb features: 36304
Lambda: 7.4301 / Correlation: 0.372 / Nb features: 35635
Lambda: 2.4883 / Correlation: 0.374 / Nb features: 36304
Best model correlation 0.39106378
Lambda = 1.44
Nb features: 36304
//////////////////////////////////////////////////////////////////////////////////
Final training epoch 110 for lambda 0.00000 finished. Train loss: 0.870. Correlation: 0.375
Final training epoch 9 for lambda 1.00000 finished. Train loss: 1.681. Correlation: 0.233
Final training epoch 9 for lambda 1.20000 finished. Train loss: 1.699. Correlation: 0.041
Final training epoch 64 for lambda 1.44000 finished. Train loss: 1.560. Correlation: 0.143
Final training epoch 15 for lambda 1.72800 finished. Train loss: 1.555. Correlation: 0.170
Final training epoch 78 for lambda 2.48832 finished. Train loss: 1.517. Correlation: 0.379
Final training epoch 39 for lambda 2.98598 finished. Train loss: 1.539. Correlation: 0.378
Final training epoch 20 for lambda 3.58318 finished. Train loss: 1.553. Correlation: 0.373
Final training epoch 11 for lambda 4.29982 finished. Train loss: 1.562. Correlation: 0.376
Final training epoch 13 for lambda 5.15978 finished. Train loss: 1.574. Correlation: 0.365
Final training epoch 35 for lambda 6.19174 finished. Train loss: 1.528. Correlation: 0.383
Final training epoch 19 for lambda 7.43008 finished. Train loss: 1.496. Correlation: 0.395
Final training epoch 22 for lambda 8.91610 finished. Train loss: 1.893. Correlation: 0.416
Final training epoch 37 for lambda 10.69932 finished. Train loss: 1.446. Correlation: 0.417
Final training epoch 31 for lambda 12.83918 finished. Train loss: 1.372. Correlation: 0.428
Final training epoch 24 for lambda 15.40702 finished. Train loss: 1.404. Correlation: 0.413
Final training epoch 13 for lambda 18.48843 finished. Train loss: 1.612. Correlation: 0.386
Final training epoch 15 for lambda 22.18611 finished. Train loss: 1.423. Correlation: 0.422
Final training epoch 39 for lambda 26.62333 finished. Train loss: 1.400. Correlation: 0.416
Final training epoch 41 for lambda 31.94800 finished. Train loss: 1.437. Correlation: 0.413
Final training epoch 27 for lambda 38.33760 finished. Train loss: 1.411. Correlation: 0.413
Final training epoch 14 for lambda 46.00512 finished. Train loss: 1.447. Correlation: 0.409
Final training epoch 41 for lambda 55.20614 finished. Train loss: 1.447. Correlation: 0.411
Final training epoch 12 for lambda 66.24737 finished. Train loss: 1.487. Correlation: 0.397
Final training epoch 14 for lambda 79.49685 finished. Train loss: 1.435. Correlation: 0.403
Final training epoch 51 for lambda 95.39622 finished. Train loss: 1.443. Correlation: 0.397
Final training epoch 15 for lambda 114.47546 finished. Train loss: 1.454. Correlation: 0.402
Final training epoch 11 for lambda 137.37055 finished. Train loss: 1.445. Correlation: 0.393
Final training epoch 19 for lambda 164.84466 finished. Train loss: 1.461. Correlation: 0.402
Final training epoch 22 for lambda 197.81359 finished. Train loss: 1.479. Correlation: 0.396
Final training epoch 12 for lambda 237.37631 finished. Train loss: 1.466. Correlation: 0.393
Final training epoch 20 for lambda 284.85158 finished. Train loss: 1.468. Correlation: 0.393
Final training epoch 14 for lambda 341.82189 finished. Train loss: 1.484. Correlation: 0.387
Final training epoch 21 for lambda 410.18627 finished. Train loss: 1.494. Correlation: 0.393
Final training epoch 9 for lambda 492.22352 finished. Train loss: 1.515. Correlation: 0.360
Final training epoch 11 for lambda 590.66823 finished. Train loss: 1.534. Correlation: 0.322
Final training epoch 15 for lambda 708.80187 finished. Train loss: 1.554. Correlation: 0.287
Final training epoch 19 for lambda 850.56225 finished. Train loss: 1.565. Correlation: 0.159
/home/fhervers/TFE/Code/Regression/LassoNet/lassonet/lassonet/interfaces.py:279: ConstantInputWarning: An input array is constant; the correlation coefficient is not defined.
  return_value = pearsonr(model(X_val).view((-1)).cpu(), y_val.view((-1)).cpu()).statistic
Final training epoch 16 for lambda 1020.67470 finished. Train loss: 1.565. Correlation: nan
/home/fhervers/TFE/Code/Regression/LassoNet/lassonet/lassonet/interfaces.py:588: ConstantInputWarning: An input array is constant; the correlation coefficient is not defined.
  return pearsonr(y.cpu(), y_pred.cpu().detach()).statistic
//////////////////////////////////////////////////////////////////////////////////
Lambda: 1.2000 / Correlation: 0.041 / Nb features: 36304
Lambda: 1.4400 / Correlation: 0.143 / Nb features: 36304
Lambda: 850.5622 / Correlation: 0.159 / Nb features: 31
Lambda: 1.7280 / Correlation: 0.170 / Nb features: 36304
Lambda: 1.0000 / Correlation: 0.233 / Nb features: 36304
Lambda: 708.8019 / Correlation: 0.287 / Nb features: 219
Lambda: 590.6682 / Correlation: 0.322 / Nb features: 590
Lambda: 2.0736 / Correlation: 0.345 / Nb features: 36304
Lambda: 492.2235 / Correlation: 0.360 / Nb features: 1099
Lambda: 5.1598 / Correlation: 0.365 / Nb features: 22810
Lambda: 3.5832 / Correlation: 0.373 / Nb features: 36304
Lambda: 0.0000 / Correlation: 0.375 / Nb features: 36304
Lambda: 4.2998 / Correlation: 0.376 / Nb features: 35500
Lambda: 2.9860 / Correlation: 0.378 / Nb features: 36304
Lambda: 2.4883 / Correlation: 0.379 / Nb features: 36304
Lambda: 6.1917 / Correlation: 0.383 / Nb features: 30623
Lambda: 18.4884 / Correlation: 0.386 / Nb features: 35720
Lambda: 341.8219 / Correlation: 0.387 / Nb features: 2944
Lambda: 284.8516 / Correlation: 0.393 / Nb features: 4467
Lambda: 410.1863 / Correlation: 0.393 / Nb features: 2001
Lambda: 237.3763 / Correlation: 0.393 / Nb features: 9168
Lambda: 137.3706 / Correlation: 0.393 / Nb features: 19333
Lambda: 7.4301 / Correlation: 0.395 / Nb features: 36168
Lambda: 197.8136 / Correlation: 0.396 / Nb features: 11582
Lambda: 66.2474 / Correlation: 0.397 / Nb features: 20437
Lambda: 95.3962 / Correlation: 0.397 / Nb features: 19480
Lambda: 164.8447 / Correlation: 0.402 / Nb features: 10630
Lambda: 114.4755 / Correlation: 0.402 / Nb features: 16599
Lambda: 79.4968 / Correlation: 0.403 / Nb features: 27859
Lambda: 46.0051 / Correlation: 0.409 / Nb features: 34952
Lambda: 55.2061 / Correlation: 0.411 / Nb features: 25004
Lambda: 31.9480 / Correlation: 0.413 / Nb features: 36266
Lambda: 15.4070 / Correlation: 0.413 / Nb features: 36303
Lambda: 38.3376 / Correlation: 0.413 / Nb features: 29084
Lambda: 26.6233 / Correlation: 0.416 / Nb features: 35623
Lambda: 8.9161 / Correlation: 0.416 / Nb features: 34843
Lambda: 10.6993 / Correlation: 0.417 / Nb features: 36242
Lambda: 22.1861 / Correlation: 0.422 / Nb features: 36304
Best model correlation 0.42771065
Lambda = 12.839184645488634
Nb features: 36304
//////////////////////////////////////////////////////////////////////////////////
Final training epoch 108 for lambda 0.00000 finished. Train loss: 1.593. Correlation: 0.340
Final training epoch 29 for lambda 1.00000 finished. Train loss: 1.506. Correlation: 0.298
Final training epoch 12 for lambda 1.20000 finished. Train loss: 1.530. Correlation: 0.197
Final training epoch 41 for lambda 1.44000 finished. Train loss: 1.506. Correlation: 0.326
Final training epoch 15 for lambda 1.72800 finished. Train loss: 1.496. Correlation: 0.374
Final training epoch 18 for lambda 2.07360 finished. Train loss: 1.524. Correlation: 0.323
Final training epoch 16 for lambda 2.48832 finished. Train loss: 1.501. Correlation: 0.384
Final training epoch 12 for lambda 2.98598 finished. Train loss: 1.517. Correlation: 0.374
Final training epoch 21 for lambda 3.58318 finished. Train loss: 1.566. Correlation: 0.364
Final training epoch 13 for lambda 4.29982 finished. Train loss: 1.589. Correlation: 0.342
Final training epoch 30 for lambda 5.15978 finished. Train loss: 1.642. Correlation: 0.344
Final training epoch 12 for lambda 6.19174 finished. Train loss: 3.756. Correlation: 0.349
Final training epoch 26 for lambda 7.43008 finished. Train loss: 1.420. Correlation: 0.422
Final training epoch 24 for lambda 8.91610 finished. Train loss: 1.446. Correlation: 0.410
Final training epoch 11 for lambda 10.69932 finished. Train loss: 1.462. Correlation: 0.391
Final training epoch 37 for lambda 12.83918 finished. Train loss: 1.469. Correlation: 0.405
Final training epoch 10 for lambda 15.40702 finished. Train loss: 1.490. Correlation: 0.377
Final training epoch 21 for lambda 18.48843 finished. Train loss: 1.497. Correlation: 0.392
Final training epoch 24 for lambda 22.18611 finished. Train loss: 1.495. Correlation: 0.380
Final training epoch 31 for lambda 26.62333 finished. Train loss: 1.515. Correlation: 0.327
Final training epoch 21 for lambda 31.94800 finished. Train loss: 1.525. Correlation: 0.373
Final training epoch 9 for lambda 38.33760 finished. Train loss: 1.539. Correlation: 0.330
Final training epoch 16 for lambda 46.00512 finished. Train loss: 1.558. Correlation: 0.285
/home/fhervers/TFE/Code/Regression/LassoNet/lassonet/lassonet/interfaces.py:279: ConstantInputWarning: An input array is constant; the correlation coefficient is not defined.
  return_value = pearsonr(model(X_val).view((-1)).cpu(), y_val.view((-1)).cpu()).statistic
Final training epoch 9 for lambda 55.20614 finished. Train loss: 1.565. Correlation: nan
/home/fhervers/TFE/Code/Regression/LassoNet/lassonet/lassonet/interfaces.py:588: ConstantInputWarning: An input array is constant; the correlation coefficient is not defined.
  return pearsonr(y.cpu(), y_pred.cpu().detach()).statistic
//////////////////////////////////////////////////////////////////////////////////
Lambda: 1.2000 / Correlation: 0.197 / Nb features: 36304
Lambda: 46.0051 / Correlation: 0.285 / Nb features: 205
Lambda: 1.0000 / Correlation: 0.298 / Nb features: 36304
Lambda: 2.0736 / Correlation: 0.323 / Nb features: 36304
Lambda: 1.4400 / Correlation: 0.326 / Nb features: 36304
Lambda: 26.6233 / Correlation: 0.327 / Nb features: 1963
Lambda: 38.3376 / Correlation: 0.330 / Nb features: 404
Lambda: 0.0000 / Correlation: 0.340 / Nb features: 36304
Lambda: 4.2998 / Correlation: 0.342 / Nb features: 24427
Lambda: 5.1598 / Correlation: 0.344 / Nb features: 36115
Lambda: 6.1917 / Correlation: 0.349 / Nb features: 36261
Lambda: 3.5832 / Correlation: 0.364 / Nb features: 36113
Lambda: 31.9480 / Correlation: 0.373 / Nb features: 867
Lambda: 1.7280 / Correlation: 0.374 / Nb features: 36304
Lambda: 2.9860 / Correlation: 0.374 / Nb features: 36304
Lambda: 15.4070 / Correlation: 0.377 / Nb features: 16752
Lambda: 22.1861 / Correlation: 0.380 / Nb features: 3598
Lambda: 2.4883 / Correlation: 0.384 / Nb features: 36304
Lambda: 10.6993 / Correlation: 0.391 / Nb features: 14055
Lambda: 18.4884 / Correlation: 0.392 / Nb features: 6527
Lambda: 12.8392 / Correlation: 0.405 / Nb features: 16905
Lambda: 8.9161 / Correlation: 0.410 / Nb features: 18308
Best model correlation 0.42197838
Lambda = 7.430083706879999
Nb features: 32681
//////////////////////////////////////////////////////////////////////////////////
Final training epoch 109 for lambda 0.00000 finished. Train loss: 1.205. Correlation: 0.337
Final training epoch 9 for lambda 1.00000 finished. Train loss: 1.557. Correlation: 0.107
Final training epoch 46 for lambda 1.20000 finished. Train loss: 1.529. Correlation: 0.282
Final training epoch 19 for lambda 1.44000 finished. Train loss: 5.432. Correlation: -0.024
Final training epoch 22 for lambda 1.72800 finished. Train loss: 1.497. Correlation: 0.367
Final training epoch 22 for lambda 2.07360 finished. Train loss: 1.498. Correlation: 0.378
Final training epoch 22 for lambda 2.48832 finished. Train loss: 1.579. Correlation: 0.370
Final training epoch 24 for lambda 2.98598 finished. Train loss: 1.573. Correlation: 0.365
Final training epoch 13 for lambda 3.58318 finished. Train loss: 1.593. Correlation: 0.372
Final training epoch 10 for lambda 4.29982 finished. Train loss: 2.702. Correlation: 0.369
Final training epoch 41 for lambda 5.15978 finished. Train loss: 1.381. Correlation: 0.415
Final training epoch 11 for lambda 6.19174 finished. Train loss: 1.992. Correlation: 0.361
Final training epoch 25 for lambda 7.43008 finished. Train loss: 1.390. Correlation: 0.411
Final training epoch 14 for lambda 8.91610 finished. Train loss: 1.837. Correlation: 0.374
Final training epoch 20 for lambda 10.69932 finished. Train loss: 1.465. Correlation: 0.415
Final training epoch 11 for lambda 12.83918 finished. Train loss: 1.637. Correlation: 0.342
Final training epoch 31 for lambda 15.40702 finished. Train loss: 1.956. Correlation: 0.404
Final training epoch 9 for lambda 18.48843 finished. Train loss: 1.818. Correlation: 0.380
Final training epoch 28 for lambda 22.18611 finished. Train loss: 1.458. Correlation: 0.379
Final training epoch 19 for lambda 26.62333 finished. Train loss: 1.528. Correlation: 0.385
Final training epoch 41 for lambda 31.94800 finished. Train loss: 1.475. Correlation: 0.390
Final training epoch 17 for lambda 38.33760 finished. Train loss: 1.486. Correlation: 0.394
Final training epoch 11 for lambda 46.00512 finished. Train loss: 1.477. Correlation: 0.391
Final training epoch 17 for lambda 55.20614 finished. Train loss: 1.488. Correlation: 0.380
Final training epoch 17 for lambda 66.24737 finished. Train loss: 1.493. Correlation: 0.342
Final training epoch 13 for lambda 79.49685 finished. Train loss: 1.516. Correlation: 0.377
Final training epoch 9 for lambda 95.39622 finished. Train loss: 1.537. Correlation: 0.328
Final training epoch 20 for lambda 114.47546 finished. Train loss: 1.553. Correlation: 0.228
/home/fhervers/TFE/Code/Regression/LassoNet/lassonet/lassonet/interfaces.py:279: ConstantInputWarning: An input array is constant; the correlation coefficient is not defined.
  return_value = pearsonr(model(X_val).view((-1)).cpu(), y_val.view((-1)).cpu()).statistic
Final training epoch 11 for lambda 137.37055 finished. Train loss: 1.565. Correlation: nan
/home/fhervers/TFE/Code/Regression/LassoNet/lassonet/lassonet/interfaces.py:588: ConstantInputWarning: An input array is constant; the correlation coefficient is not defined.
  return pearsonr(y.cpu(), y_pred.cpu().detach()).statistic
//////////////////////////////////////////////////////////////////////////////////
Lambda: 1.4400 / Correlation: -0.024 / Nb features: 36304
Lambda: 1.0000 / Correlation: 0.107 / Nb features: 36304
Lambda: 114.4755 / Correlation: 0.228 / Nb features: 146
Lambda: 1.2000 / Correlation: 0.282 / Nb features: 36304
Lambda: 95.3962 / Correlation: 0.328 / Nb features: 604
Lambda: 0.0000 / Correlation: 0.337 / Nb features: 36304
Lambda: 66.2474 / Correlation: 0.342 / Nb features: 1442
Lambda: 12.8392 / Correlation: 0.342 / Nb features: 36296
Lambda: 6.1917 / Correlation: 0.361 / Nb features: 36253
Lambda: 2.9860 / Correlation: 0.365 / Nb features: 35820
Lambda: 1.7280 / Correlation: 0.367 / Nb features: 36304
Lambda: 4.2998 / Correlation: 0.369 / Nb features: 36237
Lambda: 2.4883 / Correlation: 0.370 / Nb features: 36304
Lambda: 3.5832 / Correlation: 0.372 / Nb features: 14826
Lambda: 8.9161 / Correlation: 0.374 / Nb features: 36300
Lambda: 79.4968 / Correlation: 0.377 / Nb features: 903
Lambda: 2.0736 / Correlation: 0.378 / Nb features: 36304
Lambda: 22.1861 / Correlation: 0.379 / Nb features: 29491
Lambda: 18.4884 / Correlation: 0.380 / Nb features: 34685
Lambda: 55.2061 / Correlation: 0.380 / Nb features: 7427
Lambda: 26.6233 / Correlation: 0.385 / Nb features: 5408
Lambda: 31.9480 / Correlation: 0.390 / Nb features: 7990
Lambda: 46.0051 / Correlation: 0.391 / Nb features: 4270
Lambda: 38.3376 / Correlation: 0.394 / Nb features: 6872
Lambda: 15.4070 / Correlation: 0.404 / Nb features: 17363
Lambda: 7.4301 / Correlation: 0.411 / Nb features: 32583
Lambda: 5.1598 / Correlation: 0.415 / Nb features: 33920
Best model correlation 0.4153509
Lambda = 10.699320537907196
Nb features: 35971
//////////////////////////////////////////////////////////////////////////////////
Final training epoch 108 for lambda 0.00000 finished. Train loss: 1.033. Correlation: 0.341
Final training epoch 9 for lambda 1.00000 finished. Train loss: 1.566. Correlation: 0.068
Final training epoch 66 for lambda 1.20000 finished. Train loss: 1.477. Correlation: 0.384
Final training epoch 12 for lambda 1.44000 finished. Train loss: 1.480. Correlation: 0.384
Final training epoch 16 for lambda 1.72800 finished. Train loss: 1.524. Correlation: 0.331
Final training epoch 26 for lambda 2.07360 finished. Train loss: 1.503. Correlation: 0.376
Final training epoch 19 for lambda 2.48832 finished. Train loss: 1.512. Correlation: 0.380
Final training epoch 17 for lambda 2.98598 finished. Train loss: 1.543. Correlation: 0.380
Final training epoch 29 for lambda 3.58318 finished. Train loss: 1.579. Correlation: 0.380
Final training epoch 9 for lambda 4.29982 finished. Train loss: 1.599. Correlation: 0.374
Final training epoch 64 for lambda 5.15978 finished. Train loss: 1.380. Correlation: 0.406
Final training epoch 11 for lambda 6.19174 finished. Train loss: 1.511. Correlation: 0.382
Final training epoch 26 for lambda 7.43008 finished. Train loss: 1.445. Correlation: 0.362
Final training epoch 53 for lambda 8.91610 finished. Train loss: 1.489. Correlation: 0.389
Final training epoch 10 for lambda 10.69932 finished. Train loss: 1.512. Correlation: 0.354
Final training epoch 9 for lambda 12.83918 finished. Train loss: 1.534. Correlation: 0.349
Final training epoch 9 for lambda 15.40702 finished. Train loss: 1.558. Correlation: 0.307
Final training epoch 14 for lambda 18.48843 finished. Train loss: 1.564. Correlation: 0.269
/home/fhervers/TFE/Code/Regression/LassoNet/lassonet/lassonet/interfaces.py:279: ConstantInputWarning: An input array is constant; the correlation coefficient is not defined.
  return_value = pearsonr(model(X_val).view((-1)).cpu(), y_val.view((-1)).cpu()).statistic
Final training epoch 9 for lambda 22.18611 finished. Train loss: 1.564. Correlation: 0.160
Final training epoch 9 for lambda 26.62333 finished. Train loss: 1.565. Correlation: nan
/home/fhervers/TFE/Code/Regression/LassoNet/lassonet/lassonet/interfaces.py:588: ConstantInputWarning: An input array is constant; the correlation coefficient is not defined.
  return pearsonr(y.cpu(), y_pred.cpu().detach()).statistic
//////////////////////////////////////////////////////////////////////////////////
Lambda: 1.0000 / Correlation: 0.068 / Nb features: 36304
Lambda: 22.1861 / Correlation: 0.160 / Nb features: 4
Lambda: 18.4884 / Correlation: 0.269 / Nb features: 58
Lambda: 15.4070 / Correlation: 0.307 / Nb features: 826
Lambda: 1.7280 / Correlation: 0.331 / Nb features: 36304
Lambda: 0.0000 / Correlation: 0.341 / Nb features: 36304
Lambda: 12.8392 / Correlation: 0.349 / Nb features: 1700
Lambda: 10.6993 / Correlation: 0.354 / Nb features: 3773
Lambda: 7.4301 / Correlation: 0.362 / Nb features: 34195
Lambda: 4.2998 / Correlation: 0.374 / Nb features: 14336
Lambda: 2.0736 / Correlation: 0.376 / Nb features: 36304
Lambda: 2.4883 / Correlation: 0.380 / Nb features: 36304
Lambda: 3.5832 / Correlation: 0.380 / Nb features: 34668
Lambda: 2.9860 / Correlation: 0.380 / Nb features: 36304
Lambda: 6.1917 / Correlation: 0.382 / Nb features: 19445
Lambda: 1.2000 / Correlation: 0.384 / Nb features: 36304
Lambda: 1.4400 / Correlation: 0.384 / Nb features: 36304
Lambda: 8.9161 / Correlation: 0.389 / Nb features: 5706
Best model correlation 0.40560764
Lambda = 5.159780351999999
Nb features: 30924
//////////////////////////////////////////////////////////////////////////////////
Final training epoch 108 for lambda 0.00000 finished. Train loss: 1.066. Correlation: 0.338
Final training epoch 9 for lambda 1.00000 finished. Train loss: 1.544. Correlation: 0.269
Final training epoch 20 for lambda 1.20000 finished. Train loss: 1.516. Correlation: 0.289
Final training epoch 28 for lambda 1.44000 finished. Train loss: 1.530. Correlation: 0.280
Final training epoch 17 for lambda 1.72800 finished. Train loss: 1.591. Correlation: 0.352
Final training epoch 21 for lambda 2.07360 finished. Train loss: 1.484. Correlation: 0.381
Final training epoch 23 for lambda 2.48832 finished. Train loss: 1.507. Correlation: 0.377
Final training epoch 19 for lambda 2.98598 finished. Train loss: 1.532. Correlation: 0.366
Final training epoch 27 for lambda 3.58318 finished. Train loss: 1.562. Correlation: 0.373
Final training epoch 11 for lambda 4.29982 finished. Train loss: 1.579. Correlation: 0.372
Final training epoch 15 for lambda 5.15978 finished. Train loss: 6.171. Correlation: 0.369
Final training epoch 37 for lambda 6.19174 finished. Train loss: 1.409. Correlation: 0.412
Final training epoch 11 for lambda 7.43008 finished. Train loss: 1.481. Correlation: 0.386
Final training epoch 46 for lambda 8.91610 finished. Train loss: 3.116. Correlation: 0.318
Final training epoch 11 for lambda 10.69932 finished. Train loss: 1.566. Correlation: 0.125
/home/fhervers/TFE/Code/Regression/LassoNet/lassonet/lassonet/interfaces.py:279: ConstantInputWarning: An input array is constant; the correlation coefficient is not defined.
  return_value = pearsonr(model(X_val).view((-1)).cpu(), y_val.view((-1)).cpu()).statistic
Final training epoch 9 for lambda 12.83918 finished. Train loss: 1.564. Correlation: nan
/home/fhervers/TFE/Code/Regression/LassoNet/lassonet/lassonet/interfaces.py:588: ConstantInputWarning: An input array is constant; the correlation coefficient is not defined.
  return pearsonr(y.cpu(), y_pred.cpu().detach()).statistic
//////////////////////////////////////////////////////////////////////////////////
Lambda: 10.6993 / Correlation: 0.125 / Nb features: 4
Lambda: 1.0000 / Correlation: 0.269 / Nb features: 36304
Lambda: 1.4400 / Correlation: 0.280 / Nb features: 36304
Lambda: 1.2000 / Correlation: 0.289 / Nb features: 36304
Lambda: 8.9161 / Correlation: 0.318 / Nb features: 36301
Lambda: 0.0000 / Correlation: 0.338 / Nb features: 36304
Lambda: 1.7280 / Correlation: 0.352 / Nb features: 36304
Lambda: 2.9860 / Correlation: 0.366 / Nb features: 36304
Lambda: 5.1598 / Correlation: 0.369 / Nb features: 36301
Lambda: 4.2998 / Correlation: 0.372 / Nb features: 36212
Lambda: 3.5832 / Correlation: 0.373 / Nb features: 36304
Lambda: 2.4883 / Correlation: 0.377 / Nb features: 36304
Lambda: 2.0736 / Correlation: 0.381 / Nb features: 36304
Lambda: 7.4301 / Correlation: 0.386 / Nb features: 27450
Best model correlation 0.41182742
Lambda = 6.191736422399999
Nb features: 31635
//////////////////////////////////////////////////////////////////////////////////
Final training epoch 110 for lambda 0.00000 finished. Train loss: 0.892. Correlation: 0.376
Final training epoch 9 for lambda 1.00000 finished. Train loss: 1.687. Correlation: 0.305
Final training epoch 9 for lambda 1.20000 finished. Train loss: 2.138. Correlation: 0.046
Final training epoch 9 for lambda 1.44000 finished. Train loss: 1.944. Correlation: 0.020
Final training epoch 32 for lambda 1.72800 finished. Train loss: 1.605. Correlation: 0.032
Final training epoch 86 for lambda 2.98598 finished. Train loss: 1.527. Correlation: 0.377
Final training epoch 44 for lambda 3.58318 finished. Train loss: 1.540. Correlation: 0.377
Final training epoch 41 for lambda 4.29982 finished. Train loss: 1.552. Correlation: 0.374
Final training epoch 29 for lambda 5.15978 finished. Train loss: 1.560. Correlation: 0.373
Final training epoch 15 for lambda 6.19174 finished. Train loss: 1.562. Correlation: 0.363
Final training epoch 29 for lambda 7.43008 finished. Train loss: 1.566. Correlation: 0.371
Final training epoch 97 for lambda 8.91610 finished. Train loss: 1.352. Correlation: 0.436
Final training epoch 15 for lambda 10.69932 finished. Train loss: 1.383. Correlation: 0.420
Final training epoch 17 for lambda 12.83918 finished. Train loss: 1.430. Correlation: 0.428
Final training epoch 13 for lambda 15.40702 finished. Train loss: 1.398. Correlation: 0.418
Final training epoch 33 for lambda 18.48843 finished. Train loss: 1.403. Correlation: 0.419
Final training epoch 14 for lambda 22.18611 finished. Train loss: 1.437. Correlation: 0.420
Final training epoch 84 for lambda 26.62333 finished. Train loss: 1.402. Correlation: 0.423
Final training epoch 30 for lambda 31.94800 finished. Train loss: 1.404. Correlation: 0.419
Final training epoch 77 for lambda 38.33760 finished. Train loss: 1.390. Correlation: 0.419
Final training epoch 60 for lambda 46.00512 finished. Train loss: 1.399. Correlation: 0.415
Final training epoch 23 for lambda 55.20614 finished. Train loss: 1.394. Correlation: 0.407
Final training epoch 17 for lambda 66.24737 finished. Train loss: 1.415. Correlation: 0.401
Final training epoch 31 for lambda 79.49685 finished. Train loss: 1.434. Correlation: 0.406
Final training epoch 26 for lambda 95.39622 finished. Train loss: 1.436. Correlation: 0.408
Final training epoch 26 for lambda 114.47546 finished. Train loss: 1.435. Correlation: 0.405
Final training epoch 39 for lambda 137.37055 finished. Train loss: 1.451. Correlation: 0.395
Final training epoch 51 for lambda 164.84466 finished. Train loss: 1.438. Correlation: 0.403
Final training epoch 20 for lambda 197.81359 finished. Train loss: 1.455. Correlation: 0.405
Final training epoch 17 for lambda 237.37631 finished. Train loss: 1.471. Correlation: 0.398
Final training epoch 14 for lambda 284.85158 finished. Train loss: 1.458. Correlation: 0.405
Final training epoch 9 for lambda 341.82189 finished. Train loss: 1.466. Correlation: 0.386
Final training epoch 41 for lambda 410.18627 finished. Train loss: 1.472. Correlation: 0.381
Final training epoch 17 for lambda 492.22352 finished. Train loss: 1.485. Correlation: 0.379
Final training epoch 37 for lambda 590.66823 finished. Train loss: 1.494. Correlation: 0.373
Final training epoch 16 for lambda 708.80187 finished. Train loss: 1.512. Correlation: 0.368
Final training epoch 12 for lambda 850.56225 finished. Train loss: 1.525. Correlation: 0.349
Final training epoch 11 for lambda 1020.67470 finished. Train loss: 1.548. Correlation: 0.300
Final training epoch 13 for lambda 1224.80964 finished. Train loss: 1.561. Correlation: 0.131
Final training epoch 10 for lambda 1469.77157 finished. Train loss: 1.565. Correlation: 0.079
/home/fhervers/TFE/Code/Regression/LassoNet/lassonet/lassonet/interfaces.py:279: ConstantInputWarning: An input array is constant; the correlation coefficient is not defined.
  return_value = pearsonr(model(X_val).view((-1)).cpu(), y_val.view((-1)).cpu()).statistic
Final training epoch 12 for lambda 1763.72588 finished. Train loss: 1.564. Correlation: 0.105
Final training epoch 9 for lambda 2116.47106 finished. Train loss: 1.567. Correlation: nan
/home/fhervers/TFE/Code/Regression/LassoNet/lassonet/lassonet/interfaces.py:588: ConstantInputWarning: An input array is constant; the correlation coefficient is not defined.
  return pearsonr(y.cpu(), y_pred.cpu().detach()).statistic
//////////////////////////////////////////////////////////////////////////////////
Lambda: 1.4400 / Correlation: 0.020 / Nb features: 36304
Lambda: 1.7280 / Correlation: 0.032 / Nb features: 36304
Lambda: 1.2000 / Correlation: 0.046 / Nb features: 36304
Lambda: 1469.7716 / Correlation: 0.079 / Nb features: 1
Lambda: 1763.7259 / Correlation: 0.105 / Nb features: 6
Lambda: 1224.8096 / Correlation: 0.131 / Nb features: 38
Lambda: 1020.6747 / Correlation: 0.300 / Nb features: 533
Lambda: 1.0000 / Correlation: 0.305 / Nb features: 36304
Lambda: 2.0736 / Correlation: 0.329 / Nb features: 36304
Lambda: 850.5622 / Correlation: 0.349 / Nb features: 991
Lambda: 6.1917 / Correlation: 0.363 / Nb features: 36153
Lambda: 708.8019 / Correlation: 0.368 / Nb features: 1171
Lambda: 7.4301 / Correlation: 0.371 / Nb features: 11911
Lambda: 5.1598 / Correlation: 0.373 / Nb features: 36304
Lambda: 590.6682 / Correlation: 0.373 / Nb features: 2595
Lambda: 4.2998 / Correlation: 0.374 / Nb features: 36304
Lambda: 0.0000 / Correlation: 0.376 / Nb features: 36304
Lambda: 3.5832 / Correlation: 0.377 / Nb features: 36304
Lambda: 2.9860 / Correlation: 0.377 / Nb features: 36304
Lambda: 492.2235 / Correlation: 0.379 / Nb features: 3370
Lambda: 2.4883 / Correlation: 0.381 / Nb features: 36304
Lambda: 410.1863 / Correlation: 0.381 / Nb features: 5435
Lambda: 341.8219 / Correlation: 0.386 / Nb features: 11778
Lambda: 137.3706 / Correlation: 0.395 / Nb features: 20442
Lambda: 237.3763 / Correlation: 0.398 / Nb features: 25387
Lambda: 66.2474 / Correlation: 0.401 / Nb features: 33226
Lambda: 164.8447 / Correlation: 0.403 / Nb features: 25542
Lambda: 114.4755 / Correlation: 0.405 / Nb features: 33844
Lambda: 197.8136 / Correlation: 0.405 / Nb features: 13324
Lambda: 284.8516 / Correlation: 0.405 / Nb features: 9990
Lambda: 79.4968 / Correlation: 0.406 / Nb features: 36299
Lambda: 55.2061 / Correlation: 0.407 / Nb features: 32729
Lambda: 95.3962 / Correlation: 0.408 / Nb features: 26128
Lambda: 46.0051 / Correlation: 0.415 / Nb features: 36154
Lambda: 15.4070 / Correlation: 0.418 / Nb features: 36304
Lambda: 31.9480 / Correlation: 0.419 / Nb features: 36301
Lambda: 38.3376 / Correlation: 0.419 / Nb features: 36304
Lambda: 18.4884 / Correlation: 0.419 / Nb features: 36304
Lambda: 22.1861 / Correlation: 0.420 / Nb features: 36303
Lambda: 10.6993 / Correlation: 0.420 / Nb features: 36304
Lambda: 26.6233 / Correlation: 0.423 / Nb features: 36300
Lambda: 12.8392 / Correlation: 0.428 / Nb features: 36304
Best model correlation 0.43634555
Lambda = 8.916100448255998
Nb features: 36304
//////////////////////////////////////////////////////////////////////////////////
Final training epoch 101 for lambda 0.00000 finished. Train loss: 1.620. Correlation: 0.345
Final training epoch 32 for lambda 1.00000 finished. Train loss: 1.460. Correlation: 0.388
Final training epoch 20 for lambda 1.20000 finished. Train loss: 1.495. Correlation: 0.372
Final training epoch 14 for lambda 1.44000 finished. Train loss: 1.514. Correlation: 0.366
Final training epoch 18 for lambda 1.72800 finished. Train loss: 1.478. Correlation: 0.394
Final training epoch 26 for lambda 2.07360 finished. Train loss: 1.491. Correlation: 0.388
Final training epoch 10 for lambda 2.48832 finished. Train loss: 1.509. Correlation: 0.377
Final training epoch 42 for lambda 2.98598 finished. Train loss: 1.562. Correlation: 0.371
Final training epoch 34 for lambda 3.58318 finished. Train loss: 1.549. Correlation: 0.362
Final training epoch 26 for lambda 4.29982 finished. Train loss: 1.559. Correlation: 0.363
Final training epoch 19 for lambda 5.15978 finished. Train loss: 1.563. Correlation: 0.370
Final training epoch 16 for lambda 6.19174 finished. Train loss: 5.675. Correlation: 0.172
Final training epoch 11 for lambda 7.43008 finished. Train loss: 1.538. Correlation: 0.339
/home/fhervers/TFE/Code/Regression/LassoNet/lassonet/lassonet/interfaces.py:279: ConstantInputWarning: An input array is constant; the correlation coefficient is not defined.
  return_value = pearsonr(model(X_val).view((-1)).cpu(), y_val.view((-1)).cpu()).statistic
Final training epoch 11 for lambda 8.91610 finished. Train loss: 1.565. Correlation: nan
/home/fhervers/TFE/Code/Regression/LassoNet/lassonet/lassonet/interfaces.py:588: ConstantInputWarning: An input array is constant; the correlation coefficient is not defined.
  return pearsonr(y.cpu(), y_pred.cpu().detach()).statistic
//////////////////////////////////////////////////////////////////////////////////
Lambda: 6.1917 / Correlation: 0.172 / Nb features: 36050
Lambda: 7.4301 / Correlation: 0.339 / Nb features: 27758
Lambda: 0.0000 / Correlation: 0.345 / Nb features: 36304
Lambda: 3.5832 / Correlation: 0.362 / Nb features: 36301
Lambda: 4.2998 / Correlation: 0.363 / Nb features: 36218
Lambda: 1.4400 / Correlation: 0.366 / Nb features: 36304
Lambda: 5.1598 / Correlation: 0.370 / Nb features: 32733
Lambda: 2.9860 / Correlation: 0.371 / Nb features: 36304
Lambda: 1.2000 / Correlation: 0.372 / Nb features: 36304
Lambda: 2.4883 / Correlation: 0.377 / Nb features: 36304
Lambda: 2.0736 / Correlation: 0.388 / Nb features: 36304
Lambda: 1.0000 / Correlation: 0.388 / Nb features: 36304
Best model correlation 0.39435792
Lambda = 1.728
Nb features: 36304
//////////////////////////////////////////////////////////////////////////////////
Final training epoch 109 for lambda 0.00000 finished. Train loss: 0.924. Correlation: 0.337
Final training epoch 9 for lambda 1.00000 finished. Train loss: 1.549. Correlation: 0.117
Final training epoch 27 for lambda 1.20000 finished. Train loss: 1.533. Correlation: 0.256
Final training epoch 22 for lambda 1.44000 finished. Train loss: 1.529. Correlation: 0.307
Final training epoch 54 for lambda 1.72800 finished. Train loss: 1.535. Correlation: 0.377
/home/fhervers/TFE/Code/Regression/LassoNet/lassonet/lassonet/interfaces.py:490: UserWarning: lambda_start=1.000 might be too large.
Features start to disappear at current_lambda=1.728.
  warnings.warn(
Final training epoch 13 for lambda 2.07360 finished. Train loss: 1.593. Correlation: 0.360
Final training epoch 41 for lambda 2.48832 finished. Train loss: 91.712. Correlation: 0.287
Final training epoch 30 for lambda 2.98598 finished. Train loss: 1.789. Correlation: 0.376
Final training epoch 11 for lambda 3.58318 finished. Train loss: 13.392. Correlation: 0.370
Final training epoch 21 for lambda 4.29982 finished. Train loss: 1.827. Correlation: 0.371
Final training epoch 26 for lambda 5.15978 finished. Train loss: 1.765. Correlation: 0.365
Final training epoch 13 for lambda 6.19174 finished. Train loss: 1.678. Correlation: 0.336
Final training epoch 24 for lambda 7.43008 finished. Train loss: 7.919. Correlation: 0.391
Final training epoch 15 for lambda 8.91610 finished. Train loss: 1.538. Correlation: 0.338
Final training epoch 22 for lambda 10.69932 finished. Train loss: 2.098. Correlation: 0.355
Final training epoch 30 for lambda 12.83918 finished. Train loss: 4.899. Correlation: 0.321
Final training epoch 20 for lambda 15.40702 finished. Train loss: 1.466. Correlation: 0.407
Final training epoch 23 for lambda 18.48843 finished. Train loss: 1.681. Correlation: 0.402
Final training epoch 34 for lambda 22.18611 finished. Train loss: 1.459. Correlation: 0.402
Final training epoch 23 for lambda 26.62333 finished. Train loss: 1.549. Correlation: 0.401
Final training epoch 10 for lambda 31.94800 finished. Train loss: 1.461. Correlation: 0.393
Final training epoch 12 for lambda 38.33760 finished. Train loss: 1.462. Correlation: 0.401
Final training epoch 16 for lambda 46.00512 finished. Train loss: 1.482. Correlation: 0.389
Final training epoch 11 for lambda 55.20614 finished. Train loss: 1.472. Correlation: 0.397
Final training epoch 16 for lambda 66.24737 finished. Train loss: 1.484. Correlation: 0.378
Final training epoch 13 for lambda 79.49685 finished. Train loss: 1.487. Correlation: 0.368
Final training epoch 10 for lambda 95.39622 finished. Train loss: 1.496. Correlation: 0.335
Final training epoch 29 for lambda 114.47546 finished. Train loss: 1.527. Correlation: 0.359
Final training epoch 9 for lambda 137.37055 finished. Train loss: 1.536. Correlation: 0.350
Final training epoch 9 for lambda 164.84466 finished. Train loss: 1.558. Correlation: 0.199
/home/fhervers/TFE/Code/Regression/LassoNet/lassonet/lassonet/interfaces.py:279: ConstantInputWarning: An input array is constant; the correlation coefficient is not defined.
  return_value = pearsonr(model(X_val).view((-1)).cpu(), y_val.view((-1)).cpu()).statistic
Final training epoch 9 for lambda 197.81359 finished. Train loss: 1.566. Correlation: nan
/home/fhervers/TFE/Code/Regression/LassoNet/lassonet/lassonet/interfaces.py:588: ConstantInputWarning: An input array is constant; the correlation coefficient is not defined.
  return pearsonr(y.cpu(), y_pred.cpu().detach()).statistic
//////////////////////////////////////////////////////////////////////////////////
Lambda: 1.0000 / Correlation: 0.117 / Nb features: 36304
Lambda: 164.8447 / Correlation: 0.199 / Nb features: 117
Lambda: 1.2000 / Correlation: 0.256 / Nb features: 36304
Lambda: 2.4883 / Correlation: 0.287 / Nb features: 36304
Lambda: 1.4400 / Correlation: 0.307 / Nb features: 36304
Lambda: 12.8392 / Correlation: 0.321 / Nb features: 36208
Lambda: 95.3962 / Correlation: 0.335 / Nb features: 2212
Lambda: 6.1917 / Correlation: 0.336 / Nb features: 34546
Lambda: 0.0000 / Correlation: 0.337 / Nb features: 36304
Lambda: 8.9161 / Correlation: 0.338 / Nb features: 31637
Lambda: 137.3706 / Correlation: 0.350 / Nb features: 370
Lambda: 10.6993 / Correlation: 0.355 / Nb features: 36278
Lambda: 114.4755 / Correlation: 0.359 / Nb features: 844
Lambda: 2.0736 / Correlation: 0.360 / Nb features: 29296
Lambda: 5.1598 / Correlation: 0.365 / Nb features: 36304
Lambda: 79.4968 / Correlation: 0.368 / Nb features: 2756
Lambda: 3.5832 / Correlation: 0.370 / Nb features: 36294
Lambda: 4.2998 / Correlation: 0.371 / Nb features: 36304
Lambda: 2.9860 / Correlation: 0.376 / Nb features: 27683
Lambda: 1.7280 / Correlation: 0.377 / Nb features: 36303
Lambda: 66.2474 / Correlation: 0.378 / Nb features: 5105
Lambda: 46.0051 / Correlation: 0.389 / Nb features: 7040
Lambda: 7.4301 / Correlation: 0.391 / Nb features: 36304
Lambda: 31.9480 / Correlation: 0.393 / Nb features: 13503
Lambda: 55.2061 / Correlation: 0.397 / Nb features: 6560
Lambda: 26.6233 / Correlation: 0.401 / Nb features: 12933
Lambda: 38.3376 / Correlation: 0.401 / Nb features: 9277
Lambda: 22.1861 / Correlation: 0.402 / Nb features: 30476
Lambda: 18.4884 / Correlation: 0.402 / Nb features: 23549
Best model correlation 0.40658146
Lambda = 15.407021574586361
Nb features: 27042
//////////////////////////////////////////////////////////////////////////////////
Final training epoch 110 for lambda 0.00000 finished. Train loss: 0.882. Correlation: 0.363
Final training epoch 9 for lambda 1.00000 finished. Train loss: 1.547. Correlation: 0.121
Final training epoch 13 for lambda 1.20000 finished. Train loss: 1.538. Correlation: 0.196
Final training epoch 25 for lambda 1.72800 finished. Train loss: 10.299. Correlation: -0.302
/home/fhervers/TFE/Code/Regression/LassoNet/lassonet/lassonet/interfaces.py:490: UserWarning: lambda_start=1.000 might be too large.
Features start to disappear at current_lambda=1.728.
  warnings.warn(
Final training epoch 55 for lambda 2.07360 finished. Train loss: 1.936. Correlation: 0.356
Final training epoch 18 for lambda 2.48832 finished. Train loss: 1.567. Correlation: 0.353
Final training epoch 11 for lambda 2.98598 finished. Train loss: 3.291. Correlation: 0.354
Final training epoch 34 for lambda 3.58318 finished. Train loss: 79.624. Correlation: 0.359
Final training epoch 20 for lambda 4.29982 finished. Train loss: 15.426. Correlation: 0.373
Final training epoch 10 for lambda 5.15978 finished. Train loss: 2.509. Correlation: 0.342
Final training epoch 30 for lambda 6.19174 finished. Train loss: 11.255. Correlation: 0.379
Final training epoch 13 for lambda 7.43008 finished. Train loss: 24.361. Correlation: 0.351
Final training epoch 16 for lambda 8.91610 finished. Train loss: 4.371. Correlation: 0.378
Final training epoch 16 for lambda 10.69932 finished. Train loss: 16.226. Correlation: 0.304
Final training epoch 11 for lambda 12.83918 finished. Train loss: 24.372. Correlation: 0.319
Final training epoch 56 for lambda 15.40702 finished. Train loss: 1.459. Correlation: 0.412
Final training epoch 14 for lambda 18.48843 finished. Train loss: 1.469. Correlation: 0.413
Final training epoch 19 for lambda 22.18611 finished. Train loss: 1.462. Correlation: 0.397
Final training epoch 41 for lambda 26.62333 finished. Train loss: 1.492. Correlation: 0.417
Final training epoch 9 for lambda 31.94800 finished. Train loss: 1.522. Correlation: 0.398
Final training epoch 27 for lambda 38.33760 finished. Train loss: 1.493. Correlation: 0.396
Final training epoch 49 for lambda 46.00512 finished. Train loss: 1.491. Correlation: 0.399
Final training epoch 32 for lambda 55.20614 finished. Train loss: 1.477. Correlation: 0.390
Final training epoch 16 for lambda 66.24737 finished. Train loss: 1.476. Correlation: 0.375
Final training epoch 26 for lambda 79.49685 finished. Train loss: 1.478. Correlation: 0.375
Final training epoch 14 for lambda 95.39622 finished. Train loss: 1.505. Correlation: 0.379
Final training epoch 11 for lambda 114.47546 finished. Train loss: 1.520. Correlation: 0.369
Final training epoch 16 for lambda 137.37055 finished. Train loss: 1.539. Correlation: 0.344
Final training epoch 9 for lambda 164.84466 finished. Train loss: 1.555. Correlation: 0.331
Final training epoch 9 for lambda 197.81359 finished. Train loss: 1.565. Correlation: 0.149
/home/fhervers/TFE/Code/Regression/LassoNet/lassonet/lassonet/interfaces.py:279: ConstantInputWarning: An input array is constant; the correlation coefficient is not defined.
  return_value = pearsonr(model(X_val).view((-1)).cpu(), y_val.view((-1)).cpu()).statistic
Final training epoch 9 for lambda 237.37631 finished. Train loss: 1.566. Correlation: nan
/home/fhervers/TFE/Code/Regression/LassoNet/lassonet/lassonet/interfaces.py:588: ConstantInputWarning: An input array is constant; the correlation coefficient is not defined.
  return pearsonr(y.cpu(), y_pred.cpu().detach()).statistic
//////////////////////////////////////////////////////////////////////////////////
Lambda: 1.7280 / Correlation: -0.302 / Nb features: 35885
Lambda: 1.0000 / Correlation: 0.121 / Nb features: 36304
Lambda: 197.8136 / Correlation: 0.149 / Nb features: 39
Lambda: 1.2000 / Correlation: 0.196 / Nb features: 36304
Lambda: 10.6993 / Correlation: 0.304 / Nb features: 36269
Lambda: 12.8392 / Correlation: 0.319 / Nb features: 30741
Lambda: 164.8447 / Correlation: 0.331 / Nb features: 268
Lambda: 5.1598 / Correlation: 0.342 / Nb features: 36304
Lambda: 137.3706 / Correlation: 0.344 / Nb features: 696
Lambda: 7.4301 / Correlation: 0.351 / Nb features: 36304
Lambda: 2.4883 / Correlation: 0.353 / Nb features: 9010
Lambda: 2.9860 / Correlation: 0.354 / Nb features: 36280
Lambda: 2.0736 / Correlation: 0.356 / Nb features: 6037
Lambda: 3.5832 / Correlation: 0.359 / Nb features: 36304
Lambda: 0.0000 / Correlation: 0.363 / Nb features: 36304
Lambda: 114.4755 / Correlation: 0.369 / Nb features: 1440
Lambda: 4.2998 / Correlation: 0.373 / Nb features: 36304
Lambda: 79.4968 / Correlation: 0.375 / Nb features: 4349
Lambda: 66.2474 / Correlation: 0.375 / Nb features: 5471
Lambda: 1.4400 / Correlation: 0.376 / Nb features: 36304
Lambda: 8.9161 / Correlation: 0.378 / Nb features: 35852
Lambda: 95.3962 / Correlation: 0.379 / Nb features: 1689
Lambda: 6.1917 / Correlation: 0.379 / Nb features: 36275
Lambda: 55.2061 / Correlation: 0.390 / Nb features: 7630
Lambda: 38.3376 / Correlation: 0.396 / Nb features: 13825
Lambda: 22.1861 / Correlation: 0.397 / Nb features: 29096
Lambda: 31.9480 / Correlation: 0.398 / Nb features: 30775
Lambda: 46.0051 / Correlation: 0.399 / Nb features: 11074
Lambda: 15.4070 / Correlation: 0.412 / Nb features: 36253
Lambda: 18.4884 / Correlation: 0.413 / Nb features: 36232
Best model correlation 0.41744015
Lambda = 26.62333328088523
Nb features: 19530
//////////////////////////////////////////////////////////////////////////////////
Final training epoch 110 for lambda 0.00000 finished. Train loss: 0.874. Correlation: 0.359
Final training epoch 62 for lambda 1.00000 finished. Train loss: 1.494. Correlation: 0.385
Final training epoch 12 for lambda 1.20000 finished. Train loss: 1.498. Correlation: 0.384
Final training epoch 28 for lambda 1.44000 finished. Train loss: 1.506. Correlation: 0.386
Final training epoch 18 for lambda 1.72800 finished. Train loss: 1.504. Correlation: 0.389
Final training epoch 25 for lambda 2.07360 finished. Train loss: 1.513. Correlation: 0.383
Final training epoch 47 for lambda 2.48832 finished. Train loss: 1.526. Correlation: 0.382
Final training epoch 42 for lambda 2.98598 finished. Train loss: 1.535. Correlation: 0.379
Final training epoch 53 for lambda 3.58318 finished. Train loss: 1.546. Correlation: 0.383
Final training epoch 43 for lambda 4.29982 finished. Train loss: 1.557. Correlation: 0.386
Final training epoch 13 for lambda 5.15978 finished. Train loss: 1.552. Correlation: 0.377
Final training epoch 40 for lambda 6.19174 finished. Train loss: 1.557. Correlation: 0.367
Final training epoch 27 for lambda 7.43008 finished. Train loss: 1.560. Correlation: 0.379
Final training epoch 25 for lambda 8.91610 finished. Train loss: 1.919. Correlation: 0.363
Final training epoch 27 for lambda 10.69932 finished. Train loss: 1.546. Correlation: 0.369
Final training epoch 27 for lambda 12.83918 finished. Train loss: 1.540. Correlation: 0.358
Final training epoch 17 for lambda 15.40702 finished. Train loss: 1.545. Correlation: 0.368
Final training epoch 45 for lambda 18.48843 finished. Train loss: 1.547. Correlation: 0.375
Final training epoch 38 for lambda 22.18611 finished. Train loss: 1.498. Correlation: 0.417
Final training epoch 20 for lambda 26.62333 finished. Train loss: 1.465. Correlation: 0.412
Final training epoch 11 for lambda 31.94800 finished. Train loss: 1.433. Correlation: 0.406
Final training epoch 48 for lambda 38.33760 finished. Train loss: 1.456. Correlation: 0.410
Final training epoch 32 for lambda 46.00512 finished. Train loss: 1.444. Correlation: 0.399
Final training epoch 21 for lambda 55.20614 finished. Train loss: 1.435. Correlation: 0.403
Final training epoch 23 for lambda 66.24737 finished. Train loss: 1.516. Correlation: 0.383
Final training epoch 27 for lambda 79.49685 finished. Train loss: 1.515. Correlation: 0.391
Final training epoch 21 for lambda 95.39622 finished. Train loss: 1.479. Correlation: 0.388
Final training epoch 26 for lambda 114.47546 finished. Train loss: 1.493. Correlation: 0.396
Final training epoch 20 for lambda 137.37055 finished. Train loss: 1.480. Correlation: 0.349
Final training epoch 25 for lambda 164.84466 finished. Train loss: 1.487. Correlation: 0.390
Final training epoch 17 for lambda 197.81359 finished. Train loss: 1.493. Correlation: 0.379
Final training epoch 12 for lambda 237.37631 finished. Train loss: 1.504. Correlation: 0.379
Final training epoch 15 for lambda 284.85158 finished. Train loss: 1.525. Correlation: 0.347
Final training epoch 20 for lambda 341.82189 finished. Train loss: 1.534. Correlation: 0.364
Final training epoch 9 for lambda 410.18627 finished. Train loss: 1.558. Correlation: 0.255
Final training epoch 12 for lambda 492.22352 finished. Train loss: 1.564. Correlation: 0.131
/home/fhervers/TFE/Code/Regression/LassoNet/lassonet/lassonet/interfaces.py:279: ConstantInputWarning: An input array is constant; the correlation coefficient is not defined.
  return_value = pearsonr(model(X_val).view((-1)).cpu(), y_val.view((-1)).cpu()).statistic
Final training epoch 14 for lambda 590.66823 finished. Train loss: 1.564. Correlation: nan
/home/fhervers/TFE/Code/Regression/LassoNet/lassonet/lassonet/interfaces.py:588: ConstantInputWarning: An input array is constant; the correlation coefficient is not defined.
  return pearsonr(y.cpu(), y_pred.cpu().detach()).statistic
//////////////////////////////////////////////////////////////////////////////////
Lambda: 492.2235 / Correlation: 0.131 / Nb features: 21
Lambda: 410.1863 / Correlation: 0.255 / Nb features: 146
Lambda: 284.8516 / Correlation: 0.347 / Nb features: 1514
Lambda: 137.3706 / Correlation: 0.349 / Nb features: 27976
Lambda: 12.8392 / Correlation: 0.358 / Nb features: 25687
Lambda: 0.0000 / Correlation: 0.359 / Nb features: 36304
Lambda: 8.9161 / Correlation: 0.363 / Nb features: 32215
Lambda: 341.8219 / Correlation: 0.364 / Nb features: 623
Lambda: 6.1917 / Correlation: 0.367 / Nb features: 36304
Lambda: 15.4070 / Correlation: 0.368 / Nb features: 15796
Lambda: 10.6993 / Correlation: 0.369 / Nb features: 24732
Lambda: 18.4884 / Correlation: 0.375 / Nb features: 36216
Lambda: 5.1598 / Correlation: 0.377 / Nb features: 36304
Lambda: 2.9860 / Correlation: 0.379 / Nb features: 36304
Lambda: 237.3763 / Correlation: 0.379 / Nb features: 1827
Lambda: 7.4301 / Correlation: 0.379 / Nb features: 36304
Lambda: 197.8136 / Correlation: 0.379 / Nb features: 2690
Lambda: 2.4883 / Correlation: 0.382 / Nb features: 36304
Lambda: 3.5832 / Correlation: 0.383 / Nb features: 36304
Lambda: 66.2474 / Correlation: 0.383 / Nb features: 36210
Lambda: 2.0736 / Correlation: 0.383 / Nb features: 36304
Lambda: 1.2000 / Correlation: 0.384 / Nb features: 36304
Lambda: 1.0000 / Correlation: 0.385 / Nb features: 36304
Lambda: 1.4400 / Correlation: 0.386 / Nb features: 36304
Lambda: 4.2998 / Correlation: 0.386 / Nb features: 36304
Lambda: 95.3962 / Correlation: 0.388 / Nb features: 10170
Lambda: 1.7280 / Correlation: 0.389 / Nb features: 36304
Lambda: 164.8447 / Correlation: 0.390 / Nb features: 4184
Lambda: 79.4968 / Correlation: 0.391 / Nb features: 22288
Lambda: 114.4755 / Correlation: 0.396 / Nb features: 8228
Lambda: 46.0051 / Correlation: 0.399 / Nb features: 20505
Lambda: 55.2061 / Correlation: 0.403 / Nb features: 18493
Lambda: 31.9480 / Correlation: 0.406 / Nb features: 33872
Lambda: 38.3376 / Correlation: 0.410 / Nb features: 23409
Lambda: 26.6233 / Correlation: 0.412 / Nb features: 35077
Best model correlation 0.4165276
Lambda = 22.186111067404358
Nb features: 30975
//////////////////////////////////////////////////////////////////////////////////
Final training epoch 104 for lambda 0.00000 finished. Train loss: 1.356. Correlation: 0.334
Final training epoch 22 for lambda 1.00000 finished. Train loss: 1.441. Correlation: 0.368
Final training epoch 11 for lambda 1.20000 finished. Train loss: 1.504. Correlation: 0.331
Final training epoch 15 for lambda 1.44000 finished. Train loss: 1.455. Correlation: 0.386
Final training epoch 12 for lambda 1.72800 finished. Train loss: 1.497. Correlation: 0.327
Final training epoch 33 for lambda 2.07360 finished. Train loss: 1.496. Correlation: 0.377
Final training epoch 24 for lambda 2.48832 finished. Train loss: 1.508. Correlation: 0.382
Final training epoch 37 for lambda 2.98598 finished. Train loss: 1.555. Correlation: 0.381
Final training epoch 16 for lambda 3.58318 finished. Train loss: 1.589. Correlation: 0.304
Final training epoch 19 for lambda 4.29982 finished. Train loss: 1.689. Correlation: 0.373
Final training epoch 23 for lambda 5.15978 finished. Train loss: 4.762. Correlation: 0.366
slurmstepd: error: *** JOB 3274487 ON compute-04 CANCELLED AT 2025-02-26T10:28:33 DUE TO TIME LIMIT ***
